[0.008s] Invoking command in '/home/shawn/Work/iitb/mrt/ros/mrt_ws/src/qr_stuff/build/qr_stuff': CMAKE_PREFIX_PATH=/home/shawn/Work/iitb/mrt/ros/mrt_ws/install/week0_tutorials:/home/shawn/Work/iitb/mrt/ros/mrt_ws/install/sauron:/home/shawn/Work/iitb/mrt/ros/mrt_ws/install/qr_serve:/opt/ros/humble /usr/bin/cmake /home/shawn/Work/iitb/mrt/ros/mrt_ws/src/qr_stuff -DCMAKE_INSTALL_PREFIX=/home/shawn/Work/iitb/mrt/ros/mrt_ws/src/qr_stuff/install/qr_stuff
[0.123s] -- The C compiler identification is GNU 11.4.0
[0.218s] -- The CXX compiler identification is GNU 11.4.0
[0.225s] -- Detecting C compiler ABI info
[0.299s] -- Detecting C compiler ABI info - done
[0.308s] -- Check for working C compiler: /usr/bin/cc - skipped
[0.310s] -- Detecting C compile features
[0.311s] -- Detecting C compile features - done
[0.315s] -- Detecting CXX compiler ABI info
[0.398s] -- Detecting CXX compiler ABI info - done
[0.403s] -- Check for working CXX compiler: /usr/bin/c++ - skipped
[0.403s] -- Detecting CXX compile features
[0.403s] -- Detecting CXX compile features - done
[0.408s] -- Found ament_cmake: 1.3.10 (/opt/ros/humble/share/ament_cmake/cmake)
[0.541s] -- Found Python3: /usr/bin/python3 (found version "3.10.12") found components: Interpreter 
[0.615s] -- Found ament_lint_auto: 0.12.11 (/opt/ros/humble/share/ament_lint_auto/cmake)
[0.685s] -- Found geometry_msgs: 4.2.4 (/opt/ros/humble/share/geometry_msgs/cmake)
[0.712s] -- Found rosidl_generator_c: 3.1.5 (/opt/ros/humble/share/rosidl_generator_c/cmake)
[0.715s] -- Found rosidl_adapter: 3.1.5 (/opt/ros/humble/share/rosidl_adapter/cmake)
[0.721s] -- Found rosidl_generator_cpp: 3.1.5 (/opt/ros/humble/share/rosidl_generator_cpp/cmake)
[0.730s] -- Using all available rosidl_typesupport_c: rosidl_typesupport_fastrtps_c;rosidl_typesupport_introspection_c
[0.742s] -- Using all available rosidl_typesupport_cpp: rosidl_typesupport_fastrtps_cpp;rosidl_typesupport_introspection_cpp
[0.772s] -- Found rosidl_default_generators: 1.2.0 (/opt/ros/humble/share/rosidl_default_generators/cmake)
[0.778s] [31mCMake Error at /opt/ros/humble/share/rosidl_cmake/cmake/rosidl_generate_interfaces.cmake:93 (message):
[0.778s]   rosidl_generate_interfaces() the passed file 'srv/AddThreeInts.srv' doesn't
[0.778s]   exist relative to the CMAKE_CURRENT_SOURCE_DIR
[0.778s]   '/home/shawn/Work/iitb/mrt/ros/mrt_ws/src/qr_stuff'
[0.778s] Call Stack (most recent call first):
[0.778s]   CMakeLists.txt:29 (rosidl_generate_interfaces)
[0.778s] 
[0.778s] [0m
[0.778s] -- Configuring incomplete, errors occurred!
[0.778s] See also "/home/shawn/Work/iitb/mrt/ros/mrt_ws/src/qr_stuff/build/qr_stuff/CMakeFiles/CMakeOutput.log".
[0.781s] Invoked command in '/home/shawn/Work/iitb/mrt/ros/mrt_ws/src/qr_stuff/build/qr_stuff' returned '1': CMAKE_PREFIX_PATH=/home/shawn/Work/iitb/mrt/ros/mrt_ws/install/week0_tutorials:/home/shawn/Work/iitb/mrt/ros/mrt_ws/install/sauron:/home/shawn/Work/iitb/mrt/ros/mrt_ws/install/qr_serve:/opt/ros/humble /usr/bin/cmake /home/shawn/Work/iitb/mrt/ros/mrt_ws/src/qr_stuff -DCMAKE_INSTALL_PREFIX=/home/shawn/Work/iitb/mrt/ros/mrt_ws/src/qr_stuff/install/qr_stuff
