-- Found ament_cmake: 1.3.10 (/opt/ros/humble/share/ament_cmake/cmake)
-- Found ament_lint_auto: 0.12.11 (/opt/ros/humble/share/ament_lint_auto/cmake)
-- Found geometry_msgs: 4.2.4 (/opt/ros/humble/share/geometry_msgs/cmake)
-- Found rosidl_generator_c: 3.1.5 (/opt/ros/humble/share/rosidl_generator_c/cmake)
-- Found rosidl_adapter: 3.1.5 (/opt/ros/humble/share/rosidl_adapter/cmake)
-- Found rosidl_generator_cpp: 3.1.5 (/opt/ros/humble/share/rosidl_generator_cpp/cmake)
-- Using all available rosidl_typesupport_c: rosidl_typesupport_fastrtps_c;rosidl_typesupport_introspection_c
-- Using all available rosidl_typesupport_cpp: rosidl_typesupport_fastrtps_cpp;rosidl_typesupport_introspection_cpp
-- Found rosidl_default_generators: 1.2.0 (/opt/ros/humble/share/rosidl_default_generators/cmake)
-- Found ament_cmake_ros: 0.10.0 (/opt/ros/humble/share/ament_cmake_ros/cmake)
-- Using all available rosidl_typesupport_c: rosidl_typesupport_fastrtps_c;rosidl_typesupport_introspection_c
-- Using all available rosidl_typesupport_cpp: rosidl_typesupport_fastrtps_cpp;rosidl_typesupport_introspection_cpp
-- Found PythonInterp: /usr/bin/python3 (found suitable version "3.10.12", minimum required is "3.6") 
-- Found python_cmake_module: 0.10.0 (/opt/ros/humble/share/python_cmake_module/cmake)
-- Found PythonLibs: /usr/lib/x86_64-linux-gnu/libpython3.10.so (found suitable version "3.10.12", minimum required is "3.5") 
-- Using PYTHON_EXECUTABLE: /usr/bin/python3
-- Using PYTHON_INCLUDE_DIRS: /usr/include/python3.10
-- Using PYTHON_LIBRARIES: /usr/lib/x86_64-linux-gnu/libpython3.10.so
-- Found PythonExtra: .so  
-- Added test 'cppcheck' to perform static code analysis on C / C++ code
-- Configured cppcheck include dirs: $<BUILD_INTERFACE:/home/shawn/Work/iitb/mrt/ros/mrt_ws/src/qr_stuff/build/qr_stuff/rosidl_generator_c>;$<BUILD_INTERFACE:/home/shawn/Work/iitb/mrt/ros/mrt_ws/src/qr_stuff/build/qr_stuff/rosidl_typesupport_fastrtps_c>;$<BUILD_INTERFACE:/home/shawn/Work/iitb/mrt/ros/mrt_ws/src/qr_stuff/build/qr_stuff/rosidl_generator_cpp>;$<BUILD_INTERFACE:/home/shawn/Work/iitb/mrt/ros/mrt_ws/src/qr_stuff/build/qr_stuff/rosidl_typesupport_fastrtps_cpp>;$<BUILD_INTERFACE:/home/shawn/Work/iitb/mrt/ros/mrt_ws/src/qr_stuff/build/qr_stuff/rosidl_typesupport_introspection_c>;$<BUILD_INTERFACE:/home/shawn/Work/iitb/mrt/ros/mrt_ws/src/qr_stuff/build/qr_stuff/rosidl_typesupport_introspection_cpp>;/home/shawn/Work/iitb/mrt/ros/mrt_ws/src/qr_stuff/build/qr_stuff/rosidl_generator_c;/home/shawn/Work/iitb/mrt/ros/mrt_ws/src/qr_stuff/build/qr_stuff/rosidl_generator_py
-- Configured cppcheck exclude dirs and/or files: 
-- Added test 'flake8' to check Python code syntax and style conventions
-- Added test 'lint_cmake' to check CMake code style
-- Added test 'pep257' to check Python code against some of the docstring style conventions in PEP 257
-- Added test 'uncrustify' to check C / C++ code style
-- Configured uncrustify additional arguments: 
-- Added test 'xmllint' to check XML markup files
-- Configuring done
-- Generating done
-- Build files have been written to: /home/shawn/Work/iitb/mrt/ros/mrt_ws/src/qr_stuff/build/qr_stuff
[  2%] [34m[1mGenerating C code for ROS interfaces[0m
[  4%] [34m[1mGenerating C++ code for ROS interfaces[0m
[  4%] Built target ament_cmake_python_copy_qr_stuff
running egg_info
creating qr_stuff.egg-info
writing qr_stuff.egg-info/PKG-INFO
writing dependency_links to qr_stuff.egg-info/dependency_links.txt
writing top-level names to qr_stuff.egg-info/top_level.txt
writing manifest file 'qr_stuff.egg-info/SOURCES.txt'
reading manifest file 'qr_stuff.egg-info/SOURCES.txt'
writing manifest file 'qr_stuff.egg-info/SOURCES.txt'
[  4%] Built target ament_cmake_python_build_qr_stuff_egg
[  4%] Built target qr_stuff__cpp
[  8%] [34m[1mGenerating C++ type support for eProsima Fast-RTPS[0m
[  8%] [34m[1mGenerating C++ introspection for ROS interfaces[0m
[ 10%] [34m[1mGenerating C++ type support dispatch for ROS interfaces[0m
[ 17%] [32mBuilding C object CMakeFiles/qr_stuff__rosidl_generator_c.dir/rosidl_generator_c/qr_stuff/msg/detail/sphere__functions.c.o[0m
[ 17%] [32mBuilding C object CMakeFiles/qr_stuff__rosidl_generator_c.dir/rosidl_generator_c/qr_stuff/srv/detail/add_three_ints__functions.c.o[0m
[ 17%] [32mBuilding C object CMakeFiles/qr_stuff__rosidl_generator_c.dir/rosidl_generator_c/qr_stuff/msg/detail/num__functions.c.o[0m
[ 19%] [32m[1mLinking C shared library libqr_stuff__rosidl_generator_c.so[0m
[ 19%] Built target qr_stuff__rosidl_generator_c
[ 23%] [34m[1mGenerating C introspection for ROS interfaces[0m
[ 23%] [34m[1mGenerating C type support dispatch for ROS interfaces[0m
[ 25%] [34m[1mGenerating C type support for eProsima Fast-RTPS[0m
[ 27%] [32mBuilding CXX object CMakeFiles/qr_stuff__rosidl_typesupport_cpp.dir/rosidl_typesupport_cpp/qr_stuff/srv/add_three_ints__type_support.cpp.o[0m
[ 29%] [32mBuilding CXX object CMakeFiles/qr_stuff__rosidl_typesupport_cpp.dir/rosidl_typesupport_cpp/qr_stuff/msg/sphere__type_support.cpp.o[0m
[ 31%] [32mBuilding CXX object CMakeFiles/qr_stuff__rosidl_typesupport_cpp.dir/rosidl_typesupport_cpp/qr_stuff/msg/num__type_support.cpp.o[0m
[ 34%] [32mBuilding CXX object CMakeFiles/qr_stuff__rosidl_typesupport_introspection_cpp.dir/rosidl_typesupport_introspection_cpp/qr_stuff/msg/detail/sphere__type_support.cpp.o[0m
[ 36%] [32mBuilding CXX object CMakeFiles/qr_stuff__rosidl_typesupport_introspection_cpp.dir/rosidl_typesupport_introspection_cpp/qr_stuff/srv/detail/add_three_ints__type_support.cpp.o[0m
[ 38%] [32mBuilding CXX object CMakeFiles/qr_stuff__rosidl_typesupport_introspection_cpp.dir/rosidl_typesupport_introspection_cpp/qr_stuff/msg/detail/num__type_support.cpp.o[0m
[ 40%] [32mBuilding CXX object CMakeFiles/qr_stuff__rosidl_typesupport_fastrtps_cpp.dir/rosidl_typesupport_fastrtps_cpp/qr_stuff/msg/detail/dds_fastrtps/num__type_support.cpp.o[0m
[ 42%] [32mBuilding CXX object CMakeFiles/qr_stuff__rosidl_typesupport_fastrtps_cpp.dir/rosidl_typesupport_fastrtps_cpp/qr_stuff/msg/detail/dds_fastrtps/sphere__type_support.cpp.o[0m
[ 44%] [32mBuilding CXX object CMakeFiles/qr_stuff__rosidl_typesupport_fastrtps_cpp.dir/rosidl_typesupport_fastrtps_cpp/qr_stuff/srv/detail/dds_fastrtps/add_three_ints__type_support.cpp.o[0m
[ 51%] [32mBuilding CXX object CMakeFiles/qr_stuff__rosidl_typesupport_c.dir/rosidl_typesupport_c/qr_stuff/msg/sphere__type_support.cpp.o[0m
[ 51%] [32mBuilding CXX object CMakeFiles/qr_stuff__rosidl_typesupport_c.dir/rosidl_typesupport_c/qr_stuff/msg/num__type_support.cpp.o[0m
[ 51%] [32mBuilding CXX object CMakeFiles/qr_stuff__rosidl_typesupport_c.dir/rosidl_typesupport_c/qr_stuff/srv/add_three_ints__type_support.cpp.o[0m
[ 53%] [32m[1mLinking CXX shared library libqr_stuff__rosidl_typesupport_c.so[0m
[ 55%] [32mBuilding CXX object CMakeFiles/qr_stuff__rosidl_typesupport_fastrtps_c.dir/rosidl_typesupport_fastrtps_c/qr_stuff/msg/detail/num__type_support_c.cpp.o[0m
[ 57%] [32mBuilding CXX object CMakeFiles/qr_stuff__rosidl_typesupport_fastrtps_c.dir/rosidl_typesupport_fastrtps_c/qr_stuff/srv/detail/add_three_ints__type_support_c.cpp.o[0m
[ 59%] [32mBuilding CXX object CMakeFiles/qr_stuff__rosidl_typesupport_fastrtps_c.dir/rosidl_typesupport_fastrtps_c/qr_stuff/msg/detail/sphere__type_support_c.cpp.o[0m
[ 65%] [32mBuilding C object CMakeFiles/qr_stuff__rosidl_typesupport_introspection_c.dir/rosidl_typesupport_introspection_c/qr_stuff/msg/detail/sphere__type_support.c.o[0m
[ 65%] [32mBuilding C object CMakeFiles/qr_stuff__rosidl_typesupport_introspection_c.dir/rosidl_typesupport_introspection_c/qr_stuff/msg/detail/num__type_support.c.o[0m
[ 65%] [32mBuilding C object CMakeFiles/qr_stuff__rosidl_typesupport_introspection_c.dir/rosidl_typesupport_introspection_c/qr_stuff/srv/detail/add_three_ints__type_support.c.o[0m
[ 65%] Built target qr_stuff__rosidl_typesupport_c
[ 68%] [32m[1mLinking C shared library libqr_stuff__rosidl_typesupport_introspection_c.so[0m
[ 68%] Built target qr_stuff__rosidl_typesupport_introspection_c
[ 70%] [32m[1mLinking CXX shared library libqr_stuff__rosidl_typesupport_cpp.so[0m
[ 70%] Built target qr_stuff__rosidl_typesupport_cpp
[ 72%] [32m[1mLinking CXX shared library libqr_stuff__rosidl_typesupport_fastrtps_c.so[0m
[ 74%] [32m[1mLinking CXX shared library libqr_stuff__rosidl_typesupport_introspection_cpp.so[0m
[ 76%] [32m[1mLinking CXX shared library libqr_stuff__rosidl_typesupport_fastrtps_cpp.so[0m
[ 76%] Built target qr_stuff__rosidl_typesupport_fastrtps_c
[ 76%] Built target qr_stuff__rosidl_typesupport_introspection_cpp
[ 76%] Built target qr_stuff__rosidl_typesupport_fastrtps_cpp
[ 76%] Built target qr_stuff
[ 78%] [34m[1mGenerating Python code for ROS interfaces[0m
[ 78%] Built target qr_stuff__py
[ 80%] [32mBuilding C object CMakeFiles/qr_stuff__rosidl_generator_py.dir/rosidl_generator_py/qr_stuff/msg/_num_s.c.o[0m
[ 82%] [32mBuilding C object CMakeFiles/qr_stuff__rosidl_generator_py.dir/rosidl_generator_py/qr_stuff/srv/_add_three_ints_s.c.o[0m
[ 85%] [32mBuilding C object CMakeFiles/qr_stuff__rosidl_generator_py.dir/rosidl_generator_py/qr_stuff/msg/_sphere_s.c.o[0m
[ 87%] [32m[1mLinking C shared library rosidl_generator_py/qr_stuff/libqr_stuff__rosidl_generator_py.so[0m
[ 87%] Built target qr_stuff__rosidl_generator_py
[ 89%] [32mBuilding C object CMakeFiles/qr_stuff__rosidl_typesupport_fastrtps_c__pyext.dir/rosidl_generator_py/qr_stuff/_qr_stuff_s.ep.rosidl_typesupport_fastrtps_c.c.o[0m
[ 91%] [32mBuilding C object CMakeFiles/qr_stuff__rosidl_typesupport_c__pyext.dir/rosidl_generator_py/qr_stuff/_qr_stuff_s.ep.rosidl_typesupport_c.c.o[0m
[ 93%] [32mBuilding C object CMakeFiles/qr_stuff__rosidl_typesupport_introspection_c__pyext.dir/rosidl_generator_py/qr_stuff/_qr_stuff_s.ep.rosidl_typesupport_introspection_c.c.o[0m
[ 95%] [32m[1mLinking C shared library rosidl_generator_py/qr_stuff/qr_stuff_s__rosidl_typesupport_c.cpython-310-x86_64-linux-gnu.so[0m
[ 97%] [32m[1mLinking C shared library rosidl_generator_py/qr_stuff/qr_stuff_s__rosidl_typesupport_fastrtps_c.cpython-310-x86_64-linux-gnu.so[0m
[100%] [32m[1mLinking C shared library rosidl_generator_py/qr_stuff/qr_stuff_s__rosidl_typesupport_introspection_c.cpython-310-x86_64-linux-gnu.so[0m
[100%] Built target qr_stuff__rosidl_typesupport_fastrtps_c__pyext
[100%] Built target qr_stuff__rosidl_typesupport_introspection_c__pyext
[100%] Built target qr_stuff__rosidl_typesupport_c__pyext
-- Install configuration: ""
-- Installing: /home/shawn/Work/iitb/mrt/ros/mrt_ws/src/qr_stuff/install/qr_stuff/share/ament_index/resource_index/rosidl_interfaces/qr_stuff
-- Installing: /home/shawn/Work/iitb/mrt/ros/mrt_ws/src/qr_stuff/install/qr_stuff/include/qr_stuff/qr_stuff
-- Installing: /home/shawn/Work/iitb/mrt/ros/mrt_ws/src/qr_stuff/install/qr_stuff/include/qr_stuff/qr_stuff/srv
-- Installing: /home/shawn/Work/iitb/mrt/ros/mrt_ws/src/qr_stuff/install/qr_stuff/include/qr_stuff/qr_stuff/srv/add_three_ints.h
-- Installing: /home/shawn/Work/iitb/mrt/ros/mrt_ws/src/qr_stuff/install/qr_stuff/include/qr_stuff/qr_stuff/srv/detail
-- Installing: /home/shawn/Work/iitb/mrt/ros/mrt_ws/src/qr_stuff/install/qr_stuff/include/qr_stuff/qr_stuff/srv/detail/add_three_ints__type_support.h
-- Installing: /home/shawn/Work/iitb/mrt/ros/mrt_ws/src/qr_stuff/install/qr_stuff/include/qr_stuff/qr_stuff/srv/detail/add_three_ints__functions.c
-- Installing: /home/shawn/Work/iitb/mrt/ros/mrt_ws/src/qr_stuff/install/qr_stuff/include/qr_stuff/qr_stuff/srv/detail/add_three_ints__functions.h
-- Installing: /home/shawn/Work/iitb/mrt/ros/mrt_ws/src/qr_stuff/install/qr_stuff/include/qr_stuff/qr_stuff/srv/detail/add_three_ints__struct.h
-- Installing: /home/shawn/Work/iitb/mrt/ros/mrt_ws/src/qr_stuff/install/qr_stuff/include/qr_stuff/qr_stuff/msg
-- Installing: /home/shawn/Work/iitb/mrt/ros/mrt_ws/src/qr_stuff/install/qr_stuff/include/qr_stuff/qr_stuff/msg/detail
-- Installing: /home/shawn/Work/iitb/mrt/ros/mrt_ws/src/qr_stuff/install/qr_stuff/include/qr_stuff/qr_stuff/msg/detail/sphere__type_support.h
-- Installing: /home/shawn/Work/iitb/mrt/ros/mrt_ws/src/qr_stuff/install/qr_stuff/include/qr_stuff/qr_stuff/msg/detail/sphere__functions.h
-- Installing: /home/shawn/Work/iitb/mrt/ros/mrt_ws/src/qr_stuff/install/qr_stuff/include/qr_stuff/qr_stuff/msg/detail/sphere__functions.c
-- Installing: /home/shawn/Work/iitb/mrt/ros/mrt_ws/src/qr_stuff/install/qr_stuff/include/qr_stuff/qr_stuff/msg/detail/num__functions.h
-- Installing: /home/shawn/Work/iitb/mrt/ros/mrt_ws/src/qr_stuff/install/qr_stuff/include/qr_stuff/qr_stuff/msg/detail/num__struct.h
-- Installing: /home/shawn/Work/iitb/mrt/ros/mrt_ws/src/qr_stuff/install/qr_stuff/include/qr_stuff/qr_stuff/msg/detail/num__type_support.h
-- Installing: /home/shawn/Work/iitb/mrt/ros/mrt_ws/src/qr_stuff/install/qr_stuff/include/qr_stuff/qr_stuff/msg/detail/sphere__struct.h
-- Installing: /home/shawn/Work/iitb/mrt/ros/mrt_ws/src/qr_stuff/install/qr_stuff/include/qr_stuff/qr_stuff/msg/detail/num__functions.c
-- Installing: /home/shawn/Work/iitb/mrt/ros/mrt_ws/src/qr_stuff/install/qr_stuff/include/qr_stuff/qr_stuff/msg/sphere.h
-- Installing: /home/shawn/Work/iitb/mrt/ros/mrt_ws/src/qr_stuff/install/qr_stuff/include/qr_stuff/qr_stuff/msg/num.h
-- Installing: /home/shawn/Work/iitb/mrt/ros/mrt_ws/src/qr_stuff/install/qr_stuff/include/qr_stuff/qr_stuff/msg/rosidl_generator_c__visibility_control.h
-- Installing: /home/shawn/Work/iitb/mrt/ros/mrt_ws/src/qr_stuff/install/qr_stuff/share/qr_stuff/environment/library_path.sh
-- Installing: /home/shawn/Work/iitb/mrt/ros/mrt_ws/src/qr_stuff/install/qr_stuff/share/qr_stuff/environment/library_path.dsv
-- Installing: /home/shawn/Work/iitb/mrt/ros/mrt_ws/src/qr_stuff/install/qr_stuff/lib/libqr_stuff__rosidl_generator_c.so
-- Set runtime path of "/home/shawn/Work/iitb/mrt/ros/mrt_ws/src/qr_stuff/install/qr_stuff/lib/libqr_stuff__rosidl_generator_c.so" to ""
-- Up-to-date: /home/shawn/Work/iitb/mrt/ros/mrt_ws/src/qr_stuff/install/qr_stuff/include/qr_stuff/qr_stuff
-- Up-to-date: /home/shawn/Work/iitb/mrt/ros/mrt_ws/src/qr_stuff/install/qr_stuff/include/qr_stuff/qr_stuff/srv
-- Up-to-date: /home/shawn/Work/iitb/mrt/ros/mrt_ws/src/qr_stuff/install/qr_stuff/include/qr_stuff/qr_stuff/srv/detail
-- Installing: /home/shawn/Work/iitb/mrt/ros/mrt_ws/src/qr_stuff/install/qr_stuff/include/qr_stuff/qr_stuff/srv/detail/add_three_ints__rosidl_typesupport_fastrtps_c.h
-- Up-to-date: /home/shawn/Work/iitb/mrt/ros/mrt_ws/src/qr_stuff/install/qr_stuff/include/qr_stuff/qr_stuff/msg
-- Up-to-date: /home/shawn/Work/iitb/mrt/ros/mrt_ws/src/qr_stuff/install/qr_stuff/include/qr_stuff/qr_stuff/msg/detail
-- Installing: /home/shawn/Work/iitb/mrt/ros/mrt_ws/src/qr_stuff/install/qr_stuff/include/qr_stuff/qr_stuff/msg/detail/sphere__rosidl_typesupport_fastrtps_c.h
-- Installing: /home/shawn/Work/iitb/mrt/ros/mrt_ws/src/qr_stuff/install/qr_stuff/include/qr_stuff/qr_stuff/msg/detail/num__rosidl_typesupport_fastrtps_c.h
-- Installing: /home/shawn/Work/iitb/mrt/ros/mrt_ws/src/qr_stuff/install/qr_stuff/include/qr_stuff/qr_stuff/msg/rosidl_typesupport_fastrtps_c__visibility_control.h
-- Installing: /home/shawn/Work/iitb/mrt/ros/mrt_ws/src/qr_stuff/install/qr_stuff/lib/libqr_stuff__rosidl_typesupport_fastrtps_c.so
-- Set runtime path of "/home/shawn/Work/iitb/mrt/ros/mrt_ws/src/qr_stuff/install/qr_stuff/lib/libqr_stuff__rosidl_typesupport_fastrtps_c.so" to ""
-- Up-to-date: /home/shawn/Work/iitb/mrt/ros/mrt_ws/src/qr_stuff/install/qr_stuff/include/qr_stuff/qr_stuff
-- Up-to-date: /home/shawn/Work/iitb/mrt/ros/mrt_ws/src/qr_stuff/install/qr_stuff/include/qr_stuff/qr_stuff/srv
-- Installing: /home/shawn/Work/iitb/mrt/ros/mrt_ws/src/qr_stuff/install/qr_stuff/include/qr_stuff/qr_stuff/srv/add_three_ints.hpp
-- Up-to-date: /home/shawn/Work/iitb/mrt/ros/mrt_ws/src/qr_stuff/install/qr_stuff/include/qr_stuff/qr_stuff/srv/detail
-- Installing: /home/shawn/Work/iitb/mrt/ros/mrt_ws/src/qr_stuff/install/qr_stuff/include/qr_stuff/qr_stuff/srv/detail/add_three_ints__builder.hpp
-- Installing: /home/shawn/Work/iitb/mrt/ros/mrt_ws/src/qr_stuff/install/qr_stuff/include/qr_stuff/qr_stuff/srv/detail/add_three_ints__traits.hpp
-- Installing: /home/shawn/Work/iitb/mrt/ros/mrt_ws/src/qr_stuff/install/qr_stuff/include/qr_stuff/qr_stuff/srv/detail/add_three_ints__struct.hpp
-- Up-to-date: /home/shawn/Work/iitb/mrt/ros/mrt_ws/src/qr_stuff/install/qr_stuff/include/qr_stuff/qr_stuff/msg
-- Up-to-date: /home/shawn/Work/iitb/mrt/ros/mrt_ws/src/qr_stuff/install/qr_stuff/include/qr_stuff/qr_stuff/msg/detail
-- Installing: /home/shawn/Work/iitb/mrt/ros/mrt_ws/src/qr_stuff/install/qr_stuff/include/qr_stuff/qr_stuff/msg/detail/sphere__struct.hpp
-- Installing: /home/shawn/Work/iitb/mrt/ros/mrt_ws/src/qr_stuff/install/qr_stuff/include/qr_stuff/qr_stuff/msg/detail/num__struct.hpp
-- Installing: /home/shawn/Work/iitb/mrt/ros/mrt_ws/src/qr_stuff/install/qr_stuff/include/qr_stuff/qr_stuff/msg/detail/sphere__traits.hpp
-- Installing: /home/shawn/Work/iitb/mrt/ros/mrt_ws/src/qr_stuff/install/qr_stuff/include/qr_stuff/qr_stuff/msg/detail/num__traits.hpp
-- Installing: /home/shawn/Work/iitb/mrt/ros/mrt_ws/src/qr_stuff/install/qr_stuff/include/qr_stuff/qr_stuff/msg/detail/num__builder.hpp
-- Installing: /home/shawn/Work/iitb/mrt/ros/mrt_ws/src/qr_stuff/install/qr_stuff/include/qr_stuff/qr_stuff/msg/detail/sphere__builder.hpp
-- Installing: /home/shawn/Work/iitb/mrt/ros/mrt_ws/src/qr_stuff/install/qr_stuff/include/qr_stuff/qr_stuff/msg/sphere.hpp
-- Installing: /home/shawn/Work/iitb/mrt/ros/mrt_ws/src/qr_stuff/install/qr_stuff/include/qr_stuff/qr_stuff/msg/num.hpp
-- Up-to-date: /home/shawn/Work/iitb/mrt/ros/mrt_ws/src/qr_stuff/install/qr_stuff/include/qr_stuff/qr_stuff
-- Up-to-date: /home/shawn/Work/iitb/mrt/ros/mrt_ws/src/qr_stuff/install/qr_stuff/include/qr_stuff/qr_stuff/srv
-- Up-to-date: /home/shawn/Work/iitb/mrt/ros/mrt_ws/src/qr_stuff/install/qr_stuff/include/qr_stuff/qr_stuff/srv/detail
-- Installing: /home/shawn/Work/iitb/mrt/ros/mrt_ws/src/qr_stuff/install/qr_stuff/include/qr_stuff/qr_stuff/srv/detail/dds_fastrtps
-- Installing: /home/shawn/Work/iitb/mrt/ros/mrt_ws/src/qr_stuff/install/qr_stuff/include/qr_stuff/qr_stuff/srv/detail/add_three_ints__rosidl_typesupport_fastrtps_cpp.hpp
-- Up-to-date: /home/shawn/Work/iitb/mrt/ros/mrt_ws/src/qr_stuff/install/qr_stuff/include/qr_stuff/qr_stuff/msg
-- Installing: /home/shawn/Work/iitb/mrt/ros/mrt_ws/src/qr_stuff/install/qr_stuff/include/qr_stuff/qr_stuff/msg/rosidl_typesupport_fastrtps_cpp__visibility_control.h
-- Up-to-date: /home/shawn/Work/iitb/mrt/ros/mrt_ws/src/qr_stuff/install/qr_stuff/include/qr_stuff/qr_stuff/msg/detail
-- Installing: /home/shawn/Work/iitb/mrt/ros/mrt_ws/src/qr_stuff/install/qr_stuff/include/qr_stuff/qr_stuff/msg/detail/sphere__rosidl_typesupport_fastrtps_cpp.hpp
-- Installing: /home/shawn/Work/iitb/mrt/ros/mrt_ws/src/qr_stuff/install/qr_stuff/include/qr_stuff/qr_stuff/msg/detail/dds_fastrtps
-- Installing: /home/shawn/Work/iitb/mrt/ros/mrt_ws/src/qr_stuff/install/qr_stuff/include/qr_stuff/qr_stuff/msg/detail/num__rosidl_typesupport_fastrtps_cpp.hpp
-- Installing: /home/shawn/Work/iitb/mrt/ros/mrt_ws/src/qr_stuff/install/qr_stuff/lib/libqr_stuff__rosidl_typesupport_fastrtps_cpp.so
-- Set runtime path of "/home/shawn/Work/iitb/mrt/ros/mrt_ws/src/qr_stuff/install/qr_stuff/lib/libqr_stuff__rosidl_typesupport_fastrtps_cpp.so" to ""
-- Up-to-date: /home/shawn/Work/iitb/mrt/ros/mrt_ws/src/qr_stuff/install/qr_stuff/include/qr_stuff/qr_stuff
-- Up-to-date: /home/shawn/Work/iitb/mrt/ros/mrt_ws/src/qr_stuff/install/qr_stuff/include/qr_stuff/qr_stuff/srv
-- Up-to-date: /home/shawn/Work/iitb/mrt/ros/mrt_ws/src/qr_stuff/install/qr_stuff/include/qr_stuff/qr_stuff/srv/detail
-- Installing: /home/shawn/Work/iitb/mrt/ros/mrt_ws/src/qr_stuff/install/qr_stuff/include/qr_stuff/qr_stuff/srv/detail/add_three_ints__type_support.c
-- Installing: /home/shawn/Work/iitb/mrt/ros/mrt_ws/src/qr_stuff/install/qr_stuff/include/qr_stuff/qr_stuff/srv/detail/add_three_ints__rosidl_typesupport_introspection_c.h
-- Up-to-date: /home/shawn/Work/iitb/mrt/ros/mrt_ws/src/qr_stuff/install/qr_stuff/include/qr_stuff/qr_stuff/msg
-- Up-to-date: /home/shawn/Work/iitb/mrt/ros/mrt_ws/src/qr_stuff/install/qr_stuff/include/qr_stuff/qr_stuff/msg/detail
-- Installing: /home/shawn/Work/iitb/mrt/ros/mrt_ws/src/qr_stuff/install/qr_stuff/include/qr_stuff/qr_stuff/msg/detail/num__type_support.c
-- Installing: /home/shawn/Work/iitb/mrt/ros/mrt_ws/src/qr_stuff/install/qr_stuff/include/qr_stuff/qr_stuff/msg/detail/sphere__type_support.c
-- Installing: /home/shawn/Work/iitb/mrt/ros/mrt_ws/src/qr_stuff/install/qr_stuff/include/qr_stuff/qr_stuff/msg/detail/sphere__rosidl_typesupport_introspection_c.h
-- Installing: /home/shawn/Work/iitb/mrt/ros/mrt_ws/src/qr_stuff/install/qr_stuff/include/qr_stuff/qr_stuff/msg/detail/num__rosidl_typesupport_introspection_c.h
-- Installing: /home/shawn/Work/iitb/mrt/ros/mrt_ws/src/qr_stuff/install/qr_stuff/include/qr_stuff/qr_stuff/msg/rosidl_typesupport_introspection_c__visibility_control.h
-- Installing: /home/shawn/Work/iitb/mrt/ros/mrt_ws/src/qr_stuff/install/qr_stuff/lib/libqr_stuff__rosidl_typesupport_introspection_c.so
-- Set runtime path of "/home/shawn/Work/iitb/mrt/ros/mrt_ws/src/qr_stuff/install/qr_stuff/lib/libqr_stuff__rosidl_typesupport_introspection_c.so" to ""
-- Installing: /home/shawn/Work/iitb/mrt/ros/mrt_ws/src/qr_stuff/install/qr_stuff/lib/libqr_stuff__rosidl_typesupport_c.so
-- Set runtime path of "/home/shawn/Work/iitb/mrt/ros/mrt_ws/src/qr_stuff/install/qr_stuff/lib/libqr_stuff__rosidl_typesupport_c.so" to ""
-- Up-to-date: /home/shawn/Work/iitb/mrt/ros/mrt_ws/src/qr_stuff/install/qr_stuff/include/qr_stuff/qr_stuff
-- Up-to-date: /home/shawn/Work/iitb/mrt/ros/mrt_ws/src/qr_stuff/install/qr_stuff/include/qr_stuff/qr_stuff/srv
-- Up-to-date: /home/shawn/Work/iitb/mrt/ros/mrt_ws/src/qr_stuff/install/qr_stuff/include/qr_stuff/qr_stuff/srv/detail
-- Installing: /home/shawn/Work/iitb/mrt/ros/mrt_ws/src/qr_stuff/install/qr_stuff/include/qr_stuff/qr_stuff/srv/detail/add_three_ints__type_support.cpp
-- Installing: /home/shawn/Work/iitb/mrt/ros/mrt_ws/src/qr_stuff/install/qr_stuff/include/qr_stuff/qr_stuff/srv/detail/add_three_ints__rosidl_typesupport_introspection_cpp.hpp
-- Up-to-date: /home/shawn/Work/iitb/mrt/ros/mrt_ws/src/qr_stuff/install/qr_stuff/include/qr_stuff/qr_stuff/msg
-- Up-to-date: /home/shawn/Work/iitb/mrt/ros/mrt_ws/src/qr_stuff/install/qr_stuff/include/qr_stuff/qr_stuff/msg/detail
-- Installing: /home/shawn/Work/iitb/mrt/ros/mrt_ws/src/qr_stuff/install/qr_stuff/include/qr_stuff/qr_stuff/msg/detail/sphere__rosidl_typesupport_introspection_cpp.hpp
-- Installing: /home/shawn/Work/iitb/mrt/ros/mrt_ws/src/qr_stuff/install/qr_stuff/include/qr_stuff/qr_stuff/msg/detail/sphere__type_support.cpp
-- Installing: /home/shawn/Work/iitb/mrt/ros/mrt_ws/src/qr_stuff/install/qr_stuff/include/qr_stuff/qr_stuff/msg/detail/num__type_support.cpp
-- Installing: /home/shawn/Work/iitb/mrt/ros/mrt_ws/src/qr_stuff/install/qr_stuff/include/qr_stuff/qr_stuff/msg/detail/num__rosidl_typesupport_introspection_cpp.hpp
-- Installing: /home/shawn/Work/iitb/mrt/ros/mrt_ws/src/qr_stuff/install/qr_stuff/lib/libqr_stuff__rosidl_typesupport_introspection_cpp.so
-- Set runtime path of "/home/shawn/Work/iitb/mrt/ros/mrt_ws/src/qr_stuff/install/qr_stuff/lib/libqr_stuff__rosidl_typesupport_introspection_cpp.so" to ""
-- Installing: /home/shawn/Work/iitb/mrt/ros/mrt_ws/src/qr_stuff/install/qr_stuff/lib/libqr_stuff__rosidl_typesupport_cpp.so
-- Set runtime path of "/home/shawn/Work/iitb/mrt/ros/mrt_ws/src/qr_stuff/install/qr_stuff/lib/libqr_stuff__rosidl_typesupport_cpp.so" to ""
-- Installing: /home/shawn/Work/iitb/mrt/ros/mrt_ws/src/qr_stuff/install/qr_stuff/share/qr_stuff/environment/pythonpath.sh
-- Installing: /home/shawn/Work/iitb/mrt/ros/mrt_ws/src/qr_stuff/install/qr_stuff/share/qr_stuff/environment/pythonpath.dsv
-- Installing: /home/shawn/Work/iitb/mrt/ros/mrt_ws/src/qr_stuff/install/qr_stuff/local/lib/python3.10/dist-packages/qr_stuff-0.0.0-py3.10.egg-info
-- Installing: /home/shawn/Work/iitb/mrt/ros/mrt_ws/src/qr_stuff/install/qr_stuff/local/lib/python3.10/dist-packages/qr_stuff-0.0.0-py3.10.egg-info/PKG-INFO
-- Installing: /home/shawn/Work/iitb/mrt/ros/mrt_ws/src/qr_stuff/install/qr_stuff/local/lib/python3.10/dist-packages/qr_stuff-0.0.0-py3.10.egg-info/dependency_links.txt
-- Installing: /home/shawn/Work/iitb/mrt/ros/mrt_ws/src/qr_stuff/install/qr_stuff/local/lib/python3.10/dist-packages/qr_stuff-0.0.0-py3.10.egg-info/top_level.txt
-- Installing: /home/shawn/Work/iitb/mrt/ros/mrt_ws/src/qr_stuff/install/qr_stuff/local/lib/python3.10/dist-packages/qr_stuff-0.0.0-py3.10.egg-info/SOURCES.txt
-- Installing: /home/shawn/Work/iitb/mrt/ros/mrt_ws/src/qr_stuff/install/qr_stuff/local/lib/python3.10/dist-packages/qr_stuff
-- Installing: /home/shawn/Work/iitb/mrt/ros/mrt_ws/src/qr_stuff/install/qr_stuff/local/lib/python3.10/dist-packages/qr_stuff/qr_stuff_s__rosidl_typesupport_fastrtps_c.cpython-310-x86_64-linux-gnu.so
-- Installing: /home/shawn/Work/iitb/mrt/ros/mrt_ws/src/qr_stuff/install/qr_stuff/local/lib/python3.10/dist-packages/qr_stuff/qr_stuff_s__rosidl_typesupport_introspection_c.cpython-310-x86_64-linux-gnu.so
-- Installing: /home/shawn/Work/iitb/mrt/ros/mrt_ws/src/qr_stuff/install/qr_stuff/local/lib/python3.10/dist-packages/qr_stuff/__init__.py
-- Installing: /home/shawn/Work/iitb/mrt/ros/mrt_ws/src/qr_stuff/install/qr_stuff/local/lib/python3.10/dist-packages/qr_stuff/srv
-- Installing: /home/shawn/Work/iitb/mrt/ros/mrt_ws/src/qr_stuff/install/qr_stuff/local/lib/python3.10/dist-packages/qr_stuff/srv/_add_three_ints_s.c
-- Installing: /home/shawn/Work/iitb/mrt/ros/mrt_ws/src/qr_stuff/install/qr_stuff/local/lib/python3.10/dist-packages/qr_stuff/srv/__init__.py
-- Installing: /home/shawn/Work/iitb/mrt/ros/mrt_ws/src/qr_stuff/install/qr_stuff/local/lib/python3.10/dist-packages/qr_stuff/srv/_add_three_ints.py
-- Installing: /home/shawn/Work/iitb/mrt/ros/mrt_ws/src/qr_stuff/install/qr_stuff/local/lib/python3.10/dist-packages/qr_stuff/qr_stuff_s__rosidl_typesupport_c.cpython-310-x86_64-linux-gnu.so
-- Installing: /home/shawn/Work/iitb/mrt/ros/mrt_ws/src/qr_stuff/install/qr_stuff/local/lib/python3.10/dist-packages/qr_stuff/_qr_stuff_s.ep.rosidl_typesupport_fastrtps_c.c
-- Installing: /home/shawn/Work/iitb/mrt/ros/mrt_ws/src/qr_stuff/install/qr_stuff/local/lib/python3.10/dist-packages/qr_stuff/msg
-- Installing: /home/shawn/Work/iitb/mrt/ros/mrt_ws/src/qr_stuff/install/qr_stuff/local/lib/python3.10/dist-packages/qr_stuff/msg/__init__.py
-- Installing: /home/shawn/Work/iitb/mrt/ros/mrt_ws/src/qr_stuff/install/qr_stuff/local/lib/python3.10/dist-packages/qr_stuff/msg/_sphere.py
-- Installing: /home/shawn/Work/iitb/mrt/ros/mrt_ws/src/qr_stuff/install/qr_stuff/local/lib/python3.10/dist-packages/qr_stuff/msg/_sphere_s.c
-- Installing: /home/shawn/Work/iitb/mrt/ros/mrt_ws/src/qr_stuff/install/qr_stuff/local/lib/python3.10/dist-packages/qr_stuff/msg/_num.py
-- Installing: /home/shawn/Work/iitb/mrt/ros/mrt_ws/src/qr_stuff/install/qr_stuff/local/lib/python3.10/dist-packages/qr_stuff/msg/_num_s.c
-- Installing: /home/shawn/Work/iitb/mrt/ros/mrt_ws/src/qr_stuff/install/qr_stuff/local/lib/python3.10/dist-packages/qr_stuff/libqr_stuff__rosidl_generator_py.so
-- Installing: /home/shawn/Work/iitb/mrt/ros/mrt_ws/src/qr_stuff/install/qr_stuff/local/lib/python3.10/dist-packages/qr_stuff/_qr_stuff_s.ep.rosidl_typesupport_introspection_c.c
-- Installing: /home/shawn/Work/iitb/mrt/ros/mrt_ws/src/qr_stuff/install/qr_stuff/local/lib/python3.10/dist-packages/qr_stuff/_qr_stuff_s.ep.rosidl_typesupport_c.c
Listing '/home/shawn/Work/iitb/mrt/ros/mrt_ws/src/qr_stuff/install/qr_stuff/local/lib/python3.10/dist-packages/qr_stuff'...
Compiling '/home/shawn/Work/iitb/mrt/ros/mrt_ws/src/qr_stuff/install/qr_stuff/local/lib/python3.10/dist-packages/qr_stuff/__init__.py'...
Listing '/home/shawn/Work/iitb/mrt/ros/mrt_ws/src/qr_stuff/install/qr_stuff/local/lib/python3.10/dist-packages/qr_stuff/msg'...
Compiling '/home/shawn/Work/iitb/mrt/ros/mrt_ws/src/qr_stuff/install/qr_stuff/local/lib/python3.10/dist-packages/qr_stuff/msg/__init__.py'...
Compiling '/home/shawn/Work/iitb/mrt/ros/mrt_ws/src/qr_stuff/install/qr_stuff/local/lib/python3.10/dist-packages/qr_stuff/msg/_num.py'...
Compiling '/home/shawn/Work/iitb/mrt/ros/mrt_ws/src/qr_stuff/install/qr_stuff/local/lib/python3.10/dist-packages/qr_stuff/msg/_sphere.py'...
Listing '/home/shawn/Work/iitb/mrt/ros/mrt_ws/src/qr_stuff/install/qr_stuff/local/lib/python3.10/dist-packages/qr_stuff/srv'...
Compiling '/home/shawn/Work/iitb/mrt/ros/mrt_ws/src/qr_stuff/install/qr_stuff/local/lib/python3.10/dist-packages/qr_stuff/srv/__init__.py'...
Compiling '/home/shawn/Work/iitb/mrt/ros/mrt_ws/src/qr_stuff/install/qr_stuff/local/lib/python3.10/dist-packages/qr_stuff/srv/_add_three_ints.py'...
-- Installing: /home/shawn/Work/iitb/mrt/ros/mrt_ws/src/qr_stuff/install/qr_stuff/local/lib/python3.10/dist-packages/qr_stuff/qr_stuff_s__rosidl_typesupport_fastrtps_c.cpython-310-x86_64-linux-gnu.so
-- Set runtime path of "/home/shawn/Work/iitb/mrt/ros/mrt_ws/src/qr_stuff/install/qr_stuff/local/lib/python3.10/dist-packages/qr_stuff/qr_stuff_s__rosidl_typesupport_fastrtps_c.cpython-310-x86_64-linux-gnu.so" to ""
-- Installing: /home/shawn/Work/iitb/mrt/ros/mrt_ws/src/qr_stuff/install/qr_stuff/local/lib/python3.10/dist-packages/qr_stuff/qr_stuff_s__rosidl_typesupport_introspection_c.cpython-310-x86_64-linux-gnu.so
-- Set runtime path of "/home/shawn/Work/iitb/mrt/ros/mrt_ws/src/qr_stuff/install/qr_stuff/local/lib/python3.10/dist-packages/qr_stuff/qr_stuff_s__rosidl_typesupport_introspection_c.cpython-310-x86_64-linux-gnu.so" to ""
-- Installing: /home/shawn/Work/iitb/mrt/ros/mrt_ws/src/qr_stuff/install/qr_stuff/local/lib/python3.10/dist-packages/qr_stuff/qr_stuff_s__rosidl_typesupport_c.cpython-310-x86_64-linux-gnu.so
-- Set runtime path of "/home/shawn/Work/iitb/mrt/ros/mrt_ws/src/qr_stuff/install/qr_stuff/local/lib/python3.10/dist-packages/qr_stuff/qr_stuff_s__rosidl_typesupport_c.cpython-310-x86_64-linux-gnu.so" to ""
-- Installing: /home/shawn/Work/iitb/mrt/ros/mrt_ws/src/qr_stuff/install/qr_stuff/lib/libqr_stuff__rosidl_generator_py.so
-- Set runtime path of "/home/shawn/Work/iitb/mrt/ros/mrt_ws/src/qr_stuff/install/qr_stuff/lib/libqr_stuff__rosidl_generator_py.so" to ""
-- Installing: /home/shawn/Work/iitb/mrt/ros/mrt_ws/src/qr_stuff/install/qr_stuff/share/qr_stuff/msg/Num.idl
-- Installing: /home/shawn/Work/iitb/mrt/ros/mrt_ws/src/qr_stuff/install/qr_stuff/share/qr_stuff/msg/Sphere.idl
-- Installing: /home/shawn/Work/iitb/mrt/ros/mrt_ws/src/qr_stuff/install/qr_stuff/share/qr_stuff/srv/AddThreeInts.idl
-- Installing: /home/shawn/Work/iitb/mrt/ros/mrt_ws/src/qr_stuff/install/qr_stuff/share/qr_stuff/msg/Num.msg
-- Installing: /home/shawn/Work/iitb/mrt/ros/mrt_ws/src/qr_stuff/install/qr_stuff/share/qr_stuff/msg/Sphere.msg
-- Installing: /home/shawn/Work/iitb/mrt/ros/mrt_ws/src/qr_stuff/install/qr_stuff/share/qr_stuff/srv/AddThreeInts.srv
-- Installing: /home/shawn/Work/iitb/mrt/ros/mrt_ws/src/qr_stuff/install/qr_stuff/share/qr_stuff/srv/AddThreeInts_Request.msg
-- Installing: /home/shawn/Work/iitb/mrt/ros/mrt_ws/src/qr_stuff/install/qr_stuff/share/qr_stuff/srv/AddThreeInts_Response.msg
-- Installing: /home/shawn/Work/iitb/mrt/ros/mrt_ws/src/qr_stuff/install/qr_stuff/share/ament_index/resource_index/package_run_dependencies/qr_stuff
-- Installing: /home/shawn/Work/iitb/mrt/ros/mrt_ws/src/qr_stuff/install/qr_stuff/share/ament_index/resource_index/parent_prefix_path/qr_stuff
-- Installing: /home/shawn/Work/iitb/mrt/ros/mrt_ws/src/qr_stuff/install/qr_stuff/share/qr_stuff/environment/ament_prefix_path.sh
-- Installing: /home/shawn/Work/iitb/mrt/ros/mrt_ws/src/qr_stuff/install/qr_stuff/share/qr_stuff/environment/ament_prefix_path.dsv
-- Installing: /home/shawn/Work/iitb/mrt/ros/mrt_ws/src/qr_stuff/install/qr_stuff/share/qr_stuff/environment/path.sh
-- Installing: /home/shawn/Work/iitb/mrt/ros/mrt_ws/src/qr_stuff/install/qr_stuff/share/qr_stuff/environment/path.dsv
-- Installing: /home/shawn/Work/iitb/mrt/ros/mrt_ws/src/qr_stuff/install/qr_stuff/share/qr_stuff/local_setup.bash
-- Installing: /home/shawn/Work/iitb/mrt/ros/mrt_ws/src/qr_stuff/install/qr_stuff/share/qr_stuff/local_setup.sh
-- Installing: /home/shawn/Work/iitb/mrt/ros/mrt_ws/src/qr_stuff/install/qr_stuff/share/qr_stuff/local_setup.zsh
-- Installing: /home/shawn/Work/iitb/mrt/ros/mrt_ws/src/qr_stuff/install/qr_stuff/share/qr_stuff/local_setup.dsv
-- Installing: /home/shawn/Work/iitb/mrt/ros/mrt_ws/src/qr_stuff/install/qr_stuff/share/qr_stuff/package.dsv
-- Installing: /home/shawn/Work/iitb/mrt/ros/mrt_ws/src/qr_stuff/install/qr_stuff/share/ament_index/resource_index/packages/qr_stuff
-- Installing: /home/shawn/Work/iitb/mrt/ros/mrt_ws/src/qr_stuff/install/qr_stuff/share/qr_stuff/cmake/export_qr_stuff__rosidl_generator_cExport.cmake
-- Installing: /home/shawn/Work/iitb/mrt/ros/mrt_ws/src/qr_stuff/install/qr_stuff/share/qr_stuff/cmake/export_qr_stuff__rosidl_generator_cExport-noconfig.cmake
-- Installing: /home/shawn/Work/iitb/mrt/ros/mrt_ws/src/qr_stuff/install/qr_stuff/share/qr_stuff/cmake/export_qr_stuff__rosidl_typesupport_fastrtps_cExport.cmake
-- Installing: /home/shawn/Work/iitb/mrt/ros/mrt_ws/src/qr_stuff/install/qr_stuff/share/qr_stuff/cmake/export_qr_stuff__rosidl_typesupport_fastrtps_cExport-noconfig.cmake
-- Installing: /home/shawn/Work/iitb/mrt/ros/mrt_ws/src/qr_stuff/install/qr_stuff/share/qr_stuff/cmake/export_qr_stuff__rosidl_generator_cppExport.cmake
-- Installing: /home/shawn/Work/iitb/mrt/ros/mrt_ws/src/qr_stuff/install/qr_stuff/share/qr_stuff/cmake/export_qr_stuff__rosidl_typesupport_fastrtps_cppExport.cmake
-- Installing: /home/shawn/Work/iitb/mrt/ros/mrt_ws/src/qr_stuff/install/qr_stuff/share/qr_stuff/cmake/export_qr_stuff__rosidl_typesupport_fastrtps_cppExport-noconfig.cmake
-- Installing: /home/shawn/Work/iitb/mrt/ros/mrt_ws/src/qr_stuff/install/qr_stuff/share/qr_stuff/cmake/qr_stuff__rosidl_typesupport_introspection_cExport.cmake
-- Installing: /home/shawn/Work/iitb/mrt/ros/mrt_ws/src/qr_stuff/install/qr_stuff/share/qr_stuff/cmake/qr_stuff__rosidl_typesupport_introspection_cExport-noconfig.cmake
-- Installing: /home/shawn/Work/iitb/mrt/ros/mrt_ws/src/qr_stuff/install/qr_stuff/share/qr_stuff/cmake/qr_stuff__rosidl_typesupport_cExport.cmake
-- Installing: /home/shawn/Work/iitb/mrt/ros/mrt_ws/src/qr_stuff/install/qr_stuff/share/qr_stuff/cmake/qr_stuff__rosidl_typesupport_cExport-noconfig.cmake
-- Installing: /home/shawn/Work/iitb/mrt/ros/mrt_ws/src/qr_stuff/install/qr_stuff/share/qr_stuff/cmake/qr_stuff__rosidl_typesupport_introspection_cppExport.cmake
-- Installing: /home/shawn/Work/iitb/mrt/ros/mrt_ws/src/qr_stuff/install/qr_stuff/share/qr_stuff/cmake/qr_stuff__rosidl_typesupport_introspection_cppExport-noconfig.cmake
-- Installing: /home/shawn/Work/iitb/mrt/ros/mrt_ws/src/qr_stuff/install/qr_stuff/share/qr_stuff/cmake/qr_stuff__rosidl_typesupport_cppExport.cmake
-- Installing: /home/shawn/Work/iitb/mrt/ros/mrt_ws/src/qr_stuff/install/qr_stuff/share/qr_stuff/cmake/qr_stuff__rosidl_typesupport_cppExport-noconfig.cmake
-- Installing: /home/shawn/Work/iitb/mrt/ros/mrt_ws/src/qr_stuff/install/qr_stuff/share/qr_stuff/cmake/export_qr_stuff__rosidl_generator_pyExport.cmake
-- Installing: /home/shawn/Work/iitb/mrt/ros/mrt_ws/src/qr_stuff/install/qr_stuff/share/qr_stuff/cmake/export_qr_stuff__rosidl_generator_pyExport-noconfig.cmake
-- Installing: /home/shawn/Work/iitb/mrt/ros/mrt_ws/src/qr_stuff/install/qr_stuff/share/qr_stuff/cmake/rosidl_cmake-extras.cmake
-- Installing: /home/shawn/Work/iitb/mrt/ros/mrt_ws/src/qr_stuff/install/qr_stuff/share/qr_stuff/cmake/ament_cmake_export_dependencies-extras.cmake
-- Installing: /home/shawn/Work/iitb/mrt/ros/mrt_ws/src/qr_stuff/install/qr_stuff/share/qr_stuff/cmake/ament_cmake_export_include_directories-extras.cmake
-- Installing: /home/shawn/Work/iitb/mrt/ros/mrt_ws/src/qr_stuff/install/qr_stuff/share/qr_stuff/cmake/ament_cmake_export_libraries-extras.cmake
-- Installing: /home/shawn/Work/iitb/mrt/ros/mrt_ws/src/qr_stuff/install/qr_stuff/share/qr_stuff/cmake/ament_cmake_export_targets-extras.cmake
-- Installing: /home/shawn/Work/iitb/mrt/ros/mrt_ws/src/qr_stuff/install/qr_stuff/share/qr_stuff/cmake/rosidl_cmake_export_typesupport_targets-extras.cmake
-- Installing: /home/shawn/Work/iitb/mrt/ros/mrt_ws/src/qr_stuff/install/qr_stuff/share/qr_stuff/cmake/rosidl_cmake_export_typesupport_libraries-extras.cmake
-- Installing: /home/shawn/Work/iitb/mrt/ros/mrt_ws/src/qr_stuff/install/qr_stuff/share/qr_stuff/cmake/qr_stuffConfig.cmake
-- Installing: /home/shawn/Work/iitb/mrt/ros/mrt_ws/src/qr_stuff/install/qr_stuff/share/qr_stuff/cmake/qr_stuffConfig-version.cmake
-- Installing: /home/shawn/Work/iitb/mrt/ros/mrt_ws/src/qr_stuff/install/qr_stuff/share/qr_stuff/package.xml
