[0.007s] Invoking command in '/home/shawn/Work/iitb/mrt/ros/mrt_ws/src/qr_stuff/build/qr_stuff': CMAKE_PREFIX_PATH=/home/shawn/Work/iitb/mrt/ros/mrt_ws/install/week0_tutorials:/home/shawn/Work/iitb/mrt/ros/mrt_ws/install/sauron:/home/shawn/Work/iitb/mrt/ros/mrt_ws/install/qr_serve:/opt/ros/humble /usr/bin/cmake /home/shawn/Work/iitb/mrt/ros/mrt_ws/src/qr_stuff -DCMAKE_INSTALL_PREFIX=/home/shawn/Work/iitb/mrt/ros/mrt_ws/src/qr_stuff/install/qr_stuff
[0.016s] -- Found ament_cmake: 1.3.10 (/opt/ros/humble/share/ament_cmake/cmake)
[0.105s] -- Found ament_lint_auto: 0.12.11 (/opt/ros/humble/share/ament_lint_auto/cmake)
[0.149s] -- Found geometry_msgs: 4.2.4 (/opt/ros/humble/share/geometry_msgs/cmake)
[0.164s] -- Found rosidl_generator_c: 3.1.5 (/opt/ros/humble/share/rosidl_generator_c/cmake)
[0.166s] -- Found rosidl_adapter: 3.1.5 (/opt/ros/humble/share/rosidl_adapter/cmake)
[0.169s] -- Found rosidl_generator_cpp: 3.1.5 (/opt/ros/humble/share/rosidl_generator_cpp/cmake)
[0.175s] -- Using all available rosidl_typesupport_c: rosidl_typesupport_fastrtps_c;rosidl_typesupport_introspection_c
[0.183s] -- Using all available rosidl_typesupport_cpp: rosidl_typesupport_fastrtps_cpp;rosidl_typesupport_introspection_cpp
[0.206s] -- Found rosidl_default_generators: 1.2.0 (/opt/ros/humble/share/rosidl_default_generators/cmake)
[0.389s] -- Found ament_cmake_ros: 0.10.0 (/opt/ros/humble/share/ament_cmake_ros/cmake)
[0.704s] -- Using all available rosidl_typesupport_c: rosidl_typesupport_fastrtps_c;rosidl_typesupport_introspection_c
[0.828s] -- Using all available rosidl_typesupport_cpp: rosidl_typesupport_fastrtps_cpp;rosidl_typesupport_introspection_cpp
[0.848s] -- Found PythonInterp: /usr/bin/python3 (found suitable version "3.10.12", minimum required is "3.6") 
[0.849s] -- Found python_cmake_module: 0.10.0 (/opt/ros/humble/share/python_cmake_module/cmake)
[0.872s] -- Found PythonLibs: /usr/lib/x86_64-linux-gnu/libpython3.10.so (found suitable version "3.10.12", minimum required is "3.5") 
[0.872s] -- Using PYTHON_EXECUTABLE: /usr/bin/python3
[0.872s] -- Using PYTHON_INCLUDE_DIRS: /usr/include/python3.10
[0.872s] -- Using PYTHON_LIBRARIES: /usr/lib/x86_64-linux-gnu/libpython3.10.so
[0.890s] -- Found PythonExtra: .so  
[0.948s] -- Added test 'cppcheck' to perform static code analysis on C / C++ code
[0.949s] -- Configured cppcheck include dirs: $<BUILD_INTERFACE:/home/shawn/Work/iitb/mrt/ros/mrt_ws/src/qr_stuff/build/qr_stuff/rosidl_generator_c>;$<BUILD_INTERFACE:/home/shawn/Work/iitb/mrt/ros/mrt_ws/src/qr_stuff/build/qr_stuff/rosidl_typesupport_fastrtps_c>;$<BUILD_INTERFACE:/home/shawn/Work/iitb/mrt/ros/mrt_ws/src/qr_stuff/build/qr_stuff/rosidl_generator_cpp>;$<BUILD_INTERFACE:/home/shawn/Work/iitb/mrt/ros/mrt_ws/src/qr_stuff/build/qr_stuff/rosidl_typesupport_fastrtps_cpp>;$<BUILD_INTERFACE:/home/shawn/Work/iitb/mrt/ros/mrt_ws/src/qr_stuff/build/qr_stuff/rosidl_typesupport_introspection_c>;$<BUILD_INTERFACE:/home/shawn/Work/iitb/mrt/ros/mrt_ws/src/qr_stuff/build/qr_stuff/rosidl_typesupport_introspection_cpp>;/home/shawn/Work/iitb/mrt/ros/mrt_ws/src/qr_stuff/build/qr_stuff/rosidl_generator_c;/home/shawn/Work/iitb/mrt/ros/mrt_ws/src/qr_stuff/build/qr_stuff/rosidl_generator_py
[0.949s] -- Configured cppcheck exclude dirs and/or files: 
[0.950s] -- Added test 'flake8' to check Python code syntax and style conventions
[0.951s] -- Added test 'lint_cmake' to check CMake code style
[0.952s] -- Added test 'pep257' to check Python code against some of the docstring style conventions in PEP 257
[0.956s] -- Added test 'uncrustify' to check C / C++ code style
[0.956s] -- Configured uncrustify additional arguments: 
[0.957s] -- Added test 'xmllint' to check XML markup files
[0.960s] -- Configuring done
[0.982s] -- Generating done
[0.984s] -- Build files have been written to: /home/shawn/Work/iitb/mrt/ros/mrt_ws/src/qr_stuff/build/qr_stuff
[0.988s] Invoked command in '/home/shawn/Work/iitb/mrt/ros/mrt_ws/src/qr_stuff/build/qr_stuff' returned '0': CMAKE_PREFIX_PATH=/home/shawn/Work/iitb/mrt/ros/mrt_ws/install/week0_tutorials:/home/shawn/Work/iitb/mrt/ros/mrt_ws/install/sauron:/home/shawn/Work/iitb/mrt/ros/mrt_ws/install/qr_serve:/opt/ros/humble /usr/bin/cmake /home/shawn/Work/iitb/mrt/ros/mrt_ws/src/qr_stuff -DCMAKE_INSTALL_PREFIX=/home/shawn/Work/iitb/mrt/ros/mrt_ws/src/qr_stuff/install/qr_stuff
[0.989s] Invoking command in '/home/shawn/Work/iitb/mrt/ros/mrt_ws/src/qr_stuff/build/qr_stuff': CMAKE_PREFIX_PATH=/home/shawn/Work/iitb/mrt/ros/mrt_ws/install/week0_tutorials:/home/shawn/Work/iitb/mrt/ros/mrt_ws/install/sauron:/home/shawn/Work/iitb/mrt/ros/mrt_ws/install/qr_serve:/opt/ros/humble /usr/bin/cmake --build /home/shawn/Work/iitb/mrt/ros/mrt_ws/src/qr_stuff/build/qr_stuff -- -j16 -l16
[1.022s] [  2%] [34m[1mGenerating C code for ROS interfaces[0m
[1.027s] [  4%] [34m[1mGenerating C++ code for ROS interfaces[0m
[1.034s] [  4%] Built target ament_cmake_python_copy_qr_stuff
[1.199s] running egg_info
[1.199s] creating qr_stuff.egg-info
[1.200s] writing qr_stuff.egg-info/PKG-INFO
[1.200s] writing dependency_links to qr_stuff.egg-info/dependency_links.txt
[1.200s] writing top-level names to qr_stuff.egg-info/top_level.txt
[1.200s] writing manifest file 'qr_stuff.egg-info/SOURCES.txt'
[1.201s] reading manifest file 'qr_stuff.egg-info/SOURCES.txt'
[1.201s] writing manifest file 'qr_stuff.egg-info/SOURCES.txt'
[1.217s] [  4%] Built target ament_cmake_python_build_qr_stuff_egg
[1.239s] [  4%] Built target qr_stuff__cpp
[1.245s] [  8%] [34m[1mGenerating C++ type support for eProsima Fast-RTPS[0m
[1.246s] [  8%] [34m[1mGenerating C++ introspection for ROS interfaces[0m
[1.248s] [ 10%] [34m[1mGenerating C++ type support dispatch for ROS interfaces[0m
[1.255s] [ 17%] [32mBuilding C object CMakeFiles/qr_stuff__rosidl_generator_c.dir/rosidl_generator_c/qr_stuff/msg/detail/sphere__functions.c.o[0m
[1.255s] [ 17%] [32mBuilding C object CMakeFiles/qr_stuff__rosidl_generator_c.dir/rosidl_generator_c/qr_stuff/srv/detail/add_three_ints__functions.c.o[0m
[1.255s] [ 17%] [32mBuilding C object CMakeFiles/qr_stuff__rosidl_generator_c.dir/rosidl_generator_c/qr_stuff/msg/detail/num__functions.c.o[0m
[1.303s] [ 19%] [32m[1mLinking C shared library libqr_stuff__rosidl_generator_c.so[0m
[1.331s] [ 19%] Built target qr_stuff__rosidl_generator_c
[1.338s] [ 23%] [34m[1mGenerating C introspection for ROS interfaces[0m
[1.338s] [ 23%] [34m[1mGenerating C type support dispatch for ROS interfaces[0m
[1.341s] [ 25%] [34m[1mGenerating C type support for eProsima Fast-RTPS[0m
[1.421s] [ 27%] [32mBuilding CXX object CMakeFiles/qr_stuff__rosidl_typesupport_cpp.dir/rosidl_typesupport_cpp/qr_stuff/srv/add_three_ints__type_support.cpp.o[0m
[1.421s] [ 29%] [32mBuilding CXX object CMakeFiles/qr_stuff__rosidl_typesupport_cpp.dir/rosidl_typesupport_cpp/qr_stuff/msg/sphere__type_support.cpp.o[0m
[1.423s] [ 31%] [32mBuilding CXX object CMakeFiles/qr_stuff__rosidl_typesupport_cpp.dir/rosidl_typesupport_cpp/qr_stuff/msg/num__type_support.cpp.o[0m
[1.433s] [ 34%] [32mBuilding CXX object CMakeFiles/qr_stuff__rosidl_typesupport_introspection_cpp.dir/rosidl_typesupport_introspection_cpp/qr_stuff/msg/detail/sphere__type_support.cpp.o[0m
[1.433s] [ 36%] [32mBuilding CXX object CMakeFiles/qr_stuff__rosidl_typesupport_introspection_cpp.dir/rosidl_typesupport_introspection_cpp/qr_stuff/srv/detail/add_three_ints__type_support.cpp.o[0m
[1.437s] [ 38%] [32mBuilding CXX object CMakeFiles/qr_stuff__rosidl_typesupport_introspection_cpp.dir/rosidl_typesupport_introspection_cpp/qr_stuff/msg/detail/num__type_support.cpp.o[0m
[1.493s] [ 40%] [32mBuilding CXX object CMakeFiles/qr_stuff__rosidl_typesupport_fastrtps_cpp.dir/rosidl_typesupport_fastrtps_cpp/qr_stuff/msg/detail/dds_fastrtps/num__type_support.cpp.o[0m
[1.495s] [ 42%] [32mBuilding CXX object CMakeFiles/qr_stuff__rosidl_typesupport_fastrtps_cpp.dir/rosidl_typesupport_fastrtps_cpp/qr_stuff/msg/detail/dds_fastrtps/sphere__type_support.cpp.o[0m
[1.496s] [ 44%] [32mBuilding CXX object CMakeFiles/qr_stuff__rosidl_typesupport_fastrtps_cpp.dir/rosidl_typesupport_fastrtps_cpp/qr_stuff/srv/detail/dds_fastrtps/add_three_ints__type_support.cpp.o[0m
[1.522s] [ 51%] [32mBuilding CXX object CMakeFiles/qr_stuff__rosidl_typesupport_c.dir/rosidl_typesupport_c/qr_stuff/msg/sphere__type_support.cpp.o[0m
[1.522s] [ 51%] [32mBuilding CXX object CMakeFiles/qr_stuff__rosidl_typesupport_c.dir/rosidl_typesupport_c/qr_stuff/msg/num__type_support.cpp.o[0m
[1.523s] [ 51%] [32mBuilding CXX object CMakeFiles/qr_stuff__rosidl_typesupport_c.dir/rosidl_typesupport_c/qr_stuff/srv/add_three_ints__type_support.cpp.o[0m
[1.557s] [ 53%] [32m[1mLinking CXX shared library libqr_stuff__rosidl_typesupport_c.so[0m
[1.575s] [ 55%] [32mBuilding CXX object CMakeFiles/qr_stuff__rosidl_typesupport_fastrtps_c.dir/rosidl_typesupport_fastrtps_c/qr_stuff/msg/detail/num__type_support_c.cpp.o[0m
[1.575s] [ 57%] [32mBuilding CXX object CMakeFiles/qr_stuff__rosidl_typesupport_fastrtps_c.dir/rosidl_typesupport_fastrtps_c/qr_stuff/srv/detail/add_three_ints__type_support_c.cpp.o[0m
[1.576s] [ 59%] [32mBuilding CXX object CMakeFiles/qr_stuff__rosidl_typesupport_fastrtps_c.dir/rosidl_typesupport_fastrtps_c/qr_stuff/msg/detail/sphere__type_support_c.cpp.o[0m
[1.584s] [ 65%] [32mBuilding C object CMakeFiles/qr_stuff__rosidl_typesupport_introspection_c.dir/rosidl_typesupport_introspection_c/qr_stuff/msg/detail/sphere__type_support.c.o[0m
[1.585s] [ 65%] [32mBuilding C object CMakeFiles/qr_stuff__rosidl_typesupport_introspection_c.dir/rosidl_typesupport_introspection_c/qr_stuff/msg/detail/num__type_support.c.o[0m
[1.585s] [ 65%] [32mBuilding C object CMakeFiles/qr_stuff__rosidl_typesupport_introspection_c.dir/rosidl_typesupport_introspection_c/qr_stuff/srv/detail/add_three_ints__type_support.c.o[0m
[1.606s] [ 65%] Built target qr_stuff__rosidl_typesupport_c
[1.621s] [ 68%] [32m[1mLinking C shared library libqr_stuff__rosidl_typesupport_introspection_c.so[0m
[1.654s] [ 68%] Built target qr_stuff__rosidl_typesupport_introspection_c
[1.740s] [ 70%] [32m[1mLinking CXX shared library libqr_stuff__rosidl_typesupport_cpp.so[0m
[1.769s] [ 70%] Built target qr_stuff__rosidl_typesupport_cpp
[1.835s] [ 72%] [32m[1mLinking CXX shared library libqr_stuff__rosidl_typesupport_fastrtps_c.so[0m
[1.848s] [ 74%] [32m[1mLinking CXX shared library libqr_stuff__rosidl_typesupport_introspection_cpp.so[0m
[1.867s] [ 76%] [32m[1mLinking CXX shared library libqr_stuff__rosidl_typesupport_fastrtps_cpp.so[0m
[1.888s] [ 76%] Built target qr_stuff__rosidl_typesupport_fastrtps_c
[1.891s] [ 76%] Built target qr_stuff__rosidl_typesupport_introspection_cpp
[1.925s] [ 76%] Built target qr_stuff__rosidl_typesupport_fastrtps_cpp
[1.941s] [ 76%] Built target qr_stuff
[1.957s] [ 78%] [34m[1mGenerating Python code for ROS interfaces[0m
[2.259s] [ 78%] Built target qr_stuff__py
[2.274s] [ 80%] [32mBuilding C object CMakeFiles/qr_stuff__rosidl_generator_py.dir/rosidl_generator_py/qr_stuff/msg/_num_s.c.o[0m
[2.274s] [ 82%] [32mBuilding C object CMakeFiles/qr_stuff__rosidl_generator_py.dir/rosidl_generator_py/qr_stuff/srv/_add_three_ints_s.c.o[0m
[2.275s] [ 85%] [32mBuilding C object CMakeFiles/qr_stuff__rosidl_generator_py.dir/rosidl_generator_py/qr_stuff/msg/_sphere_s.c.o[0m
[2.356s] [ 87%] [32m[1mLinking C shared library rosidl_generator_py/qr_stuff/libqr_stuff__rosidl_generator_py.so[0m
[2.398s] [ 87%] Built target qr_stuff__rosidl_generator_py
[2.418s] [ 89%] [32mBuilding C object CMakeFiles/qr_stuff__rosidl_typesupport_fastrtps_c__pyext.dir/rosidl_generator_py/qr_stuff/_qr_stuff_s.ep.rosidl_typesupport_fastrtps_c.c.o[0m
[2.421s] [ 91%] [32mBuilding C object CMakeFiles/qr_stuff__rosidl_typesupport_c__pyext.dir/rosidl_generator_py/qr_stuff/_qr_stuff_s.ep.rosidl_typesupport_c.c.o[0m
[2.421s] [ 93%] [32mBuilding C object CMakeFiles/qr_stuff__rosidl_typesupport_introspection_c__pyext.dir/rosidl_generator_py/qr_stuff/_qr_stuff_s.ep.rosidl_typesupport_introspection_c.c.o[0m
[2.488s] [ 95%] [32m[1mLinking C shared library rosidl_generator_py/qr_stuff/qr_stuff_s__rosidl_typesupport_c.cpython-310-x86_64-linux-gnu.so[0m
[2.489s] [ 97%] [32m[1mLinking C shared library rosidl_generator_py/qr_stuff/qr_stuff_s__rosidl_typesupport_fastrtps_c.cpython-310-x86_64-linux-gnu.so[0m
[2.490s] [100%] [32m[1mLinking C shared library rosidl_generator_py/qr_stuff/qr_stuff_s__rosidl_typesupport_introspection_c.cpython-310-x86_64-linux-gnu.so[0m
[2.520s] [100%] Built target qr_stuff__rosidl_typesupport_fastrtps_c__pyext
[2.521s] [100%] Built target qr_stuff__rosidl_typesupport_introspection_c__pyext
[2.522s] [100%] Built target qr_stuff__rosidl_typesupport_c__pyext
[2.534s] Invoked command in '/home/shawn/Work/iitb/mrt/ros/mrt_ws/src/qr_stuff/build/qr_stuff' returned '0': CMAKE_PREFIX_PATH=/home/shawn/Work/iitb/mrt/ros/mrt_ws/install/week0_tutorials:/home/shawn/Work/iitb/mrt/ros/mrt_ws/install/sauron:/home/shawn/Work/iitb/mrt/ros/mrt_ws/install/qr_serve:/opt/ros/humble /usr/bin/cmake --build /home/shawn/Work/iitb/mrt/ros/mrt_ws/src/qr_stuff/build/qr_stuff -- -j16 -l16
[2.624s] Invoking command in '/home/shawn/Work/iitb/mrt/ros/mrt_ws/src/qr_stuff/build/qr_stuff': CMAKE_PREFIX_PATH=/home/shawn/Work/iitb/mrt/ros/mrt_ws/install/week0_tutorials:/home/shawn/Work/iitb/mrt/ros/mrt_ws/install/sauron:/home/shawn/Work/iitb/mrt/ros/mrt_ws/install/qr_serve:/opt/ros/humble /usr/bin/cmake --install /home/shawn/Work/iitb/mrt/ros/mrt_ws/src/qr_stuff/build/qr_stuff
[2.632s] -- Install configuration: ""
[2.632s] -- Installing: /home/shawn/Work/iitb/mrt/ros/mrt_ws/src/qr_stuff/install/qr_stuff/share/ament_index/resource_index/rosidl_interfaces/qr_stuff
[2.632s] -- Installing: /home/shawn/Work/iitb/mrt/ros/mrt_ws/src/qr_stuff/install/qr_stuff/include/qr_stuff/qr_stuff
[2.632s] -- Installing: /home/shawn/Work/iitb/mrt/ros/mrt_ws/src/qr_stuff/install/qr_stuff/include/qr_stuff/qr_stuff/srv
[2.632s] -- Installing: /home/shawn/Work/iitb/mrt/ros/mrt_ws/src/qr_stuff/install/qr_stuff/include/qr_stuff/qr_stuff/srv/add_three_ints.h
[2.633s] -- Installing: /home/shawn/Work/iitb/mrt/ros/mrt_ws/src/qr_stuff/install/qr_stuff/include/qr_stuff/qr_stuff/srv/detail
[2.633s] -- Installing: /home/shawn/Work/iitb/mrt/ros/mrt_ws/src/qr_stuff/install/qr_stuff/include/qr_stuff/qr_stuff/srv/detail/add_three_ints__type_support.h
[2.633s] -- Installing: /home/shawn/Work/iitb/mrt/ros/mrt_ws/src/qr_stuff/install/qr_stuff/include/qr_stuff/qr_stuff/srv/detail/add_three_ints__functions.c
[2.633s] -- Installing: /home/shawn/Work/iitb/mrt/ros/mrt_ws/src/qr_stuff/install/qr_stuff/include/qr_stuff/qr_stuff/srv/detail/add_three_ints__functions.h
[2.633s] -- Installing: /home/shawn/Work/iitb/mrt/ros/mrt_ws/src/qr_stuff/install/qr_stuff/include/qr_stuff/qr_stuff/srv/detail/add_three_ints__struct.h
[2.633s] -- Installing: /home/shawn/Work/iitb/mrt/ros/mrt_ws/src/qr_stuff/install/qr_stuff/include/qr_stuff/qr_stuff/msg
[2.633s] -- Installing: /home/shawn/Work/iitb/mrt/ros/mrt_ws/src/qr_stuff/install/qr_stuff/include/qr_stuff/qr_stuff/msg/detail
[2.633s] -- Installing: /home/shawn/Work/iitb/mrt/ros/mrt_ws/src/qr_stuff/install/qr_stuff/include/qr_stuff/qr_stuff/msg/detail/sphere__type_support.h
[2.633s] -- Installing: /home/shawn/Work/iitb/mrt/ros/mrt_ws/src/qr_stuff/install/qr_stuff/include/qr_stuff/qr_stuff/msg/detail/sphere__functions.h
[2.633s] -- Installing: /home/shawn/Work/iitb/mrt/ros/mrt_ws/src/qr_stuff/install/qr_stuff/include/qr_stuff/qr_stuff/msg/detail/sphere__functions.c
[2.633s] -- Installing: /home/shawn/Work/iitb/mrt/ros/mrt_ws/src/qr_stuff/install/qr_stuff/include/qr_stuff/qr_stuff/msg/detail/num__functions.h
[2.633s] -- Installing: /home/shawn/Work/iitb/mrt/ros/mrt_ws/src/qr_stuff/install/qr_stuff/include/qr_stuff/qr_stuff/msg/detail/num__struct.h
[2.633s] -- Installing: /home/shawn/Work/iitb/mrt/ros/mrt_ws/src/qr_stuff/install/qr_stuff/include/qr_stuff/qr_stuff/msg/detail/num__type_support.h
[2.633s] -- Installing: /home/shawn/Work/iitb/mrt/ros/mrt_ws/src/qr_stuff/install/qr_stuff/include/qr_stuff/qr_stuff/msg/detail/sphere__struct.h
[2.633s] -- Installing: /home/shawn/Work/iitb/mrt/ros/mrt_ws/src/qr_stuff/install/qr_stuff/include/qr_stuff/qr_stuff/msg/detail/num__functions.c
[2.633s] -- Installing: /home/shawn/Work/iitb/mrt/ros/mrt_ws/src/qr_stuff/install/qr_stuff/include/qr_stuff/qr_stuff/msg/sphere.h
[2.633s] -- Installing: /home/shawn/Work/iitb/mrt/ros/mrt_ws/src/qr_stuff/install/qr_stuff/include/qr_stuff/qr_stuff/msg/num.h
[2.633s] -- Installing: /home/shawn/Work/iitb/mrt/ros/mrt_ws/src/qr_stuff/install/qr_stuff/include/qr_stuff/qr_stuff/msg/rosidl_generator_c__visibility_control.h
[2.634s] -- Installing: /home/shawn/Work/iitb/mrt/ros/mrt_ws/src/qr_stuff/install/qr_stuff/share/qr_stuff/environment/library_path.sh
[2.634s] -- Installing: /home/shawn/Work/iitb/mrt/ros/mrt_ws/src/qr_stuff/install/qr_stuff/share/qr_stuff/environment/library_path.dsv
[2.634s] -- Installing: /home/shawn/Work/iitb/mrt/ros/mrt_ws/src/qr_stuff/install/qr_stuff/lib/libqr_stuff__rosidl_generator_c.so
[2.634s] -- Set runtime path of "/home/shawn/Work/iitb/mrt/ros/mrt_ws/src/qr_stuff/install/qr_stuff/lib/libqr_stuff__rosidl_generator_c.so" to ""
[2.634s] -- Up-to-date: /home/shawn/Work/iitb/mrt/ros/mrt_ws/src/qr_stuff/install/qr_stuff/include/qr_stuff/qr_stuff
[2.634s] -- Up-to-date: /home/shawn/Work/iitb/mrt/ros/mrt_ws/src/qr_stuff/install/qr_stuff/include/qr_stuff/qr_stuff/srv
[2.634s] -- Up-to-date: /home/shawn/Work/iitb/mrt/ros/mrt_ws/src/qr_stuff/install/qr_stuff/include/qr_stuff/qr_stuff/srv/detail
[2.634s] -- Installing: /home/shawn/Work/iitb/mrt/ros/mrt_ws/src/qr_stuff/install/qr_stuff/include/qr_stuff/qr_stuff/srv/detail/add_three_ints__rosidl_typesupport_fastrtps_c.h
[2.634s] -- Up-to-date: /home/shawn/Work/iitb/mrt/ros/mrt_ws/src/qr_stuff/install/qr_stuff/include/qr_stuff/qr_stuff/msg
[2.634s] -- Up-to-date: /home/shawn/Work/iitb/mrt/ros/mrt_ws/src/qr_stuff/install/qr_stuff/include/qr_stuff/qr_stuff/msg/detail
[2.634s] -- Installing: /home/shawn/Work/iitb/mrt/ros/mrt_ws/src/qr_stuff/install/qr_stuff/include/qr_stuff/qr_stuff/msg/detail/sphere__rosidl_typesupport_fastrtps_c.h
[2.634s] -- Installing: /home/shawn/Work/iitb/mrt/ros/mrt_ws/src/qr_stuff/install/qr_stuff/include/qr_stuff/qr_stuff/msg/detail/num__rosidl_typesupport_fastrtps_c.h
[2.634s] -- Installing: /home/shawn/Work/iitb/mrt/ros/mrt_ws/src/qr_stuff/install/qr_stuff/include/qr_stuff/qr_stuff/msg/rosidl_typesupport_fastrtps_c__visibility_control.h
[2.634s] -- Installing: /home/shawn/Work/iitb/mrt/ros/mrt_ws/src/qr_stuff/install/qr_stuff/lib/libqr_stuff__rosidl_typesupport_fastrtps_c.so
[2.634s] -- Set runtime path of "/home/shawn/Work/iitb/mrt/ros/mrt_ws/src/qr_stuff/install/qr_stuff/lib/libqr_stuff__rosidl_typesupport_fastrtps_c.so" to ""
[2.634s] -- Up-to-date: /home/shawn/Work/iitb/mrt/ros/mrt_ws/src/qr_stuff/install/qr_stuff/include/qr_stuff/qr_stuff
[2.634s] -- Up-to-date: /home/shawn/Work/iitb/mrt/ros/mrt_ws/src/qr_stuff/install/qr_stuff/include/qr_stuff/qr_stuff/srv
[2.634s] -- Installing: /home/shawn/Work/iitb/mrt/ros/mrt_ws/src/qr_stuff/install/qr_stuff/include/qr_stuff/qr_stuff/srv/add_three_ints.hpp
[2.634s] -- Up-to-date: /home/shawn/Work/iitb/mrt/ros/mrt_ws/src/qr_stuff/install/qr_stuff/include/qr_stuff/qr_stuff/srv/detail
[2.634s] -- Installing: /home/shawn/Work/iitb/mrt/ros/mrt_ws/src/qr_stuff/install/qr_stuff/include/qr_stuff/qr_stuff/srv/detail/add_three_ints__builder.hpp
[2.634s] -- Installing: /home/shawn/Work/iitb/mrt/ros/mrt_ws/src/qr_stuff/install/qr_stuff/include/qr_stuff/qr_stuff/srv/detail/add_three_ints__traits.hpp
[2.635s] -- Installing: /home/shawn/Work/iitb/mrt/ros/mrt_ws/src/qr_stuff/install/qr_stuff/include/qr_stuff/qr_stuff/srv/detail/add_three_ints__struct.hpp
[2.635s] -- Up-to-date: /home/shawn/Work/iitb/mrt/ros/mrt_ws/src/qr_stuff/install/qr_stuff/include/qr_stuff/qr_stuff/msg
[2.635s] -- Up-to-date: /home/shawn/Work/iitb/mrt/ros/mrt_ws/src/qr_stuff/install/qr_stuff/include/qr_stuff/qr_stuff/msg/detail
[2.635s] -- Installing: /home/shawn/Work/iitb/mrt/ros/mrt_ws/src/qr_stuff/install/qr_stuff/include/qr_stuff/qr_stuff/msg/detail/sphere__struct.hpp
[2.635s] -- Installing: /home/shawn/Work/iitb/mrt/ros/mrt_ws/src/qr_stuff/install/qr_stuff/include/qr_stuff/qr_stuff/msg/detail/num__struct.hpp
[2.635s] -- Installing: /home/shawn/Work/iitb/mrt/ros/mrt_ws/src/qr_stuff/install/qr_stuff/include/qr_stuff/qr_stuff/msg/detail/sphere__traits.hpp
[2.635s] -- Installing: /home/shawn/Work/iitb/mrt/ros/mrt_ws/src/qr_stuff/install/qr_stuff/include/qr_stuff/qr_stuff/msg/detail/num__traits.hpp
[2.635s] -- Installing: /home/shawn/Work/iitb/mrt/ros/mrt_ws/src/qr_stuff/install/qr_stuff/include/qr_stuff/qr_stuff/msg/detail/num__builder.hpp
[2.635s] -- Installing: /home/shawn/Work/iitb/mrt/ros/mrt_ws/src/qr_stuff/install/qr_stuff/include/qr_stuff/qr_stuff/msg/detail/sphere__builder.hpp
[2.635s] -- Installing: /home/shawn/Work/iitb/mrt/ros/mrt_ws/src/qr_stuff/install/qr_stuff/include/qr_stuff/qr_stuff/msg/sphere.hpp
[2.635s] -- Installing: /home/shawn/Work/iitb/mrt/ros/mrt_ws/src/qr_stuff/install/qr_stuff/include/qr_stuff/qr_stuff/msg/num.hpp
[2.635s] -- Up-to-date: /home/shawn/Work/iitb/mrt/ros/mrt_ws/src/qr_stuff/install/qr_stuff/include/qr_stuff/qr_stuff
[2.635s] -- Up-to-date: /home/shawn/Work/iitb/mrt/ros/mrt_ws/src/qr_stuff/install/qr_stuff/include/qr_stuff/qr_stuff/srv
[2.635s] -- Up-to-date: /home/shawn/Work/iitb/mrt/ros/mrt_ws/src/qr_stuff/install/qr_stuff/include/qr_stuff/qr_stuff/srv/detail
[2.635s] -- Installing: /home/shawn/Work/iitb/mrt/ros/mrt_ws/src/qr_stuff/install/qr_stuff/include/qr_stuff/qr_stuff/srv/detail/dds_fastrtps
[2.635s] -- Installing: /home/shawn/Work/iitb/mrt/ros/mrt_ws/src/qr_stuff/install/qr_stuff/include/qr_stuff/qr_stuff/srv/detail/add_three_ints__rosidl_typesupport_fastrtps_cpp.hpp
[2.635s] -- Up-to-date: /home/shawn/Work/iitb/mrt/ros/mrt_ws/src/qr_stuff/install/qr_stuff/include/qr_stuff/qr_stuff/msg
[2.635s] -- Installing: /home/shawn/Work/iitb/mrt/ros/mrt_ws/src/qr_stuff/install/qr_stuff/include/qr_stuff/qr_stuff/msg/rosidl_typesupport_fastrtps_cpp__visibility_control.h
[2.635s] -- Up-to-date: /home/shawn/Work/iitb/mrt/ros/mrt_ws/src/qr_stuff/install/qr_stuff/include/qr_stuff/qr_stuff/msg/detail
[2.635s] -- Installing: /home/shawn/Work/iitb/mrt/ros/mrt_ws/src/qr_stuff/install/qr_stuff/include/qr_stuff/qr_stuff/msg/detail/sphere__rosidl_typesupport_fastrtps_cpp.hpp
[2.635s] -- Installing: /home/shawn/Work/iitb/mrt/ros/mrt_ws/src/qr_stuff/install/qr_stuff/include/qr_stuff/qr_stuff/msg/detail/dds_fastrtps
[2.635s] -- Installing: /home/shawn/Work/iitb/mrt/ros/mrt_ws/src/qr_stuff/install/qr_stuff/include/qr_stuff/qr_stuff/msg/detail/num__rosidl_typesupport_fastrtps_cpp.hpp
[2.635s] -- Installing: /home/shawn/Work/iitb/mrt/ros/mrt_ws/src/qr_stuff/install/qr_stuff/lib/libqr_stuff__rosidl_typesupport_fastrtps_cpp.so
[2.635s] -- Set runtime path of "/home/shawn/Work/iitb/mrt/ros/mrt_ws/src/qr_stuff/install/qr_stuff/lib/libqr_stuff__rosidl_typesupport_fastrtps_cpp.so" to ""
[2.636s] -- Up-to-date: /home/shawn/Work/iitb/mrt/ros/mrt_ws/src/qr_stuff/install/qr_stuff/include/qr_stuff/qr_stuff
[2.636s] -- Up-to-date: /home/shawn/Work/iitb/mrt/ros/mrt_ws/src/qr_stuff/install/qr_stuff/include/qr_stuff/qr_stuff/srv
[2.636s] -- Up-to-date: /home/shawn/Work/iitb/mrt/ros/mrt_ws/src/qr_stuff/install/qr_stuff/include/qr_stuff/qr_stuff/srv/detail
[2.636s] -- Installing: /home/shawn/Work/iitb/mrt/ros/mrt_ws/src/qr_stuff/install/qr_stuff/include/qr_stuff/qr_stuff/srv/detail/add_three_ints__type_support.c
[2.636s] -- Installing: /home/shawn/Work/iitb/mrt/ros/mrt_ws/src/qr_stuff/install/qr_stuff/include/qr_stuff/qr_stuff/srv/detail/add_three_ints__rosidl_typesupport_introspection_c.h
[2.636s] -- Up-to-date: /home/shawn/Work/iitb/mrt/ros/mrt_ws/src/qr_stuff/install/qr_stuff/include/qr_stuff/qr_stuff/msg
[2.636s] -- Up-to-date: /home/shawn/Work/iitb/mrt/ros/mrt_ws/src/qr_stuff/install/qr_stuff/include/qr_stuff/qr_stuff/msg/detail
[2.636s] -- Installing: /home/shawn/Work/iitb/mrt/ros/mrt_ws/src/qr_stuff/install/qr_stuff/include/qr_stuff/qr_stuff/msg/detail/num__type_support.c
[2.636s] -- Installing: /home/shawn/Work/iitb/mrt/ros/mrt_ws/src/qr_stuff/install/qr_stuff/include/qr_stuff/qr_stuff/msg/detail/sphere__type_support.c
[2.636s] -- Installing: /home/shawn/Work/iitb/mrt/ros/mrt_ws/src/qr_stuff/install/qr_stuff/include/qr_stuff/qr_stuff/msg/detail/sphere__rosidl_typesupport_introspection_c.h
[2.636s] -- Installing: /home/shawn/Work/iitb/mrt/ros/mrt_ws/src/qr_stuff/install/qr_stuff/include/qr_stuff/qr_stuff/msg/detail/num__rosidl_typesupport_introspection_c.h
[2.636s] -- Installing: /home/shawn/Work/iitb/mrt/ros/mrt_ws/src/qr_stuff/install/qr_stuff/include/qr_stuff/qr_stuff/msg/rosidl_typesupport_introspection_c__visibility_control.h
[2.637s] -- Installing: /home/shawn/Work/iitb/mrt/ros/mrt_ws/src/qr_stuff/install/qr_stuff/lib/libqr_stuff__rosidl_typesupport_introspection_c.so
[2.637s] -- Set runtime path of "/home/shawn/Work/iitb/mrt/ros/mrt_ws/src/qr_stuff/install/qr_stuff/lib/libqr_stuff__rosidl_typesupport_introspection_c.so" to ""
[2.637s] -- Installing: /home/shawn/Work/iitb/mrt/ros/mrt_ws/src/qr_stuff/install/qr_stuff/lib/libqr_stuff__rosidl_typesupport_c.so
[2.637s] -- Set runtime path of "/home/shawn/Work/iitb/mrt/ros/mrt_ws/src/qr_stuff/install/qr_stuff/lib/libqr_stuff__rosidl_typesupport_c.so" to ""
[2.637s] -- Up-to-date: /home/shawn/Work/iitb/mrt/ros/mrt_ws/src/qr_stuff/install/qr_stuff/include/qr_stuff/qr_stuff
[2.637s] -- Up-to-date: /home/shawn/Work/iitb/mrt/ros/mrt_ws/src/qr_stuff/install/qr_stuff/include/qr_stuff/qr_stuff/srv
[2.637s] -- Up-to-date: /home/shawn/Work/iitb/mrt/ros/mrt_ws/src/qr_stuff/install/qr_stuff/include/qr_stuff/qr_stuff/srv/detail
[2.638s] -- Installing: /home/shawn/Work/iitb/mrt/ros/mrt_ws/src/qr_stuff/install/qr_stuff/include/qr_stuff/qr_stuff/srv/detail/add_three_ints__type_support.cpp
[2.638s] -- Installing: /home/shawn/Work/iitb/mrt/ros/mrt_ws/src/qr_stuff/install/qr_stuff/include/qr_stuff/qr_stuff/srv/detail/add_three_ints__rosidl_typesupport_introspection_cpp.hpp
[2.638s] -- Up-to-date: /home/shawn/Work/iitb/mrt/ros/mrt_ws/src/qr_stuff/install/qr_stuff/include/qr_stuff/qr_stuff/msg
[2.638s] -- Up-to-date: /home/shawn/Work/iitb/mrt/ros/mrt_ws/src/qr_stuff/install/qr_stuff/include/qr_stuff/qr_stuff/msg/detail
[2.638s] -- Installing: /home/shawn/Work/iitb/mrt/ros/mrt_ws/src/qr_stuff/install/qr_stuff/include/qr_stuff/qr_stuff/msg/detail/sphere__rosidl_typesupport_introspection_cpp.hpp
[2.638s] -- Installing: /home/shawn/Work/iitb/mrt/ros/mrt_ws/src/qr_stuff/install/qr_stuff/include/qr_stuff/qr_stuff/msg/detail/sphere__type_support.cpp
[2.638s] -- Installing: /home/shawn/Work/iitb/mrt/ros/mrt_ws/src/qr_stuff/install/qr_stuff/include/qr_stuff/qr_stuff/msg/detail/num__type_support.cpp
[2.639s] -- Installing: /home/shawn/Work/iitb/mrt/ros/mrt_ws/src/qr_stuff/install/qr_stuff/include/qr_stuff/qr_stuff/msg/detail/num__rosidl_typesupport_introspection_cpp.hpp
[2.639s] -- Installing: /home/shawn/Work/iitb/mrt/ros/mrt_ws/src/qr_stuff/install/qr_stuff/lib/libqr_stuff__rosidl_typesupport_introspection_cpp.so
[2.639s] -- Set runtime path of "/home/shawn/Work/iitb/mrt/ros/mrt_ws/src/qr_stuff/install/qr_stuff/lib/libqr_stuff__rosidl_typesupport_introspection_cpp.so" to ""
[2.639s] -- Installing: /home/shawn/Work/iitb/mrt/ros/mrt_ws/src/qr_stuff/install/qr_stuff/lib/libqr_stuff__rosidl_typesupport_cpp.so
[2.639s] -- Set runtime path of "/home/shawn/Work/iitb/mrt/ros/mrt_ws/src/qr_stuff/install/qr_stuff/lib/libqr_stuff__rosidl_typesupport_cpp.so" to ""
[2.639s] -- Installing: /home/shawn/Work/iitb/mrt/ros/mrt_ws/src/qr_stuff/install/qr_stuff/share/qr_stuff/environment/pythonpath.sh
[2.639s] -- Installing: /home/shawn/Work/iitb/mrt/ros/mrt_ws/src/qr_stuff/install/qr_stuff/share/qr_stuff/environment/pythonpath.dsv
[2.639s] -- Installing: /home/shawn/Work/iitb/mrt/ros/mrt_ws/src/qr_stuff/install/qr_stuff/local/lib/python3.10/dist-packages/qr_stuff-0.0.0-py3.10.egg-info
[2.640s] -- Installing: /home/shawn/Work/iitb/mrt/ros/mrt_ws/src/qr_stuff/install/qr_stuff/local/lib/python3.10/dist-packages/qr_stuff-0.0.0-py3.10.egg-info/PKG-INFO
[2.640s] -- Installing: /home/shawn/Work/iitb/mrt/ros/mrt_ws/src/qr_stuff/install/qr_stuff/local/lib/python3.10/dist-packages/qr_stuff-0.0.0-py3.10.egg-info/dependency_links.txt
[2.640s] -- Installing: /home/shawn/Work/iitb/mrt/ros/mrt_ws/src/qr_stuff/install/qr_stuff/local/lib/python3.10/dist-packages/qr_stuff-0.0.0-py3.10.egg-info/top_level.txt
[2.640s] -- Installing: /home/shawn/Work/iitb/mrt/ros/mrt_ws/src/qr_stuff/install/qr_stuff/local/lib/python3.10/dist-packages/qr_stuff-0.0.0-py3.10.egg-info/SOURCES.txt
[2.640s] -- Installing: /home/shawn/Work/iitb/mrt/ros/mrt_ws/src/qr_stuff/install/qr_stuff/local/lib/python3.10/dist-packages/qr_stuff
[2.640s] -- Installing: /home/shawn/Work/iitb/mrt/ros/mrt_ws/src/qr_stuff/install/qr_stuff/local/lib/python3.10/dist-packages/qr_stuff/qr_stuff_s__rosidl_typesupport_fastrtps_c.cpython-310-x86_64-linux-gnu.so
[2.640s] -- Installing: /home/shawn/Work/iitb/mrt/ros/mrt_ws/src/qr_stuff/install/qr_stuff/local/lib/python3.10/dist-packages/qr_stuff/qr_stuff_s__rosidl_typesupport_introspection_c.cpython-310-x86_64-linux-gnu.so
[2.640s] -- Installing: /home/shawn/Work/iitb/mrt/ros/mrt_ws/src/qr_stuff/install/qr_stuff/local/lib/python3.10/dist-packages/qr_stuff/__init__.py
[2.640s] -- Installing: /home/shawn/Work/iitb/mrt/ros/mrt_ws/src/qr_stuff/install/qr_stuff/local/lib/python3.10/dist-packages/qr_stuff/srv
[2.640s] -- Installing: /home/shawn/Work/iitb/mrt/ros/mrt_ws/src/qr_stuff/install/qr_stuff/local/lib/python3.10/dist-packages/qr_stuff/srv/_add_three_ints_s.c
[2.640s] -- Installing: /home/shawn/Work/iitb/mrt/ros/mrt_ws/src/qr_stuff/install/qr_stuff/local/lib/python3.10/dist-packages/qr_stuff/srv/__init__.py
[2.640s] -- Installing: /home/shawn/Work/iitb/mrt/ros/mrt_ws/src/qr_stuff/install/qr_stuff/local/lib/python3.10/dist-packages/qr_stuff/srv/_add_three_ints.py
[2.640s] -- Installing: /home/shawn/Work/iitb/mrt/ros/mrt_ws/src/qr_stuff/install/qr_stuff/local/lib/python3.10/dist-packages/qr_stuff/qr_stuff_s__rosidl_typesupport_c.cpython-310-x86_64-linux-gnu.so
[2.640s] -- Installing: /home/shawn/Work/iitb/mrt/ros/mrt_ws/src/qr_stuff/install/qr_stuff/local/lib/python3.10/dist-packages/qr_stuff/_qr_stuff_s.ep.rosidl_typesupport_fastrtps_c.c
[2.641s] -- Installing: /home/shawn/Work/iitb/mrt/ros/mrt_ws/src/qr_stuff/install/qr_stuff/local/lib/python3.10/dist-packages/qr_stuff/msg
[2.641s] -- Installing: /home/shawn/Work/iitb/mrt/ros/mrt_ws/src/qr_stuff/install/qr_stuff/local/lib/python3.10/dist-packages/qr_stuff/msg/__init__.py
[2.641s] -- Installing: /home/shawn/Work/iitb/mrt/ros/mrt_ws/src/qr_stuff/install/qr_stuff/local/lib/python3.10/dist-packages/qr_stuff/msg/_sphere.py
[2.641s] -- Installing: /home/shawn/Work/iitb/mrt/ros/mrt_ws/src/qr_stuff/install/qr_stuff/local/lib/python3.10/dist-packages/qr_stuff/msg/_sphere_s.c
[2.641s] -- Installing: /home/shawn/Work/iitb/mrt/ros/mrt_ws/src/qr_stuff/install/qr_stuff/local/lib/python3.10/dist-packages/qr_stuff/msg/_num.py
[2.641s] -- Installing: /home/shawn/Work/iitb/mrt/ros/mrt_ws/src/qr_stuff/install/qr_stuff/local/lib/python3.10/dist-packages/qr_stuff/msg/_num_s.c
[2.641s] -- Installing: /home/shawn/Work/iitb/mrt/ros/mrt_ws/src/qr_stuff/install/qr_stuff/local/lib/python3.10/dist-packages/qr_stuff/libqr_stuff__rosidl_generator_py.so
[2.641s] -- Installing: /home/shawn/Work/iitb/mrt/ros/mrt_ws/src/qr_stuff/install/qr_stuff/local/lib/python3.10/dist-packages/qr_stuff/_qr_stuff_s.ep.rosidl_typesupport_introspection_c.c
[2.641s] -- Installing: /home/shawn/Work/iitb/mrt/ros/mrt_ws/src/qr_stuff/install/qr_stuff/local/lib/python3.10/dist-packages/qr_stuff/_qr_stuff_s.ep.rosidl_typesupport_c.c
[2.667s] Listing '/home/shawn/Work/iitb/mrt/ros/mrt_ws/src/qr_stuff/install/qr_stuff/local/lib/python3.10/dist-packages/qr_stuff'...
[2.667s] Compiling '/home/shawn/Work/iitb/mrt/ros/mrt_ws/src/qr_stuff/install/qr_stuff/local/lib/python3.10/dist-packages/qr_stuff/__init__.py'...
[2.667s] Listing '/home/shawn/Work/iitb/mrt/ros/mrt_ws/src/qr_stuff/install/qr_stuff/local/lib/python3.10/dist-packages/qr_stuff/msg'...
[2.667s] Compiling '/home/shawn/Work/iitb/mrt/ros/mrt_ws/src/qr_stuff/install/qr_stuff/local/lib/python3.10/dist-packages/qr_stuff/msg/__init__.py'...
[2.667s] Compiling '/home/shawn/Work/iitb/mrt/ros/mrt_ws/src/qr_stuff/install/qr_stuff/local/lib/python3.10/dist-packages/qr_stuff/msg/_num.py'...
[2.667s] Compiling '/home/shawn/Work/iitb/mrt/ros/mrt_ws/src/qr_stuff/install/qr_stuff/local/lib/python3.10/dist-packages/qr_stuff/msg/_sphere.py'...
[2.667s] Listing '/home/shawn/Work/iitb/mrt/ros/mrt_ws/src/qr_stuff/install/qr_stuff/local/lib/python3.10/dist-packages/qr_stuff/srv'...
[2.667s] Compiling '/home/shawn/Work/iitb/mrt/ros/mrt_ws/src/qr_stuff/install/qr_stuff/local/lib/python3.10/dist-packages/qr_stuff/srv/__init__.py'...
[2.667s] Compiling '/home/shawn/Work/iitb/mrt/ros/mrt_ws/src/qr_stuff/install/qr_stuff/local/lib/python3.10/dist-packages/qr_stuff/srv/_add_three_ints.py'...
[2.670s] -- Installing: /home/shawn/Work/iitb/mrt/ros/mrt_ws/src/qr_stuff/install/qr_stuff/local/lib/python3.10/dist-packages/qr_stuff/qr_stuff_s__rosidl_typesupport_fastrtps_c.cpython-310-x86_64-linux-gnu.so
[2.670s] -- Set runtime path of "/home/shawn/Work/iitb/mrt/ros/mrt_ws/src/qr_stuff/install/qr_stuff/local/lib/python3.10/dist-packages/qr_stuff/qr_stuff_s__rosidl_typesupport_fastrtps_c.cpython-310-x86_64-linux-gnu.so" to ""
[2.670s] -- Installing: /home/shawn/Work/iitb/mrt/ros/mrt_ws/src/qr_stuff/install/qr_stuff/local/lib/python3.10/dist-packages/qr_stuff/qr_stuff_s__rosidl_typesupport_introspection_c.cpython-310-x86_64-linux-gnu.so
[2.670s] -- Set runtime path of "/home/shawn/Work/iitb/mrt/ros/mrt_ws/src/qr_stuff/install/qr_stuff/local/lib/python3.10/dist-packages/qr_stuff/qr_stuff_s__rosidl_typesupport_introspection_c.cpython-310-x86_64-linux-gnu.so" to ""
[2.671s] -- Installing: /home/shawn/Work/iitb/mrt/ros/mrt_ws/src/qr_stuff/install/qr_stuff/local/lib/python3.10/dist-packages/qr_stuff/qr_stuff_s__rosidl_typesupport_c.cpython-310-x86_64-linux-gnu.so
[2.671s] -- Set runtime path of "/home/shawn/Work/iitb/mrt/ros/mrt_ws/src/qr_stuff/install/qr_stuff/local/lib/python3.10/dist-packages/qr_stuff/qr_stuff_s__rosidl_typesupport_c.cpython-310-x86_64-linux-gnu.so" to ""
[2.671s] -- Installing: /home/shawn/Work/iitb/mrt/ros/mrt_ws/src/qr_stuff/install/qr_stuff/lib/libqr_stuff__rosidl_generator_py.so
[2.671s] -- Set runtime path of "/home/shawn/Work/iitb/mrt/ros/mrt_ws/src/qr_stuff/install/qr_stuff/lib/libqr_stuff__rosidl_generator_py.so" to ""
[2.671s] -- Installing: /home/shawn/Work/iitb/mrt/ros/mrt_ws/src/qr_stuff/install/qr_stuff/share/qr_stuff/msg/Num.idl
[2.671s] -- Installing: /home/shawn/Work/iitb/mrt/ros/mrt_ws/src/qr_stuff/install/qr_stuff/share/qr_stuff/msg/Sphere.idl
[2.671s] -- Installing: /home/shawn/Work/iitb/mrt/ros/mrt_ws/src/qr_stuff/install/qr_stuff/share/qr_stuff/srv/AddThreeInts.idl
[2.671s] -- Installing: /home/shawn/Work/iitb/mrt/ros/mrt_ws/src/qr_stuff/install/qr_stuff/share/qr_stuff/msg/Num.msg
[2.671s] -- Installing: /home/shawn/Work/iitb/mrt/ros/mrt_ws/src/qr_stuff/install/qr_stuff/share/qr_stuff/msg/Sphere.msg
[2.671s] -- Installing: /home/shawn/Work/iitb/mrt/ros/mrt_ws/src/qr_stuff/install/qr_stuff/share/qr_stuff/srv/AddThreeInts.srv
[2.671s] -- Installing: /home/shawn/Work/iitb/mrt/ros/mrt_ws/src/qr_stuff/install/qr_stuff/share/qr_stuff/srv/AddThreeInts_Request.msg
[2.671s] -- Installing: /home/shawn/Work/iitb/mrt/ros/mrt_ws/src/qr_stuff/install/qr_stuff/share/qr_stuff/srv/AddThreeInts_Response.msg
[2.671s] -- Installing: /home/shawn/Work/iitb/mrt/ros/mrt_ws/src/qr_stuff/install/qr_stuff/share/ament_index/resource_index/package_run_dependencies/qr_stuff
[2.671s] -- Installing: /home/shawn/Work/iitb/mrt/ros/mrt_ws/src/qr_stuff/install/qr_stuff/share/ament_index/resource_index/parent_prefix_path/qr_stuff
[2.672s] -- Installing: /home/shawn/Work/iitb/mrt/ros/mrt_ws/src/qr_stuff/install/qr_stuff/share/qr_stuff/environment/ament_prefix_path.sh
[2.672s] -- Installing: /home/shawn/Work/iitb/mrt/ros/mrt_ws/src/qr_stuff/install/qr_stuff/share/qr_stuff/environment/ament_prefix_path.dsv
[2.672s] -- Installing: /home/shawn/Work/iitb/mrt/ros/mrt_ws/src/qr_stuff/install/qr_stuff/share/qr_stuff/environment/path.sh
[2.672s] -- Installing: /home/shawn/Work/iitb/mrt/ros/mrt_ws/src/qr_stuff/install/qr_stuff/share/qr_stuff/environment/path.dsv
[2.672s] -- Installing: /home/shawn/Work/iitb/mrt/ros/mrt_ws/src/qr_stuff/install/qr_stuff/share/qr_stuff/local_setup.bash
[2.672s] -- Installing: /home/shawn/Work/iitb/mrt/ros/mrt_ws/src/qr_stuff/install/qr_stuff/share/qr_stuff/local_setup.sh
[2.672s] -- Installing: /home/shawn/Work/iitb/mrt/ros/mrt_ws/src/qr_stuff/install/qr_stuff/share/qr_stuff/local_setup.zsh
[2.672s] -- Installing: /home/shawn/Work/iitb/mrt/ros/mrt_ws/src/qr_stuff/install/qr_stuff/share/qr_stuff/local_setup.dsv
[2.672s] -- Installing: /home/shawn/Work/iitb/mrt/ros/mrt_ws/src/qr_stuff/install/qr_stuff/share/qr_stuff/package.dsv
[2.672s] -- Installing: /home/shawn/Work/iitb/mrt/ros/mrt_ws/src/qr_stuff/install/qr_stuff/share/ament_index/resource_index/packages/qr_stuff
[2.672s] -- Installing: /home/shawn/Work/iitb/mrt/ros/mrt_ws/src/qr_stuff/install/qr_stuff/share/qr_stuff/cmake/export_qr_stuff__rosidl_generator_cExport.cmake
[2.672s] -- Installing: /home/shawn/Work/iitb/mrt/ros/mrt_ws/src/qr_stuff/install/qr_stuff/share/qr_stuff/cmake/export_qr_stuff__rosidl_generator_cExport-noconfig.cmake
[2.672s] -- Installing: /home/shawn/Work/iitb/mrt/ros/mrt_ws/src/qr_stuff/install/qr_stuff/share/qr_stuff/cmake/export_qr_stuff__rosidl_typesupport_fastrtps_cExport.cmake
[2.672s] -- Installing: /home/shawn/Work/iitb/mrt/ros/mrt_ws/src/qr_stuff/install/qr_stuff/share/qr_stuff/cmake/export_qr_stuff__rosidl_typesupport_fastrtps_cExport-noconfig.cmake
[2.673s] -- Installing: /home/shawn/Work/iitb/mrt/ros/mrt_ws/src/qr_stuff/install/qr_stuff/share/qr_stuff/cmake/export_qr_stuff__rosidl_generator_cppExport.cmake
[2.673s] -- Installing: /home/shawn/Work/iitb/mrt/ros/mrt_ws/src/qr_stuff/install/qr_stuff/share/qr_stuff/cmake/export_qr_stuff__rosidl_typesupport_fastrtps_cppExport.cmake
[2.673s] -- Installing: /home/shawn/Work/iitb/mrt/ros/mrt_ws/src/qr_stuff/install/qr_stuff/share/qr_stuff/cmake/export_qr_stuff__rosidl_typesupport_fastrtps_cppExport-noconfig.cmake
[2.673s] -- Installing: /home/shawn/Work/iitb/mrt/ros/mrt_ws/src/qr_stuff/install/qr_stuff/share/qr_stuff/cmake/qr_stuff__rosidl_typesupport_introspection_cExport.cmake
[2.673s] -- Installing: /home/shawn/Work/iitb/mrt/ros/mrt_ws/src/qr_stuff/install/qr_stuff/share/qr_stuff/cmake/qr_stuff__rosidl_typesupport_introspection_cExport-noconfig.cmake
[2.673s] -- Installing: /home/shawn/Work/iitb/mrt/ros/mrt_ws/src/qr_stuff/install/qr_stuff/share/qr_stuff/cmake/qr_stuff__rosidl_typesupport_cExport.cmake
[2.673s] -- Installing: /home/shawn/Work/iitb/mrt/ros/mrt_ws/src/qr_stuff/install/qr_stuff/share/qr_stuff/cmake/qr_stuff__rosidl_typesupport_cExport-noconfig.cmake
[2.673s] -- Installing: /home/shawn/Work/iitb/mrt/ros/mrt_ws/src/qr_stuff/install/qr_stuff/share/qr_stuff/cmake/qr_stuff__rosidl_typesupport_introspection_cppExport.cmake
[2.673s] -- Installing: /home/shawn/Work/iitb/mrt/ros/mrt_ws/src/qr_stuff/install/qr_stuff/share/qr_stuff/cmake/qr_stuff__rosidl_typesupport_introspection_cppExport-noconfig.cmake
[2.673s] -- Installing: /home/shawn/Work/iitb/mrt/ros/mrt_ws/src/qr_stuff/install/qr_stuff/share/qr_stuff/cmake/qr_stuff__rosidl_typesupport_cppExport.cmake
[2.673s] -- Installing: /home/shawn/Work/iitb/mrt/ros/mrt_ws/src/qr_stuff/install/qr_stuff/share/qr_stuff/cmake/qr_stuff__rosidl_typesupport_cppExport-noconfig.cmake
[2.673s] -- Installing: /home/shawn/Work/iitb/mrt/ros/mrt_ws/src/qr_stuff/install/qr_stuff/share/qr_stuff/cmake/export_qr_stuff__rosidl_generator_pyExport.cmake
[2.673s] -- Installing: /home/shawn/Work/iitb/mrt/ros/mrt_ws/src/qr_stuff/install/qr_stuff/share/qr_stuff/cmake/export_qr_stuff__rosidl_generator_pyExport-noconfig.cmake
[2.674s] -- Installing: /home/shawn/Work/iitb/mrt/ros/mrt_ws/src/qr_stuff/install/qr_stuff/share/qr_stuff/cmake/rosidl_cmake-extras.cmake
[2.674s] -- Installing: /home/shawn/Work/iitb/mrt/ros/mrt_ws/src/qr_stuff/install/qr_stuff/share/qr_stuff/cmake/ament_cmake_export_dependencies-extras.cmake
[2.674s] -- Installing: /home/shawn/Work/iitb/mrt/ros/mrt_ws/src/qr_stuff/install/qr_stuff/share/qr_stuff/cmake/ament_cmake_export_include_directories-extras.cmake
[2.674s] -- Installing: /home/shawn/Work/iitb/mrt/ros/mrt_ws/src/qr_stuff/install/qr_stuff/share/qr_stuff/cmake/ament_cmake_export_libraries-extras.cmake
[2.674s] -- Installing: /home/shawn/Work/iitb/mrt/ros/mrt_ws/src/qr_stuff/install/qr_stuff/share/qr_stuff/cmake/ament_cmake_export_targets-extras.cmake
[2.674s] -- Installing: /home/shawn/Work/iitb/mrt/ros/mrt_ws/src/qr_stuff/install/qr_stuff/share/qr_stuff/cmake/rosidl_cmake_export_typesupport_targets-extras.cmake
[2.674s] -- Installing: /home/shawn/Work/iitb/mrt/ros/mrt_ws/src/qr_stuff/install/qr_stuff/share/qr_stuff/cmake/rosidl_cmake_export_typesupport_libraries-extras.cmake
[2.674s] -- Installing: /home/shawn/Work/iitb/mrt/ros/mrt_ws/src/qr_stuff/install/qr_stuff/share/qr_stuff/cmake/qr_stuffConfig.cmake
[2.674s] -- Installing: /home/shawn/Work/iitb/mrt/ros/mrt_ws/src/qr_stuff/install/qr_stuff/share/qr_stuff/cmake/qr_stuffConfig-version.cmake
[2.674s] -- Installing: /home/shawn/Work/iitb/mrt/ros/mrt_ws/src/qr_stuff/install/qr_stuff/share/qr_stuff/package.xml
[2.677s] Invoked command in '/home/shawn/Work/iitb/mrt/ros/mrt_ws/src/qr_stuff/build/qr_stuff' returned '0': CMAKE_PREFIX_PATH=/home/shawn/Work/iitb/mrt/ros/mrt_ws/install/week0_tutorials:/home/shawn/Work/iitb/mrt/ros/mrt_ws/install/sauron:/home/shawn/Work/iitb/mrt/ros/mrt_ws/install/qr_serve:/opt/ros/humble /usr/bin/cmake --install /home/shawn/Work/iitb/mrt/ros/mrt_ws/src/qr_stuff/build/qr_stuff
