[0.525s] Invoking command in '/home/shawn/Work/iitb/mrt/ros/mrt_ws/src/sauron': PYTHONPATH=/home/shawn/Work/iitb/mrt/ros/mrt_ws/build/sauron/prefix_override:/usr/lib/python3/dist-packages/colcon_core/task/python/colcon_distutils_commands:/home/shawn/Work/iitb/mrt/ros/mrt_ws/install/sauron/lib/python3.10/site-packages:${PYTHONPATH} /usr/bin/python3 -W ignore:setup.py install is deprecated setup.py egg_info --egg-base ../../build/sauron build --build-base /home/shawn/Work/iitb/mrt/ros/mrt_ws/build/sauron/build install --record /home/shawn/Work/iitb/mrt/ros/mrt_ws/build/sauron/install.log --single-version-externally-managed install_data
[0.669s] running egg_info
[0.669s] writing ../../build/sauron/sauron.egg-info/PKG-INFO
[0.669s] writing dependency_links to ../../build/sauron/sauron.egg-info/dependency_links.txt
[0.669s] writing entry points to ../../build/sauron/sauron.egg-info/entry_points.txt
[0.670s] writing requirements to ../../build/sauron/sauron.egg-info/requires.txt
[0.670s] writing top-level names to ../../build/sauron/sauron.egg-info/top_level.txt
[0.671s] reading manifest file '../../build/sauron/sauron.egg-info/SOURCES.txt'
[0.671s] writing manifest file '../../build/sauron/sauron.egg-info/SOURCES.txt'
[0.671s] running build
[0.671s] running build_py
[0.671s] running install
[0.672s] running install_lib
[0.672s] running install_data
[0.672s] running install_egg_info
[0.673s] removing '/home/shawn/Work/iitb/mrt/ros/mrt_ws/install/sauron/lib/python3.10/site-packages/sauron-0.0.0-py3.10.egg-info' (and everything under it)
[0.673s] Copying ../../build/sauron/sauron.egg-info to /home/shawn/Work/iitb/mrt/ros/mrt_ws/install/sauron/lib/python3.10/site-packages/sauron-0.0.0-py3.10.egg-info
[0.674s] running install_scripts
[0.687s] Installing pub1 script to /home/shawn/Work/iitb/mrt/ros/mrt_ws/install/sauron/lib/sauron
[0.687s] writing list of installed files to '/home/shawn/Work/iitb/mrt/ros/mrt_ws/build/sauron/install.log'
[0.702s] Invoked command in '/home/shawn/Work/iitb/mrt/ros/mrt_ws/src/sauron' returned '0': PYTHONPATH=/home/shawn/Work/iitb/mrt/ros/mrt_ws/build/sauron/prefix_override:/usr/lib/python3/dist-packages/colcon_core/task/python/colcon_distutils_commands:/home/shawn/Work/iitb/mrt/ros/mrt_ws/install/sauron/lib/python3.10/site-packages:${PYTHONPATH} /usr/bin/python3 -W ignore:setup.py install is deprecated setup.py egg_info --egg-base ../../build/sauron build --build-base /home/shawn/Work/iitb/mrt/ros/mrt_ws/build/sauron/build install --record /home/shawn/Work/iitb/mrt/ros/mrt_ws/build/sauron/install.log --single-version-externally-managed install_data
