[0.365s] Invoking command in '/home/shawn/Work/iitb/mrt/ros/mrt_ws/src/week0_tutorials': PYTHONPATH=/home/shawn/Work/iitb/mrt/ros/mrt_ws/build/week0_tutorials/prefix_override:/usr/lib/python3/dist-packages/colcon_core/task/python/colcon_distutils_commands:/home/shawn/Work/iitb/mrt/ros/mrt_ws/install/week0_tutorials/lib/python3.10/site-packages:${PYTHONPATH} /usr/bin/python3 -W ignore:setup.py install is deprecated setup.py egg_info --egg-base ../../build/week0_tutorials build --build-base /home/shawn/Work/iitb/mrt/ros/mrt_ws/build/week0_tutorials/build install --record /home/shawn/Work/iitb/mrt/ros/mrt_ws/build/week0_tutorials/install.log --single-version-externally-managed install_data
[0.511s] running egg_info
[0.511s] creating ../../build/week0_tutorials/week0_tutorials.egg-info
[0.511s] writing ../../build/week0_tutorials/week0_tutorials.egg-info/PKG-INFO
[0.511s] writing dependency_links to ../../build/week0_tutorials/week0_tutorials.egg-info/dependency_links.txt
[0.511s] writing entry points to ../../build/week0_tutorials/week0_tutorials.egg-info/entry_points.txt
[0.511s] writing requirements to ../../build/week0_tutorials/week0_tutorials.egg-info/requires.txt
[0.511s] writing top-level names to ../../build/week0_tutorials/week0_tutorials.egg-info/top_level.txt
[0.511s] writing manifest file '../../build/week0_tutorials/week0_tutorials.egg-info/SOURCES.txt'
[0.512s] reading manifest file '../../build/week0_tutorials/week0_tutorials.egg-info/SOURCES.txt'
[0.513s] writing manifest file '../../build/week0_tutorials/week0_tutorials.egg-info/SOURCES.txt'
[0.513s] running build
[0.513s] running build_py
[0.513s] creating /home/shawn/Work/iitb/mrt/ros/mrt_ws/build/week0_tutorials/build
[0.513s] creating /home/shawn/Work/iitb/mrt/ros/mrt_ws/build/week0_tutorials/build/lib
[0.513s] creating /home/shawn/Work/iitb/mrt/ros/mrt_ws/build/week0_tutorials/build/lib/week0_tutorials
[0.513s] copying week0_tutorials/__init__.py -> /home/shawn/Work/iitb/mrt/ros/mrt_ws/build/week0_tutorials/build/lib/week0_tutorials
[0.513s] copying week0_tutorials/talker.py -> /home/shawn/Work/iitb/mrt/ros/mrt_ws/build/week0_tutorials/build/lib/week0_tutorials
[0.513s] copying week0_tutorials/listener.py -> /home/shawn/Work/iitb/mrt/ros/mrt_ws/build/week0_tutorials/build/lib/week0_tutorials
[0.513s] running install
[0.513s] running install_lib
[0.514s] creating /home/shawn/Work/iitb/mrt/ros/mrt_ws/install/week0_tutorials/lib/python3.10/site-packages/week0_tutorials
[0.514s] copying /home/shawn/Work/iitb/mrt/ros/mrt_ws/build/week0_tutorials/build/lib/week0_tutorials/__init__.py -> /home/shawn/Work/iitb/mrt/ros/mrt_ws/install/week0_tutorials/lib/python3.10/site-packages/week0_tutorials
[0.514s] copying /home/shawn/Work/iitb/mrt/ros/mrt_ws/build/week0_tutorials/build/lib/week0_tutorials/talker.py -> /home/shawn/Work/iitb/mrt/ros/mrt_ws/install/week0_tutorials/lib/python3.10/site-packages/week0_tutorials
[0.514s] copying /home/shawn/Work/iitb/mrt/ros/mrt_ws/build/week0_tutorials/build/lib/week0_tutorials/listener.py -> /home/shawn/Work/iitb/mrt/ros/mrt_ws/install/week0_tutorials/lib/python3.10/site-packages/week0_tutorials
[0.514s] byte-compiling /home/shawn/Work/iitb/mrt/ros/mrt_ws/install/week0_tutorials/lib/python3.10/site-packages/week0_tutorials/__init__.py to __init__.cpython-310.pyc
[0.514s] byte-compiling /home/shawn/Work/iitb/mrt/ros/mrt_ws/install/week0_tutorials/lib/python3.10/site-packages/week0_tutorials/talker.py to talker.cpython-310.pyc
[0.514s] byte-compiling /home/shawn/Work/iitb/mrt/ros/mrt_ws/install/week0_tutorials/lib/python3.10/site-packages/week0_tutorials/listener.py to listener.cpython-310.pyc
[0.515s] running install_data
[0.515s] creating /home/shawn/Work/iitb/mrt/ros/mrt_ws/install/week0_tutorials/share/ament_index
[0.515s] creating /home/shawn/Work/iitb/mrt/ros/mrt_ws/install/week0_tutorials/share/ament_index/resource_index
[0.515s] creating /home/shawn/Work/iitb/mrt/ros/mrt_ws/install/week0_tutorials/share/ament_index/resource_index/packages
[0.515s] copying resource/week0_tutorials -> /home/shawn/Work/iitb/mrt/ros/mrt_ws/install/week0_tutorials/share/ament_index/resource_index/packages
[0.515s] copying package.xml -> /home/shawn/Work/iitb/mrt/ros/mrt_ws/install/week0_tutorials/share/week0_tutorials
[0.515s] running install_egg_info
[0.516s] Copying ../../build/week0_tutorials/week0_tutorials.egg-info to /home/shawn/Work/iitb/mrt/ros/mrt_ws/install/week0_tutorials/lib/python3.10/site-packages/week0_tutorials-0.0.0-py3.10.egg-info
[0.516s] running install_scripts
[0.530s] Installing publisher script to /home/shawn/Work/iitb/mrt/ros/mrt_ws/install/week0_tutorials/lib/week0_tutorials
[0.530s] Installing subscriber script to /home/shawn/Work/iitb/mrt/ros/mrt_ws/install/week0_tutorials/lib/week0_tutorials
[0.530s] writing list of installed files to '/home/shawn/Work/iitb/mrt/ros/mrt_ws/build/week0_tutorials/install.log'
[0.546s] Invoked command in '/home/shawn/Work/iitb/mrt/ros/mrt_ws/src/week0_tutorials' returned '0': PYTHONPATH=/home/shawn/Work/iitb/mrt/ros/mrt_ws/build/week0_tutorials/prefix_override:/usr/lib/python3/dist-packages/colcon_core/task/python/colcon_distutils_commands:/home/shawn/Work/iitb/mrt/ros/mrt_ws/install/week0_tutorials/lib/python3.10/site-packages:${PYTHONPATH} /usr/bin/python3 -W ignore:setup.py install is deprecated setup.py egg_info --egg-base ../../build/week0_tutorials build --build-base /home/shawn/Work/iitb/mrt/ros/mrt_ws/build/week0_tutorials/build install --record /home/shawn/Work/iitb/mrt/ros/mrt_ws/build/week0_tutorials/install.log --single-version-externally-managed install_data
