[0.510s] Invoking command in '/home/shawn/Work/iitb/mrt/ros/mrt_ws/src/sauron': PYTHONPATH=/home/shawn/Work/iitb/mrt/ros/mrt_ws/build/sauron/prefix_override:/usr/lib/python3/dist-packages/colcon_core/task/python/colcon_distutils_commands:/home/shawn/Work/iitb/mrt/ros/mrt_ws/install/sauron/lib/python3.10/site-packages:${PYTHONPATH} /usr/bin/python3 -W ignore:setup.py install is deprecated setup.py egg_info --egg-base ../../build/sauron build --build-base /home/shawn/Work/iitb/mrt/ros/mrt_ws/build/sauron/build install --record /home/shawn/Work/iitb/mrt/ros/mrt_ws/build/sauron/install.log --single-version-externally-managed install_data
[0.645s] running egg_info
[0.645s] creating ../../build/sauron/sauron.egg-info
[0.645s] writing ../../build/sauron/sauron.egg-info/PKG-INFO
[0.646s] writing dependency_links to ../../build/sauron/sauron.egg-info/dependency_links.txt
[0.646s] writing entry points to ../../build/sauron/sauron.egg-info/entry_points.txt
[0.646s] writing requirements to ../../build/sauron/sauron.egg-info/requires.txt
[0.646s] writing top-level names to ../../build/sauron/sauron.egg-info/top_level.txt
[0.646s] writing manifest file '../../build/sauron/sauron.egg-info/SOURCES.txt'
[0.646s] reading manifest file '../../build/sauron/sauron.egg-info/SOURCES.txt'
[0.647s] writing manifest file '../../build/sauron/sauron.egg-info/SOURCES.txt'
[0.647s] running build
[0.647s] running build_py
[0.647s] creating /home/shawn/Work/iitb/mrt/ros/mrt_ws/build/sauron/build
[0.647s] creating /home/shawn/Work/iitb/mrt/ros/mrt_ws/build/sauron/build/lib
[0.647s] creating /home/shawn/Work/iitb/mrt/ros/mrt_ws/build/sauron/build/lib/sauron
[0.647s] copying sauron/talker1.py -> /home/shawn/Work/iitb/mrt/ros/mrt_ws/build/sauron/build/lib/sauron
[0.647s] copying sauron/__init__.py -> /home/shawn/Work/iitb/mrt/ros/mrt_ws/build/sauron/build/lib/sauron
[0.648s] running install
[0.648s] running install_lib
[0.648s] creating /home/shawn/Work/iitb/mrt/ros/mrt_ws/install/sauron/lib/python3.10/site-packages/sauron
[0.648s] copying /home/shawn/Work/iitb/mrt/ros/mrt_ws/build/sauron/build/lib/sauron/talker1.py -> /home/shawn/Work/iitb/mrt/ros/mrt_ws/install/sauron/lib/python3.10/site-packages/sauron
[0.648s] copying /home/shawn/Work/iitb/mrt/ros/mrt_ws/build/sauron/build/lib/sauron/__init__.py -> /home/shawn/Work/iitb/mrt/ros/mrt_ws/install/sauron/lib/python3.10/site-packages/sauron
[0.649s] byte-compiling /home/shawn/Work/iitb/mrt/ros/mrt_ws/install/sauron/lib/python3.10/site-packages/sauron/talker1.py to talker1.cpython-310.pyc
[0.649s] byte-compiling /home/shawn/Work/iitb/mrt/ros/mrt_ws/install/sauron/lib/python3.10/site-packages/sauron/__init__.py to __init__.cpython-310.pyc
[0.649s] running install_data
[0.649s] creating /home/shawn/Work/iitb/mrt/ros/mrt_ws/install/sauron/share/ament_index
[0.649s] creating /home/shawn/Work/iitb/mrt/ros/mrt_ws/install/sauron/share/ament_index/resource_index
[0.649s] creating /home/shawn/Work/iitb/mrt/ros/mrt_ws/install/sauron/share/ament_index/resource_index/packages
[0.649s] copying resource/sauron -> /home/shawn/Work/iitb/mrt/ros/mrt_ws/install/sauron/share/ament_index/resource_index/packages
[0.649s] copying package.xml -> /home/shawn/Work/iitb/mrt/ros/mrt_ws/install/sauron/share/sauron
[0.649s] running install_egg_info
[0.650s] Copying ../../build/sauron/sauron.egg-info to /home/shawn/Work/iitb/mrt/ros/mrt_ws/install/sauron/lib/python3.10/site-packages/sauron-0.0.0-py3.10.egg-info
[0.650s] running install_scripts
[0.663s] Installing pub1 script to /home/shawn/Work/iitb/mrt/ros/mrt_ws/install/sauron/lib/sauron
[0.664s] writing list of installed files to '/home/shawn/Work/iitb/mrt/ros/mrt_ws/build/sauron/install.log'
[0.679s] Invoked command in '/home/shawn/Work/iitb/mrt/ros/mrt_ws/src/sauron' returned '0': PYTHONPATH=/home/shawn/Work/iitb/mrt/ros/mrt_ws/build/sauron/prefix_override:/usr/lib/python3/dist-packages/colcon_core/task/python/colcon_distutils_commands:/home/shawn/Work/iitb/mrt/ros/mrt_ws/install/sauron/lib/python3.10/site-packages:${PYTHONPATH} /usr/bin/python3 -W ignore:setup.py install is deprecated setup.py egg_info --egg-base ../../build/sauron build --build-base /home/shawn/Work/iitb/mrt/ros/mrt_ws/build/sauron/build install --record /home/shawn/Work/iitb/mrt/ros/mrt_ws/build/sauron/install.log --single-version-externally-managed install_data
