[0.067s] DEBUG:colcon:Command line arguments: ['/usr/bin/colcon', 'build']
[0.067s] DEBUG:colcon:Parsed command line arguments: Namespace(log_base=None, log_level=None, verb_name='build', build_base='build', install_base='install', merge_install=False, symlink_install=False, test_result_base=None, continue_on_error=False, executor='parallel', parallel_workers=16, event_handlers=None, ignore_user_meta=False, metas=['./colcon.meta'], base_paths=['.'], packages_ignore=None, packages_ignore_regex=None, paths=None, packages_up_to=None, packages_up_to_regex=None, packages_above=None, packages_above_and_dependencies=None, packages_above_depth=None, packages_select_by_dep=None, packages_skip_by_dep=None, packages_skip_up_to=None, packages_select_build_failed=False, packages_skip_build_finished=False, packages_select_test_failures=False, packages_skip_test_passed=False, packages_select=None, packages_skip=None, packages_select_regex=None, packages_skip_regex=None, packages_start=None, packages_end=None, allow_overriding=[], cmake_args=None, cmake_target=None, cmake_target_skip_unavailable=False, cmake_clean_cache=False, cmake_clean_first=False, cmake_force_configure=False, ament_cmake_args=None, catkin_cmake_args=None, catkin_skip_building_tests=False, mixin_files=None, mixin=None, verb_parser=<colcon_mixin.mixin.mixin_argument.MixinArgumentDecorator object at 0x787b22f02620>, verb_extension=<colcon_core.verb.build.BuildVerb object at 0x787b22f01f30>, main=<bound method BuildVerb.main of <colcon_core.verb.build.BuildVerb object at 0x787b22f01f30>>, mixin_verb=('build',))
[0.164s] Level 1:colcon.colcon_core.package_discovery:discover_packages(colcon_meta) check parameters
[0.164s] Level 1:colcon.colcon_core.package_discovery:discover_packages(recursive) check parameters
[0.164s] Level 1:colcon.colcon_core.package_discovery:discover_packages(ignore) check parameters
[0.164s] Level 1:colcon.colcon_core.package_discovery:discover_packages(path) check parameters
[0.164s] Level 1:colcon.colcon_core.package_discovery:discover_packages(colcon_meta) discover
[0.164s] Level 1:colcon.colcon_core.package_discovery:discover_packages(recursive) discover
[0.164s] INFO:colcon.colcon_core.package_discovery:Crawling recursively for packages in '/home/shawn/Work/iitb/mrt/ros/mrt_ws'
[0.164s] Level 1:colcon.colcon_core.package_identification:_identify(.) by extensions ['ignore', 'ignore_ament_install']
[0.164s] Level 1:colcon.colcon_core.package_identification:_identify(.) by extension 'ignore'
[0.165s] Level 1:colcon.colcon_core.package_identification:_identify(.) by extension 'ignore_ament_install'
[0.165s] Level 1:colcon.colcon_core.package_identification:_identify(.) by extensions ['colcon_pkg']
[0.165s] Level 1:colcon.colcon_core.package_identification:_identify(.) by extension 'colcon_pkg'
[0.165s] Level 1:colcon.colcon_core.package_identification:_identify(.) by extensions ['colcon_meta']
[0.165s] Level 1:colcon.colcon_core.package_identification:_identify(.) by extension 'colcon_meta'
[0.165s] Level 1:colcon.colcon_core.package_identification:_identify(.) by extensions ['ros']
[0.165s] Level 1:colcon.colcon_core.package_identification:_identify(.) by extension 'ros'
[0.171s] Level 1:colcon.colcon_core.package_identification:_identify(.) by extensions ['cmake', 'python']
[0.172s] Level 1:colcon.colcon_core.package_identification:_identify(.) by extension 'cmake'
[0.172s] Level 1:colcon.colcon_core.package_identification:_identify(.) by extension 'python'
[0.172s] Level 1:colcon.colcon_core.package_identification:_identify(.) by extensions ['python_setup_py']
[0.172s] Level 1:colcon.colcon_core.package_identification:_identify(.) by extension 'python_setup_py'
[0.172s] Level 1:colcon.colcon_core.package_identification:_identify(build) by extensions ['ignore', 'ignore_ament_install']
[0.172s] Level 1:colcon.colcon_core.package_identification:_identify(build) by extension 'ignore'
[0.172s] Level 1:colcon.colcon_core.package_identification:_identify(build) ignored
[0.172s] Level 1:colcon.colcon_core.package_identification:_identify(install) by extensions ['ignore', 'ignore_ament_install']
[0.172s] Level 1:colcon.colcon_core.package_identification:_identify(install) by extension 'ignore'
[0.172s] Level 1:colcon.colcon_core.package_identification:_identify(install) ignored
[0.172s] Level 1:colcon.colcon_core.package_identification:_identify(log) by extensions ['ignore', 'ignore_ament_install']
[0.172s] Level 1:colcon.colcon_core.package_identification:_identify(log) by extension 'ignore'
[0.172s] Level 1:colcon.colcon_core.package_identification:_identify(log) ignored
[0.172s] Level 1:colcon.colcon_core.package_identification:_identify(src) by extensions ['ignore', 'ignore_ament_install']
[0.172s] Level 1:colcon.colcon_core.package_identification:_identify(src) by extension 'ignore'
[0.172s] Level 1:colcon.colcon_core.package_identification:_identify(src) by extension 'ignore_ament_install'
[0.172s] Level 1:colcon.colcon_core.package_identification:_identify(src) by extensions ['colcon_pkg']
[0.172s] Level 1:colcon.colcon_core.package_identification:_identify(src) by extension 'colcon_pkg'
[0.172s] Level 1:colcon.colcon_core.package_identification:_identify(src) by extensions ['colcon_meta']
[0.172s] Level 1:colcon.colcon_core.package_identification:_identify(src) by extension 'colcon_meta'
[0.172s] Level 1:colcon.colcon_core.package_identification:_identify(src) by extensions ['ros']
[0.172s] Level 1:colcon.colcon_core.package_identification:_identify(src) by extension 'ros'
[0.172s] Level 1:colcon.colcon_core.package_identification:_identify(src) by extensions ['cmake', 'python']
[0.172s] Level 1:colcon.colcon_core.package_identification:_identify(src) by extension 'cmake'
[0.172s] Level 1:colcon.colcon_core.package_identification:_identify(src) by extension 'python'
[0.172s] Level 1:colcon.colcon_core.package_identification:_identify(src) by extensions ['python_setup_py']
[0.172s] Level 1:colcon.colcon_core.package_identification:_identify(src) by extension 'python_setup_py'
[0.172s] Level 1:colcon.colcon_core.package_identification:_identify(src/sauron) by extensions ['ignore', 'ignore_ament_install']
[0.172s] Level 1:colcon.colcon_core.package_identification:_identify(src/sauron) by extension 'ignore'
[0.173s] Level 1:colcon.colcon_core.package_identification:_identify(src/sauron) by extension 'ignore_ament_install'
[0.173s] Level 1:colcon.colcon_core.package_identification:_identify(src/sauron) by extensions ['colcon_pkg']
[0.173s] Level 1:colcon.colcon_core.package_identification:_identify(src/sauron) by extension 'colcon_pkg'
[0.173s] Level 1:colcon.colcon_core.package_identification:_identify(src/sauron) by extensions ['colcon_meta']
[0.173s] Level 1:colcon.colcon_core.package_identification:_identify(src/sauron) by extension 'colcon_meta'
[0.173s] Level 1:colcon.colcon_core.package_identification:_identify(src/sauron) by extensions ['ros']
[0.173s] Level 1:colcon.colcon_core.package_identification:_identify(src/sauron) by extension 'ros'
[0.174s] DEBUG:colcon.colcon_core.package_identification:Package 'src/sauron' with type 'ros.ament_python' and name 'sauron'
[0.174s] Level 1:colcon.colcon_core.package_identification:_identify(src/week0_tutorials) by extensions ['ignore', 'ignore_ament_install']
[0.174s] Level 1:colcon.colcon_core.package_identification:_identify(src/week0_tutorials) by extension 'ignore'
[0.174s] Level 1:colcon.colcon_core.package_identification:_identify(src/week0_tutorials) by extension 'ignore_ament_install'
[0.174s] Level 1:colcon.colcon_core.package_identification:_identify(src/week0_tutorials) by extensions ['colcon_pkg']
[0.174s] Level 1:colcon.colcon_core.package_identification:_identify(src/week0_tutorials) by extension 'colcon_pkg'
[0.174s] Level 1:colcon.colcon_core.package_identification:_identify(src/week0_tutorials) by extensions ['colcon_meta']
[0.174s] Level 1:colcon.colcon_core.package_identification:_identify(src/week0_tutorials) by extension 'colcon_meta'
[0.174s] Level 1:colcon.colcon_core.package_identification:_identify(src/week0_tutorials) by extensions ['ros']
[0.174s] Level 1:colcon.colcon_core.package_identification:_identify(src/week0_tutorials) by extension 'ros'
[0.175s] DEBUG:colcon.colcon_core.package_identification:Package 'src/week0_tutorials' with type 'ros.ament_python' and name 'week0_tutorials'
[0.175s] Level 1:colcon.colcon_core.package_discovery:discover_packages(recursive) using defaults
[0.175s] Level 1:colcon.colcon_core.package_discovery:discover_packages(ignore) discover
[0.175s] Level 1:colcon.colcon_core.package_discovery:discover_packages(ignore) using defaults
[0.175s] Level 1:colcon.colcon_core.package_discovery:discover_packages(path) discover
[0.175s] Level 1:colcon.colcon_core.package_discovery:discover_packages(path) using defaults
[0.193s] Level 1:colcon.colcon_core.package_discovery:discover_packages(prefix_path) check parameters
[0.193s] Level 1:colcon.colcon_core.package_discovery:discover_packages(prefix_path) discover
[0.194s] DEBUG:colcon.colcon_installed_package_information.package_discovery:Found 2 installed packages in /home/shawn/Work/iitb/mrt/ros/mrt_ws/install
[0.194s] DEBUG:colcon.colcon_installed_package_information.package_discovery:Found 293 installed packages in /opt/ros/humble
[0.195s] Level 1:colcon.colcon_core.package_discovery:discover_packages(prefix_path) using defaults
[0.217s] Level 5:colcon.colcon_core.verb:set package 'sauron' build argument 'cmake_args' from command line to 'None'
[0.217s] Level 5:colcon.colcon_core.verb:set package 'sauron' build argument 'cmake_target' from command line to 'None'
[0.217s] Level 5:colcon.colcon_core.verb:set package 'sauron' build argument 'cmake_target_skip_unavailable' from command line to 'False'
[0.218s] Level 5:colcon.colcon_core.verb:set package 'sauron' build argument 'cmake_clean_cache' from command line to 'False'
[0.218s] Level 5:colcon.colcon_core.verb:set package 'sauron' build argument 'cmake_clean_first' from command line to 'False'
[0.218s] Level 5:colcon.colcon_core.verb:set package 'sauron' build argument 'cmake_force_configure' from command line to 'False'
[0.218s] Level 5:colcon.colcon_core.verb:set package 'sauron' build argument 'ament_cmake_args' from command line to 'None'
[0.218s] Level 5:colcon.colcon_core.verb:set package 'sauron' build argument 'catkin_cmake_args' from command line to 'None'
[0.218s] Level 5:colcon.colcon_core.verb:set package 'sauron' build argument 'catkin_skip_building_tests' from command line to 'False'
[0.218s] DEBUG:colcon.colcon_core.verb:Building package 'sauron' with the following arguments: {'ament_cmake_args': None, 'build_base': '/home/shawn/Work/iitb/mrt/ros/mrt_ws/build/sauron', 'catkin_cmake_args': None, 'catkin_skip_building_tests': False, 'cmake_args': None, 'cmake_clean_cache': False, 'cmake_clean_first': False, 'cmake_force_configure': False, 'cmake_target': None, 'cmake_target_skip_unavailable': False, 'install_base': '/home/shawn/Work/iitb/mrt/ros/mrt_ws/install/sauron', 'merge_install': False, 'path': '/home/shawn/Work/iitb/mrt/ros/mrt_ws/src/sauron', 'symlink_install': False, 'test_result_base': None}
[0.218s] Level 5:colcon.colcon_core.verb:set package 'week0_tutorials' build argument 'cmake_args' from command line to 'None'
[0.218s] Level 5:colcon.colcon_core.verb:set package 'week0_tutorials' build argument 'cmake_target' from command line to 'None'
[0.218s] Level 5:colcon.colcon_core.verb:set package 'week0_tutorials' build argument 'cmake_target_skip_unavailable' from command line to 'False'
[0.218s] Level 5:colcon.colcon_core.verb:set package 'week0_tutorials' build argument 'cmake_clean_cache' from command line to 'False'
[0.218s] Level 5:colcon.colcon_core.verb:set package 'week0_tutorials' build argument 'cmake_clean_first' from command line to 'False'
[0.218s] Level 5:colcon.colcon_core.verb:set package 'week0_tutorials' build argument 'cmake_force_configure' from command line to 'False'
[0.218s] Level 5:colcon.colcon_core.verb:set package 'week0_tutorials' build argument 'ament_cmake_args' from command line to 'None'
[0.218s] Level 5:colcon.colcon_core.verb:set package 'week0_tutorials' build argument 'catkin_cmake_args' from command line to 'None'
[0.218s] Level 5:colcon.colcon_core.verb:set package 'week0_tutorials' build argument 'catkin_skip_building_tests' from command line to 'False'
[0.218s] DEBUG:colcon.colcon_core.verb:Building package 'week0_tutorials' with the following arguments: {'ament_cmake_args': None, 'build_base': '/home/shawn/Work/iitb/mrt/ros/mrt_ws/build/week0_tutorials', 'catkin_cmake_args': None, 'catkin_skip_building_tests': False, 'cmake_args': None, 'cmake_clean_cache': False, 'cmake_clean_first': False, 'cmake_force_configure': False, 'cmake_target': None, 'cmake_target_skip_unavailable': False, 'install_base': '/home/shawn/Work/iitb/mrt/ros/mrt_ws/install/week0_tutorials', 'merge_install': False, 'path': '/home/shawn/Work/iitb/mrt/ros/mrt_ws/src/week0_tutorials', 'symlink_install': False, 'test_result_base': None}
[0.218s] INFO:colcon.colcon_core.executor:Executing jobs using 'parallel' executor
[0.219s] DEBUG:colcon.colcon_parallel_executor.executor.parallel:run_until_complete
[0.219s] INFO:colcon.colcon_ros.task.ament_python.build:Building ROS package in '/home/shawn/Work/iitb/mrt/ros/mrt_ws/src/sauron' with build type 'ament_python'
[0.219s] Level 1:colcon.colcon_core.shell:create_environment_hook('sauron', 'ament_prefix_path')
[0.221s] INFO:colcon.colcon_core.plugin_system:Skipping extension 'colcon_core.shell.bat': Not used on non-Windows systems
[0.221s] INFO:colcon.colcon_core.shell:Creating environment hook '/home/shawn/Work/iitb/mrt/ros/mrt_ws/install/sauron/share/sauron/hook/ament_prefix_path.ps1'
[0.221s] INFO:colcon.colcon_core.shell:Creating environment descriptor '/home/shawn/Work/iitb/mrt/ros/mrt_ws/install/sauron/share/sauron/hook/ament_prefix_path.dsv'
[0.222s] INFO:colcon.colcon_core.shell:Creating environment hook '/home/shawn/Work/iitb/mrt/ros/mrt_ws/install/sauron/share/sauron/hook/ament_prefix_path.sh'
[0.222s] INFO:colcon.colcon_core.shell:Skip shell extension 'powershell' for command environment: Not usable outside of PowerShell
[0.222s] DEBUG:colcon.colcon_core.shell:Skip shell extension 'dsv' for command environment
[0.225s] INFO:colcon.colcon_ros.task.ament_python.build:Building ROS package in '/home/shawn/Work/iitb/mrt/ros/mrt_ws/src/week0_tutorials' with build type 'ament_python'
[0.225s] Level 1:colcon.colcon_core.shell:create_environment_hook('week0_tutorials', 'ament_prefix_path')
[0.225s] INFO:colcon.colcon_core.shell:Creating environment hook '/home/shawn/Work/iitb/mrt/ros/mrt_ws/install/week0_tutorials/share/week0_tutorials/hook/ament_prefix_path.ps1'
[0.225s] INFO:colcon.colcon_core.shell:Creating environment descriptor '/home/shawn/Work/iitb/mrt/ros/mrt_ws/install/week0_tutorials/share/week0_tutorials/hook/ament_prefix_path.dsv'
[0.225s] INFO:colcon.colcon_core.shell:Creating environment hook '/home/shawn/Work/iitb/mrt/ros/mrt_ws/install/week0_tutorials/share/week0_tutorials/hook/ament_prefix_path.sh'
[0.226s] INFO:colcon.colcon_core.shell:Skip shell extension 'powershell' for command environment: Not usable outside of PowerShell
[0.226s] DEBUG:colcon.colcon_core.shell:Skip shell extension 'dsv' for command environment
[0.374s] INFO:colcon.colcon_core.task.python.build:Building Python package in '/home/shawn/Work/iitb/mrt/ros/mrt_ws/src/sauron'
[0.374s] INFO:colcon.colcon_core.shell:Skip shell extension 'powershell' for command environment: Not usable outside of PowerShell
[0.374s] DEBUG:colcon.colcon_core.shell:Skip shell extension 'dsv' for command environment
[0.527s] INFO:colcon.colcon_core.task.python.build:Building Python package in '/home/shawn/Work/iitb/mrt/ros/mrt_ws/src/week0_tutorials'
[0.528s] INFO:colcon.colcon_core.shell:Skip shell extension 'powershell' for command environment: Not usable outside of PowerShell
[0.528s] DEBUG:colcon.colcon_core.shell:Skip shell extension 'dsv' for command environment
[0.731s] DEBUG:colcon.colcon_core.event_handler.log_command:Invoking command in '/home/shawn/Work/iitb/mrt/ros/mrt_ws/src/sauron': PYTHONPATH=/home/shawn/Work/iitb/mrt/ros/mrt_ws/build/sauron/prefix_override:/usr/lib/python3/dist-packages/colcon_core/task/python/colcon_distutils_commands:/home/shawn/Work/iitb/mrt/ros/mrt_ws/install/sauron/lib/python3.10/site-packages:${PYTHONPATH} /usr/bin/python3 -W ignore:setup.py install is deprecated setup.py egg_info --egg-base ../../build/sauron build --build-base /home/shawn/Work/iitb/mrt/ros/mrt_ws/build/sauron/build install --record /home/shawn/Work/iitb/mrt/ros/mrt_ws/build/sauron/install.log --single-version-externally-managed install_data
[0.732s] DEBUG:colcon.colcon_core.event_handler.log_command:Invoking command in '/home/shawn/Work/iitb/mrt/ros/mrt_ws/src/week0_tutorials': PYTHONPATH=/home/shawn/Work/iitb/mrt/ros/mrt_ws/build/week0_tutorials/prefix_override:/usr/lib/python3/dist-packages/colcon_core/task/python/colcon_distutils_commands:/home/shawn/Work/iitb/mrt/ros/mrt_ws/install/week0_tutorials/lib/python3.10/site-packages:${PYTHONPATH} /usr/bin/python3 -W ignore:setup.py install is deprecated setup.py egg_info --egg-base ../../build/week0_tutorials build --build-base /home/shawn/Work/iitb/mrt/ros/mrt_ws/build/week0_tutorials/build install --record /home/shawn/Work/iitb/mrt/ros/mrt_ws/build/week0_tutorials/install.log --single-version-externally-managed install_data
[0.908s] DEBUG:colcon.colcon_core.event_handler.log_command:Invoked command in '/home/shawn/Work/iitb/mrt/ros/mrt_ws/src/week0_tutorials' returned '0': PYTHONPATH=/home/shawn/Work/iitb/mrt/ros/mrt_ws/build/week0_tutorials/prefix_override:/usr/lib/python3/dist-packages/colcon_core/task/python/colcon_distutils_commands:/home/shawn/Work/iitb/mrt/ros/mrt_ws/install/week0_tutorials/lib/python3.10/site-packages:${PYTHONPATH} /usr/bin/python3 -W ignore:setup.py install is deprecated setup.py egg_info --egg-base ../../build/week0_tutorials build --build-base /home/shawn/Work/iitb/mrt/ros/mrt_ws/build/week0_tutorials/build install --record /home/shawn/Work/iitb/mrt/ros/mrt_ws/build/week0_tutorials/install.log --single-version-externally-managed install_data
[0.910s] Level 1:colcon.colcon_core.environment:checking '/home/shawn/Work/iitb/mrt/ros/mrt_ws/install/week0_tutorials' for CMake module files
[0.910s] Level 1:colcon.colcon_core.environment:checking '/home/shawn/Work/iitb/mrt/ros/mrt_ws/install/week0_tutorials' for CMake config files
[0.911s] Level 1:colcon.colcon_core.environment:checking '/home/shawn/Work/iitb/mrt/ros/mrt_ws/install/week0_tutorials/lib'
[0.911s] Level 1:colcon.colcon_core.environment:checking '/home/shawn/Work/iitb/mrt/ros/mrt_ws/install/week0_tutorials/bin'
[0.911s] Level 1:colcon.colcon_core.environment:checking '/home/shawn/Work/iitb/mrt/ros/mrt_ws/install/week0_tutorials/lib/pkgconfig/week0_tutorials.pc'
[0.911s] Level 1:colcon.colcon_core.environment:checking '/home/shawn/Work/iitb/mrt/ros/mrt_ws/install/week0_tutorials/lib/python3.10/site-packages'
[0.911s] Level 1:colcon.colcon_core.shell:create_environment_hook('week0_tutorials', 'pythonpath')
[0.911s] INFO:colcon.colcon_core.shell:Creating environment hook '/home/shawn/Work/iitb/mrt/ros/mrt_ws/install/week0_tutorials/share/week0_tutorials/hook/pythonpath.ps1'
[0.912s] INFO:colcon.colcon_core.shell:Creating environment descriptor '/home/shawn/Work/iitb/mrt/ros/mrt_ws/install/week0_tutorials/share/week0_tutorials/hook/pythonpath.dsv'
[0.912s] INFO:colcon.colcon_core.shell:Creating environment hook '/home/shawn/Work/iitb/mrt/ros/mrt_ws/install/week0_tutorials/share/week0_tutorials/hook/pythonpath.sh'
[0.912s] Level 1:colcon.colcon_core.environment:checking '/home/shawn/Work/iitb/mrt/ros/mrt_ws/install/week0_tutorials/bin'
[0.912s] Level 1:colcon.colcon_core.environment:create_environment_scripts_only(week0_tutorials)
[0.913s] INFO:colcon.colcon_core.shell:Creating package script '/home/shawn/Work/iitb/mrt/ros/mrt_ws/install/week0_tutorials/share/week0_tutorials/package.ps1'
[0.913s] INFO:colcon.colcon_core.shell:Creating package descriptor '/home/shawn/Work/iitb/mrt/ros/mrt_ws/install/week0_tutorials/share/week0_tutorials/package.dsv'
[0.914s] INFO:colcon.colcon_core.shell:Creating package script '/home/shawn/Work/iitb/mrt/ros/mrt_ws/install/week0_tutorials/share/week0_tutorials/package.sh'
[0.914s] INFO:colcon.colcon_core.shell:Creating package script '/home/shawn/Work/iitb/mrt/ros/mrt_ws/install/week0_tutorials/share/week0_tutorials/package.bash'
[0.914s] INFO:colcon.colcon_core.shell:Creating package script '/home/shawn/Work/iitb/mrt/ros/mrt_ws/install/week0_tutorials/share/week0_tutorials/package.zsh'
[0.915s] Level 1:colcon.colcon_core.environment:create_file_with_runtime_dependencies(/home/shawn/Work/iitb/mrt/ros/mrt_ws/install/week0_tutorials/share/colcon-core/packages/week0_tutorials)
[0.916s] Level 1:colcon.colcon_core.environment:checking '/home/shawn/Work/iitb/mrt/ros/mrt_ws/install/sauron' for CMake module files
[0.916s] DEBUG:colcon.colcon_core.event_handler.log_command:Invoked command in '/home/shawn/Work/iitb/mrt/ros/mrt_ws/src/sauron' returned '0': PYTHONPATH=/home/shawn/Work/iitb/mrt/ros/mrt_ws/build/sauron/prefix_override:/usr/lib/python3/dist-packages/colcon_core/task/python/colcon_distutils_commands:/home/shawn/Work/iitb/mrt/ros/mrt_ws/install/sauron/lib/python3.10/site-packages:${PYTHONPATH} /usr/bin/python3 -W ignore:setup.py install is deprecated setup.py egg_info --egg-base ../../build/sauron build --build-base /home/shawn/Work/iitb/mrt/ros/mrt_ws/build/sauron/build install --record /home/shawn/Work/iitb/mrt/ros/mrt_ws/build/sauron/install.log --single-version-externally-managed install_data
[0.916s] Level 1:colcon.colcon_core.environment:checking '/home/shawn/Work/iitb/mrt/ros/mrt_ws/install/sauron' for CMake config files
[0.916s] Level 1:colcon.colcon_core.environment:checking '/home/shawn/Work/iitb/mrt/ros/mrt_ws/install/sauron/lib'
[0.916s] Level 1:colcon.colcon_core.environment:checking '/home/shawn/Work/iitb/mrt/ros/mrt_ws/install/sauron/bin'
[0.916s] Level 1:colcon.colcon_core.environment:checking '/home/shawn/Work/iitb/mrt/ros/mrt_ws/install/sauron/lib/pkgconfig/sauron.pc'
[0.917s] Level 1:colcon.colcon_core.environment:checking '/home/shawn/Work/iitb/mrt/ros/mrt_ws/install/sauron/lib/python3.10/site-packages'
[0.917s] Level 1:colcon.colcon_core.shell:create_environment_hook('sauron', 'pythonpath')
[0.917s] INFO:colcon.colcon_core.shell:Creating environment hook '/home/shawn/Work/iitb/mrt/ros/mrt_ws/install/sauron/share/sauron/hook/pythonpath.ps1'
[0.917s] INFO:colcon.colcon_core.shell:Creating environment descriptor '/home/shawn/Work/iitb/mrt/ros/mrt_ws/install/sauron/share/sauron/hook/pythonpath.dsv'
[0.917s] INFO:colcon.colcon_core.shell:Creating environment hook '/home/shawn/Work/iitb/mrt/ros/mrt_ws/install/sauron/share/sauron/hook/pythonpath.sh'
[0.918s] Level 1:colcon.colcon_core.environment:checking '/home/shawn/Work/iitb/mrt/ros/mrt_ws/install/sauron/bin'
[0.918s] Level 1:colcon.colcon_core.environment:create_environment_scripts_only(sauron)
[0.918s] INFO:colcon.colcon_core.shell:Creating package script '/home/shawn/Work/iitb/mrt/ros/mrt_ws/install/sauron/share/sauron/package.ps1'
[0.918s] INFO:colcon.colcon_core.shell:Creating package descriptor '/home/shawn/Work/iitb/mrt/ros/mrt_ws/install/sauron/share/sauron/package.dsv'
[0.918s] INFO:colcon.colcon_core.shell:Creating package script '/home/shawn/Work/iitb/mrt/ros/mrt_ws/install/sauron/share/sauron/package.sh'
[0.918s] INFO:colcon.colcon_core.shell:Creating package script '/home/shawn/Work/iitb/mrt/ros/mrt_ws/install/sauron/share/sauron/package.bash'
[0.919s] INFO:colcon.colcon_core.shell:Creating package script '/home/shawn/Work/iitb/mrt/ros/mrt_ws/install/sauron/share/sauron/package.zsh'
[0.919s] Level 1:colcon.colcon_core.environment:create_file_with_runtime_dependencies(/home/shawn/Work/iitb/mrt/ros/mrt_ws/install/sauron/share/colcon-core/packages/sauron)
[0.919s] DEBUG:colcon.colcon_parallel_executor.executor.parallel:closing loop
[0.919s] DEBUG:colcon.colcon_parallel_executor.executor.parallel:loop closed
[0.919s] DEBUG:colcon.colcon_parallel_executor.executor.parallel:run_until_complete finished with '0'
[0.919s] DEBUG:colcon.colcon_core.event_reactor:joining thread
[0.923s] INFO:colcon.colcon_core.plugin_system:Skipping extension 'colcon_notification.desktop_notification.terminal_notifier': Not used on non-Darwin systems
[0.923s] INFO:colcon.colcon_core.plugin_system:Skipping extension 'colcon_notification.desktop_notification.win32': Not used on non-Windows systems
[0.923s] INFO:colcon.colcon_notification.desktop_notification:Sending desktop notification using 'notify2'
[0.930s] DEBUG:colcon.colcon_core.event_reactor:joined thread
[0.930s] INFO:colcon.colcon_core.shell:Creating prefix script '/home/shawn/Work/iitb/mrt/ros/mrt_ws/install/local_setup.ps1'
[0.931s] INFO:colcon.colcon_core.shell:Creating prefix util module '/home/shawn/Work/iitb/mrt/ros/mrt_ws/install/_local_setup_util_ps1.py'
[0.932s] INFO:colcon.colcon_core.shell:Creating prefix chain script '/home/shawn/Work/iitb/mrt/ros/mrt_ws/install/setup.ps1'
[0.934s] INFO:colcon.colcon_core.shell:Creating prefix script '/home/shawn/Work/iitb/mrt/ros/mrt_ws/install/local_setup.sh'
[0.934s] INFO:colcon.colcon_core.shell:Creating prefix util module '/home/shawn/Work/iitb/mrt/ros/mrt_ws/install/_local_setup_util_sh.py'
[0.935s] INFO:colcon.colcon_core.shell:Creating prefix chain script '/home/shawn/Work/iitb/mrt/ros/mrt_ws/install/setup.sh'
[0.936s] INFO:colcon.colcon_core.shell:Creating prefix script '/home/shawn/Work/iitb/mrt/ros/mrt_ws/install/local_setup.bash'
[0.936s] INFO:colcon.colcon_core.shell:Creating prefix chain script '/home/shawn/Work/iitb/mrt/ros/mrt_ws/install/setup.bash'
[0.937s] INFO:colcon.colcon_core.shell:Creating prefix script '/home/shawn/Work/iitb/mrt/ros/mrt_ws/install/local_setup.zsh'
[0.937s] INFO:colcon.colcon_core.shell:Creating prefix chain script '/home/shawn/Work/iitb/mrt/ros/mrt_ws/install/setup.zsh'
