[0.505s] Invoking command in '/home/shawn/Work/iitb/mrt/ros/mrt_ws/src/week0_tutorials': PYTHONPATH=/home/shawn/Work/iitb/mrt/ros/mrt_ws/build/week0_tutorials/prefix_override:/usr/lib/python3/dist-packages/colcon_core/task/python/colcon_distutils_commands:/home/shawn/Work/iitb/mrt/ros/mrt_ws/install/week0_tutorials/lib/python3.10/site-packages:${PYTHONPATH} /usr/bin/python3 -W ignore:setup.py install is deprecated setup.py egg_info --egg-base ../../build/week0_tutorials build --build-base /home/shawn/Work/iitb/mrt/ros/mrt_ws/build/week0_tutorials/build install --record /home/shawn/Work/iitb/mrt/ros/mrt_ws/build/week0_tutorials/install.log --single-version-externally-managed install_data
[0.642s] running egg_info
[0.643s] writing ../../build/week0_tutorials/week0_tutorials.egg-info/PKG-INFO
[0.643s] writing dependency_links to ../../build/week0_tutorials/week0_tutorials.egg-info/dependency_links.txt
[0.643s] writing entry points to ../../build/week0_tutorials/week0_tutorials.egg-info/entry_points.txt
[0.643s] writing requirements to ../../build/week0_tutorials/week0_tutorials.egg-info/requires.txt
[0.643s] writing top-level names to ../../build/week0_tutorials/week0_tutorials.egg-info/top_level.txt
[0.644s] reading manifest file '../../build/week0_tutorials/week0_tutorials.egg-info/SOURCES.txt'
[0.644s] writing manifest file '../../build/week0_tutorials/week0_tutorials.egg-info/SOURCES.txt'
[0.644s] running build
[0.644s] running build_py
[0.644s] running install
[0.645s] running install_lib
[0.645s] running install_data
[0.645s] running install_egg_info
[0.646s] removing '/home/shawn/Work/iitb/mrt/ros/mrt_ws/install/week0_tutorials/lib/python3.10/site-packages/week0_tutorials-0.0.0-py3.10.egg-info' (and everything under it)
[0.646s] Copying ../../build/week0_tutorials/week0_tutorials.egg-info to /home/shawn/Work/iitb/mrt/ros/mrt_ws/install/week0_tutorials/lib/python3.10/site-packages/week0_tutorials-0.0.0-py3.10.egg-info
[0.647s] running install_scripts
[0.660s] Installing publisher script to /home/shawn/Work/iitb/mrt/ros/mrt_ws/install/week0_tutorials/lib/week0_tutorials
[0.660s] Installing subscriber script to /home/shawn/Work/iitb/mrt/ros/mrt_ws/install/week0_tutorials/lib/week0_tutorials
[0.660s] writing list of installed files to '/home/shawn/Work/iitb/mrt/ros/mrt_ws/build/week0_tutorials/install.log'
[0.681s] Invoked command in '/home/shawn/Work/iitb/mrt/ros/mrt_ws/src/week0_tutorials' returned '0': PYTHONPATH=/home/shawn/Work/iitb/mrt/ros/mrt_ws/build/week0_tutorials/prefix_override:/usr/lib/python3/dist-packages/colcon_core/task/python/colcon_distutils_commands:/home/shawn/Work/iitb/mrt/ros/mrt_ws/install/week0_tutorials/lib/python3.10/site-packages:${PYTHONPATH} /usr/bin/python3 -W ignore:setup.py install is deprecated setup.py egg_info --egg-base ../../build/week0_tutorials build --build-base /home/shawn/Work/iitb/mrt/ros/mrt_ws/build/week0_tutorials/build install --record /home/shawn/Work/iitb/mrt/ros/mrt_ws/build/week0_tutorials/install.log --single-version-externally-managed install_data
