running egg_info
writing ../../build/sauron/sauron.egg-info/PKG-INFO
writing dependency_links to ../../build/sauron/sauron.egg-info/dependency_links.txt
writing entry points to ../../build/sauron/sauron.egg-info/entry_points.txt
writing requirements to ../../build/sauron/sauron.egg-info/requires.txt
writing top-level names to ../../build/sauron/sauron.egg-info/top_level.txt
reading manifest file '../../build/sauron/sauron.egg-info/SOURCES.txt'
writing manifest file '../../build/sauron/sauron.egg-info/SOURCES.txt'
running build
running build_py
running install
running install_lib
running install_data
running install_egg_info
removing '/home/shawn/Work/iitb/mrt/ros/mrt_ws/install/sauron/lib/python3.10/site-packages/sauron-0.0.0-py3.10.egg-info' (and everything under it)
Copying ../../build/sauron/sauron.egg-info to /home/shawn/Work/iitb/mrt/ros/mrt_ws/install/sauron/lib/python3.10/site-packages/sauron-0.0.0-py3.10.egg-info
running install_scripts
Installing pub1 script to /home/shawn/Work/iitb/mrt/ros/mrt_ws/install/sauron/lib/sauron
Installing pub2 script to /home/shawn/Work/iitb/mrt/ros/mrt_ws/install/sauron/lib/sauron
writing list of installed files to '/home/shawn/Work/iitb/mrt/ros/mrt_ws/build/sauron/install.log'
