[0.068s] DEBUG:colcon:Command line arguments: ['/usr/bin/colcon', 'build']
[0.068s] DEBUG:colcon:Parsed command line arguments: Namespace(log_base=None, log_level=None, verb_name='build', build_base='build', install_base='install', merge_install=False, symlink_install=False, test_result_base=None, continue_on_error=False, executor='parallel', parallel_workers=16, event_handlers=None, ignore_user_meta=False, metas=['./colcon.meta'], base_paths=['.'], packages_ignore=None, packages_ignore_regex=None, paths=None, packages_up_to=None, packages_up_to_regex=None, packages_above=None, packages_above_and_dependencies=None, packages_above_depth=None, packages_select_by_dep=None, packages_skip_by_dep=None, packages_skip_up_to=None, packages_select_build_failed=False, packages_skip_build_finished=False, packages_select_test_failures=False, packages_skip_test_passed=False, packages_select=None, packages_skip=None, packages_select_regex=None, packages_skip_regex=None, packages_start=None, packages_end=None, allow_overriding=[], cmake_args=None, cmake_target=None, cmake_target_skip_unavailable=False, cmake_clean_cache=False, cmake_clean_first=False, cmake_force_configure=False, ament_cmake_args=None, catkin_cmake_args=None, catkin_skip_building_tests=False, mixin_files=None, mixin=None, verb_parser=<colcon_mixin.mixin.mixin_argument.MixinArgumentDecorator object at 0x7811dd2e2860>, verb_extension=<colcon_core.verb.build.BuildVerb object at 0x7811dd2e2170>, main=<bound method BuildVerb.main of <colcon_core.verb.build.BuildVerb object at 0x7811dd2e2170>>, mixin_verb=('build',))
[0.183s] Level 1:colcon.colcon_core.package_discovery:discover_packages(colcon_meta) check parameters
[0.183s] Level 1:colcon.colcon_core.package_discovery:discover_packages(recursive) check parameters
[0.183s] Level 1:colcon.colcon_core.package_discovery:discover_packages(ignore) check parameters
[0.183s] Level 1:colcon.colcon_core.package_discovery:discover_packages(path) check parameters
[0.183s] Level 1:colcon.colcon_core.package_discovery:discover_packages(colcon_meta) discover
[0.183s] Level 1:colcon.colcon_core.package_discovery:discover_packages(recursive) discover
[0.183s] INFO:colcon.colcon_core.package_discovery:Crawling recursively for packages in '/home/shawn/Work/iitb/mrt/ros/mrt_ws/src/qr_stuff'
[0.183s] Level 1:colcon.colcon_core.package_identification:_identify(.) by extensions ['ignore', 'ignore_ament_install']
[0.183s] Level 1:colcon.colcon_core.package_identification:_identify(.) by extension 'ignore'
[0.183s] Level 1:colcon.colcon_core.package_identification:_identify(.) by extension 'ignore_ament_install'
[0.183s] Level 1:colcon.colcon_core.package_identification:_identify(.) by extensions ['colcon_pkg']
[0.183s] Level 1:colcon.colcon_core.package_identification:_identify(.) by extension 'colcon_pkg'
[0.183s] Level 1:colcon.colcon_core.package_identification:_identify(.) by extensions ['colcon_meta']
[0.183s] Level 1:colcon.colcon_core.package_identification:_identify(.) by extension 'colcon_meta'
[0.183s] Level 1:colcon.colcon_core.package_identification:_identify(.) by extensions ['ros']
[0.183s] Level 1:colcon.colcon_core.package_identification:_identify(.) by extension 'ros'
[0.197s] DEBUG:colcon.colcon_core.package_identification:Package '.' with type 'ros.ament_cmake' and name 'qr_stuff'
[0.197s] Level 1:colcon.colcon_core.package_discovery:discover_packages(recursive) using defaults
[0.197s] Level 1:colcon.colcon_core.package_discovery:discover_packages(ignore) discover
[0.197s] Level 1:colcon.colcon_core.package_discovery:discover_packages(ignore) using defaults
[0.197s] Level 1:colcon.colcon_core.package_discovery:discover_packages(path) discover
[0.197s] Level 1:colcon.colcon_core.package_discovery:discover_packages(path) using defaults
[0.209s] Level 1:colcon.colcon_core.package_discovery:discover_packages(prefix_path) check parameters
[0.209s] Level 1:colcon.colcon_core.package_discovery:discover_packages(prefix_path) discover
[0.210s] DEBUG:colcon.colcon_installed_package_information.package_discovery:Found 3 installed packages in /home/shawn/Work/iitb/mrt/ros/mrt_ws/install
[0.211s] DEBUG:colcon.colcon_installed_package_information.package_discovery:Found 293 installed packages in /opt/ros/humble
[0.212s] Level 1:colcon.colcon_core.package_discovery:discover_packages(prefix_path) using defaults
[0.235s] Level 5:colcon.colcon_core.verb:set package 'qr_stuff' build argument 'cmake_args' from command line to 'None'
[0.235s] Level 5:colcon.colcon_core.verb:set package 'qr_stuff' build argument 'cmake_target' from command line to 'None'
[0.235s] Level 5:colcon.colcon_core.verb:set package 'qr_stuff' build argument 'cmake_target_skip_unavailable' from command line to 'False'
[0.235s] Level 5:colcon.colcon_core.verb:set package 'qr_stuff' build argument 'cmake_clean_cache' from command line to 'False'
[0.235s] Level 5:colcon.colcon_core.verb:set package 'qr_stuff' build argument 'cmake_clean_first' from command line to 'False'
[0.235s] Level 5:colcon.colcon_core.verb:set package 'qr_stuff' build argument 'cmake_force_configure' from command line to 'False'
[0.235s] Level 5:colcon.colcon_core.verb:set package 'qr_stuff' build argument 'ament_cmake_args' from command line to 'None'
[0.235s] Level 5:colcon.colcon_core.verb:set package 'qr_stuff' build argument 'catkin_cmake_args' from command line to 'None'
[0.235s] Level 5:colcon.colcon_core.verb:set package 'qr_stuff' build argument 'catkin_skip_building_tests' from command line to 'False'
[0.235s] DEBUG:colcon.colcon_core.verb:Building package 'qr_stuff' with the following arguments: {'ament_cmake_args': None, 'build_base': '/home/shawn/Work/iitb/mrt/ros/mrt_ws/src/qr_stuff/build/qr_stuff', 'catkin_cmake_args': None, 'catkin_skip_building_tests': False, 'cmake_args': None, 'cmake_clean_cache': False, 'cmake_clean_first': False, 'cmake_force_configure': False, 'cmake_target': None, 'cmake_target_skip_unavailable': False, 'install_base': '/home/shawn/Work/iitb/mrt/ros/mrt_ws/src/qr_stuff/install/qr_stuff', 'merge_install': False, 'path': '/home/shawn/Work/iitb/mrt/ros/mrt_ws/src/qr_stuff', 'symlink_install': False, 'test_result_base': None}
[0.235s] INFO:colcon.colcon_core.executor:Executing jobs using 'parallel' executor
[0.236s] DEBUG:colcon.colcon_parallel_executor.executor.parallel:run_until_complete
[0.236s] INFO:colcon.colcon_ros.task.ament_cmake.build:Building ROS package in '/home/shawn/Work/iitb/mrt/ros/mrt_ws/src/qr_stuff' with build type 'ament_cmake'
[0.236s] INFO:colcon.colcon_cmake.task.cmake.build:Building CMake package in '/home/shawn/Work/iitb/mrt/ros/mrt_ws/src/qr_stuff'
[0.237s] INFO:colcon.colcon_core.plugin_system:Skipping extension 'colcon_core.shell.bat': Not used on non-Windows systems
[0.237s] INFO:colcon.colcon_core.shell:Skip shell extension 'powershell' for command environment: Not usable outside of PowerShell
[0.237s] DEBUG:colcon.colcon_core.shell:Skip shell extension 'dsv' for command environment
[0.244s] DEBUG:colcon.colcon_core.event_handler.log_command:Invoking command in '/home/shawn/Work/iitb/mrt/ros/mrt_ws/src/qr_stuff/build/qr_stuff': CMAKE_PREFIX_PATH=/home/shawn/Work/iitb/mrt/ros/mrt_ws/install/week0_tutorials:/home/shawn/Work/iitb/mrt/ros/mrt_ws/install/sauron:/home/shawn/Work/iitb/mrt/ros/mrt_ws/install/qr_serve:/opt/ros/humble /usr/bin/cmake /home/shawn/Work/iitb/mrt/ros/mrt_ws/src/qr_stuff -DCMAKE_INSTALL_PREFIX=/home/shawn/Work/iitb/mrt/ros/mrt_ws/src/qr_stuff/install/qr_stuff
[1.225s] DEBUG:colcon.colcon_core.event_handler.log_command:Invoked command in '/home/shawn/Work/iitb/mrt/ros/mrt_ws/src/qr_stuff/build/qr_stuff' returned '0': CMAKE_PREFIX_PATH=/home/shawn/Work/iitb/mrt/ros/mrt_ws/install/week0_tutorials:/home/shawn/Work/iitb/mrt/ros/mrt_ws/install/sauron:/home/shawn/Work/iitb/mrt/ros/mrt_ws/install/qr_serve:/opt/ros/humble /usr/bin/cmake /home/shawn/Work/iitb/mrt/ros/mrt_ws/src/qr_stuff -DCMAKE_INSTALL_PREFIX=/home/shawn/Work/iitb/mrt/ros/mrt_ws/src/qr_stuff/install/qr_stuff
[1.226s] DEBUG:colcon.colcon_core.event_handler.log_command:Invoking command in '/home/shawn/Work/iitb/mrt/ros/mrt_ws/src/qr_stuff/build/qr_stuff': CMAKE_PREFIX_PATH=/home/shawn/Work/iitb/mrt/ros/mrt_ws/install/week0_tutorials:/home/shawn/Work/iitb/mrt/ros/mrt_ws/install/sauron:/home/shawn/Work/iitb/mrt/ros/mrt_ws/install/qr_serve:/opt/ros/humble /usr/bin/cmake --build /home/shawn/Work/iitb/mrt/ros/mrt_ws/src/qr_stuff/build/qr_stuff -- -j16 -l16
[2.771s] DEBUG:colcon.colcon_core.event_handler.log_command:Invoked command in '/home/shawn/Work/iitb/mrt/ros/mrt_ws/src/qr_stuff/build/qr_stuff' returned '0': CMAKE_PREFIX_PATH=/home/shawn/Work/iitb/mrt/ros/mrt_ws/install/week0_tutorials:/home/shawn/Work/iitb/mrt/ros/mrt_ws/install/sauron:/home/shawn/Work/iitb/mrt/ros/mrt_ws/install/qr_serve:/opt/ros/humble /usr/bin/cmake --build /home/shawn/Work/iitb/mrt/ros/mrt_ws/src/qr_stuff/build/qr_stuff -- -j16 -l16
[2.860s] DEBUG:colcon.colcon_core.event_handler.log_command:Invoking command in '/home/shawn/Work/iitb/mrt/ros/mrt_ws/src/qr_stuff/build/qr_stuff': CMAKE_PREFIX_PATH=/home/shawn/Work/iitb/mrt/ros/mrt_ws/install/week0_tutorials:/home/shawn/Work/iitb/mrt/ros/mrt_ws/install/sauron:/home/shawn/Work/iitb/mrt/ros/mrt_ws/install/qr_serve:/opt/ros/humble /usr/bin/cmake --install /home/shawn/Work/iitb/mrt/ros/mrt_ws/src/qr_stuff/build/qr_stuff
[2.913s] Level 1:colcon.colcon_core.environment:create_environment_scripts_only(qr_stuff)
[2.913s] DEBUG:colcon.colcon_core.event_handler.log_command:Invoked command in '/home/shawn/Work/iitb/mrt/ros/mrt_ws/src/qr_stuff/build/qr_stuff' returned '0': CMAKE_PREFIX_PATH=/home/shawn/Work/iitb/mrt/ros/mrt_ws/install/week0_tutorials:/home/shawn/Work/iitb/mrt/ros/mrt_ws/install/sauron:/home/shawn/Work/iitb/mrt/ros/mrt_ws/install/qr_serve:/opt/ros/humble /usr/bin/cmake --install /home/shawn/Work/iitb/mrt/ros/mrt_ws/src/qr_stuff/build/qr_stuff
[2.916s] Level 1:colcon.colcon_core.environment:checking '/home/shawn/Work/iitb/mrt/ros/mrt_ws/src/qr_stuff/install/qr_stuff' for CMake module files
[2.916s] Level 1:colcon.colcon_core.environment:checking '/home/shawn/Work/iitb/mrt/ros/mrt_ws/src/qr_stuff/install/qr_stuff' for CMake config files
[2.917s] Level 1:colcon.colcon_core.shell:create_environment_hook('qr_stuff', 'cmake_prefix_path')
[2.917s] INFO:colcon.colcon_core.shell:Creating environment hook '/home/shawn/Work/iitb/mrt/ros/mrt_ws/src/qr_stuff/install/qr_stuff/share/qr_stuff/hook/cmake_prefix_path.ps1'
[2.918s] INFO:colcon.colcon_core.shell:Creating environment descriptor '/home/shawn/Work/iitb/mrt/ros/mrt_ws/src/qr_stuff/install/qr_stuff/share/qr_stuff/hook/cmake_prefix_path.dsv'
[2.919s] INFO:colcon.colcon_core.shell:Creating environment hook '/home/shawn/Work/iitb/mrt/ros/mrt_ws/src/qr_stuff/install/qr_stuff/share/qr_stuff/hook/cmake_prefix_path.sh'
[2.920s] Level 1:colcon.colcon_core.environment:checking '/home/shawn/Work/iitb/mrt/ros/mrt_ws/src/qr_stuff/install/qr_stuff/lib'
[2.920s] Level 1:colcon.colcon_core.shell:create_environment_hook('qr_stuff', 'ld_library_path_lib')
[2.920s] INFO:colcon.colcon_core.shell:Creating environment hook '/home/shawn/Work/iitb/mrt/ros/mrt_ws/src/qr_stuff/install/qr_stuff/share/qr_stuff/hook/ld_library_path_lib.ps1'
[2.921s] INFO:colcon.colcon_core.shell:Creating environment descriptor '/home/shawn/Work/iitb/mrt/ros/mrt_ws/src/qr_stuff/install/qr_stuff/share/qr_stuff/hook/ld_library_path_lib.dsv'
[2.921s] INFO:colcon.colcon_core.shell:Creating environment hook '/home/shawn/Work/iitb/mrt/ros/mrt_ws/src/qr_stuff/install/qr_stuff/share/qr_stuff/hook/ld_library_path_lib.sh'
[2.922s] Level 1:colcon.colcon_core.environment:checking '/home/shawn/Work/iitb/mrt/ros/mrt_ws/src/qr_stuff/install/qr_stuff/bin'
[2.922s] Level 1:colcon.colcon_core.environment:checking '/home/shawn/Work/iitb/mrt/ros/mrt_ws/src/qr_stuff/install/qr_stuff/lib/pkgconfig/qr_stuff.pc'
[2.922s] Level 1:colcon.colcon_core.environment:checking '/home/shawn/Work/iitb/mrt/ros/mrt_ws/src/qr_stuff/install/qr_stuff/lib/python3.10/site-packages'
[2.922s] Level 1:colcon.colcon_core.environment:checking '/home/shawn/Work/iitb/mrt/ros/mrt_ws/src/qr_stuff/install/qr_stuff/bin'
[2.923s] INFO:colcon.colcon_core.shell:Creating package script '/home/shawn/Work/iitb/mrt/ros/mrt_ws/src/qr_stuff/install/qr_stuff/share/qr_stuff/package.ps1'
[2.924s] INFO:colcon.colcon_core.shell:Creating package descriptor '/home/shawn/Work/iitb/mrt/ros/mrt_ws/src/qr_stuff/install/qr_stuff/share/qr_stuff/package.dsv'
[2.926s] INFO:colcon.colcon_core.shell:Creating package script '/home/shawn/Work/iitb/mrt/ros/mrt_ws/src/qr_stuff/install/qr_stuff/share/qr_stuff/package.sh'
[2.927s] INFO:colcon.colcon_core.shell:Creating package script '/home/shawn/Work/iitb/mrt/ros/mrt_ws/src/qr_stuff/install/qr_stuff/share/qr_stuff/package.bash'
[2.927s] INFO:colcon.colcon_core.shell:Creating package script '/home/shawn/Work/iitb/mrt/ros/mrt_ws/src/qr_stuff/install/qr_stuff/share/qr_stuff/package.zsh'
[2.928s] Level 1:colcon.colcon_core.environment:create_file_with_runtime_dependencies(/home/shawn/Work/iitb/mrt/ros/mrt_ws/src/qr_stuff/install/qr_stuff/share/colcon-core/packages/qr_stuff)
[3.005s] Level 1:colcon.colcon_core.environment:create_environment_scripts_only(qr_stuff)
[3.005s] Level 1:colcon.colcon_core.environment:checking '/home/shawn/Work/iitb/mrt/ros/mrt_ws/src/qr_stuff/install/qr_stuff' for CMake module files
[3.005s] Level 1:colcon.colcon_core.environment:checking '/home/shawn/Work/iitb/mrt/ros/mrt_ws/src/qr_stuff/install/qr_stuff' for CMake config files
[3.006s] Level 1:colcon.colcon_core.shell:create_environment_hook('qr_stuff', 'cmake_prefix_path')
[3.006s] INFO:colcon.colcon_core.shell:Creating environment hook '/home/shawn/Work/iitb/mrt/ros/mrt_ws/src/qr_stuff/install/qr_stuff/share/qr_stuff/hook/cmake_prefix_path.ps1'
[3.006s] INFO:colcon.colcon_core.shell:Creating environment descriptor '/home/shawn/Work/iitb/mrt/ros/mrt_ws/src/qr_stuff/install/qr_stuff/share/qr_stuff/hook/cmake_prefix_path.dsv'
[3.007s] INFO:colcon.colcon_core.shell:Creating environment hook '/home/shawn/Work/iitb/mrt/ros/mrt_ws/src/qr_stuff/install/qr_stuff/share/qr_stuff/hook/cmake_prefix_path.sh'
[3.007s] Level 1:colcon.colcon_core.environment:checking '/home/shawn/Work/iitb/mrt/ros/mrt_ws/src/qr_stuff/install/qr_stuff/lib'
[3.007s] Level 1:colcon.colcon_core.shell:create_environment_hook('qr_stuff', 'ld_library_path_lib')
[3.007s] INFO:colcon.colcon_core.shell:Creating environment hook '/home/shawn/Work/iitb/mrt/ros/mrt_ws/src/qr_stuff/install/qr_stuff/share/qr_stuff/hook/ld_library_path_lib.ps1'
[3.008s] INFO:colcon.colcon_core.shell:Creating environment descriptor '/home/shawn/Work/iitb/mrt/ros/mrt_ws/src/qr_stuff/install/qr_stuff/share/qr_stuff/hook/ld_library_path_lib.dsv'
[3.008s] INFO:colcon.colcon_core.shell:Creating environment hook '/home/shawn/Work/iitb/mrt/ros/mrt_ws/src/qr_stuff/install/qr_stuff/share/qr_stuff/hook/ld_library_path_lib.sh'
[3.008s] Level 1:colcon.colcon_core.environment:checking '/home/shawn/Work/iitb/mrt/ros/mrt_ws/src/qr_stuff/install/qr_stuff/bin'
[3.008s] Level 1:colcon.colcon_core.environment:checking '/home/shawn/Work/iitb/mrt/ros/mrt_ws/src/qr_stuff/install/qr_stuff/lib/pkgconfig/qr_stuff.pc'
[3.008s] Level 1:colcon.colcon_core.environment:checking '/home/shawn/Work/iitb/mrt/ros/mrt_ws/src/qr_stuff/install/qr_stuff/lib/python3.10/site-packages'
[3.008s] Level 1:colcon.colcon_core.environment:checking '/home/shawn/Work/iitb/mrt/ros/mrt_ws/src/qr_stuff/install/qr_stuff/bin'
[3.008s] INFO:colcon.colcon_core.shell:Creating package script '/home/shawn/Work/iitb/mrt/ros/mrt_ws/src/qr_stuff/install/qr_stuff/share/qr_stuff/package.ps1'
[3.009s] INFO:colcon.colcon_core.shell:Creating package descriptor '/home/shawn/Work/iitb/mrt/ros/mrt_ws/src/qr_stuff/install/qr_stuff/share/qr_stuff/package.dsv'
[3.009s] INFO:colcon.colcon_core.shell:Creating package script '/home/shawn/Work/iitb/mrt/ros/mrt_ws/src/qr_stuff/install/qr_stuff/share/qr_stuff/package.sh'
[3.010s] INFO:colcon.colcon_core.shell:Creating package script '/home/shawn/Work/iitb/mrt/ros/mrt_ws/src/qr_stuff/install/qr_stuff/share/qr_stuff/package.bash'
[3.010s] INFO:colcon.colcon_core.shell:Creating package script '/home/shawn/Work/iitb/mrt/ros/mrt_ws/src/qr_stuff/install/qr_stuff/share/qr_stuff/package.zsh'
[3.010s] Level 1:colcon.colcon_core.environment:create_file_with_runtime_dependencies(/home/shawn/Work/iitb/mrt/ros/mrt_ws/src/qr_stuff/install/qr_stuff/share/colcon-core/packages/qr_stuff)
[3.010s] DEBUG:colcon.colcon_parallel_executor.executor.parallel:closing loop
[3.010s] DEBUG:colcon.colcon_parallel_executor.executor.parallel:loop closed
[3.010s] DEBUG:colcon.colcon_parallel_executor.executor.parallel:run_until_complete finished with '0'
[3.010s] DEBUG:colcon.colcon_core.event_reactor:joining thread
[3.014s] INFO:colcon.colcon_core.plugin_system:Skipping extension 'colcon_notification.desktop_notification.terminal_notifier': Not used on non-Darwin systems
[3.014s] INFO:colcon.colcon_core.plugin_system:Skipping extension 'colcon_notification.desktop_notification.win32': Not used on non-Windows systems
[3.014s] INFO:colcon.colcon_notification.desktop_notification:Sending desktop notification using 'notify2'
[3.022s] DEBUG:colcon.colcon_core.event_reactor:joined thread
[3.023s] INFO:colcon.colcon_core.shell:Creating prefix script '/home/shawn/Work/iitb/mrt/ros/mrt_ws/src/qr_stuff/install/local_setup.ps1'
[3.023s] INFO:colcon.colcon_core.shell:Creating prefix util module '/home/shawn/Work/iitb/mrt/ros/mrt_ws/src/qr_stuff/install/_local_setup_util_ps1.py'
[3.024s] INFO:colcon.colcon_core.shell:Creating prefix chain script '/home/shawn/Work/iitb/mrt/ros/mrt_ws/src/qr_stuff/install/setup.ps1'
[3.025s] INFO:colcon.colcon_core.shell:Creating prefix script '/home/shawn/Work/iitb/mrt/ros/mrt_ws/src/qr_stuff/install/local_setup.sh'
[3.025s] INFO:colcon.colcon_core.shell:Creating prefix util module '/home/shawn/Work/iitb/mrt/ros/mrt_ws/src/qr_stuff/install/_local_setup_util_sh.py'
[3.026s] INFO:colcon.colcon_core.shell:Creating prefix chain script '/home/shawn/Work/iitb/mrt/ros/mrt_ws/src/qr_stuff/install/setup.sh'
[3.026s] INFO:colcon.colcon_core.shell:Creating prefix script '/home/shawn/Work/iitb/mrt/ros/mrt_ws/src/qr_stuff/install/local_setup.bash'
[3.027s] INFO:colcon.colcon_core.shell:Creating prefix chain script '/home/shawn/Work/iitb/mrt/ros/mrt_ws/src/qr_stuff/install/setup.bash'
[3.027s] INFO:colcon.colcon_core.shell:Creating prefix script '/home/shawn/Work/iitb/mrt/ros/mrt_ws/src/qr_stuff/install/local_setup.zsh'
[3.027s] INFO:colcon.colcon_core.shell:Creating prefix chain script '/home/shawn/Work/iitb/mrt/ros/mrt_ws/src/qr_stuff/install/setup.zsh'
