[0.071s] DEBUG:colcon:Command line arguments: ['/usr/bin/colcon', 'build']
[0.071s] DEBUG:colcon:Parsed command line arguments: Namespace(log_base=None, log_level=None, verb_name='build', build_base='build', install_base='install', merge_install=False, symlink_install=False, test_result_base=None, continue_on_error=False, executor='parallel', parallel_workers=16, event_handlers=None, ignore_user_meta=False, metas=['./colcon.meta'], base_paths=['.'], packages_ignore=None, packages_ignore_regex=None, paths=None, packages_up_to=None, packages_up_to_regex=None, packages_above=None, packages_above_and_dependencies=None, packages_above_depth=None, packages_select_by_dep=None, packages_skip_by_dep=None, packages_skip_up_to=None, packages_select_build_failed=False, packages_skip_build_finished=False, packages_select_test_failures=False, packages_skip_test_passed=False, packages_select=None, packages_skip=None, packages_select_regex=None, packages_skip_regex=None, packages_start=None, packages_end=None, allow_overriding=[], cmake_args=None, cmake_target=None, cmake_target_skip_unavailable=False, cmake_clean_cache=False, cmake_clean_first=False, cmake_force_configure=False, ament_cmake_args=None, catkin_cmake_args=None, catkin_skip_building_tests=False, mixin_files=None, mixin=None, verb_parser=<colcon_mixin.mixin.mixin_argument.MixinArgumentDecorator object at 0x7d0114c4e860>, verb_extension=<colcon_core.verb.build.BuildVerb object at 0x7d0114c4e170>, main=<bound method BuildVerb.main of <colcon_core.verb.build.BuildVerb object at 0x7d0114c4e170>>, mixin_verb=('build',))
[0.184s] Level 1:colcon.colcon_core.package_discovery:discover_packages(colcon_meta) check parameters
[0.184s] Level 1:colcon.colcon_core.package_discovery:discover_packages(recursive) check parameters
[0.184s] Level 1:colcon.colcon_core.package_discovery:discover_packages(ignore) check parameters
[0.184s] Level 1:colcon.colcon_core.package_discovery:discover_packages(path) check parameters
[0.184s] Level 1:colcon.colcon_core.package_discovery:discover_packages(colcon_meta) discover
[0.184s] Level 1:colcon.colcon_core.package_discovery:discover_packages(recursive) discover
[0.184s] INFO:colcon.colcon_core.package_discovery:Crawling recursively for packages in '/home/shawn/Work/iitb/mrt/ros/mrt_ws/src/qr_stuff'
[0.184s] Level 1:colcon.colcon_core.package_identification:_identify(.) by extensions ['ignore', 'ignore_ament_install']
[0.184s] Level 1:colcon.colcon_core.package_identification:_identify(.) by extension 'ignore'
[0.184s] Level 1:colcon.colcon_core.package_identification:_identify(.) by extension 'ignore_ament_install'
[0.184s] Level 1:colcon.colcon_core.package_identification:_identify(.) by extensions ['colcon_pkg']
[0.184s] Level 1:colcon.colcon_core.package_identification:_identify(.) by extension 'colcon_pkg'
[0.184s] Level 1:colcon.colcon_core.package_identification:_identify(.) by extensions ['colcon_meta']
[0.184s] Level 1:colcon.colcon_core.package_identification:_identify(.) by extension 'colcon_meta'
[0.184s] Level 1:colcon.colcon_core.package_identification:_identify(.) by extensions ['ros']
[0.184s] Level 1:colcon.colcon_core.package_identification:_identify(.) by extension 'ros'
[0.197s] DEBUG:colcon.colcon_core.package_identification:Package '.' with type 'ros.ament_cmake' and name 'qr_stuff'
[0.197s] Level 1:colcon.colcon_core.package_discovery:discover_packages(recursive) using defaults
[0.198s] Level 1:colcon.colcon_core.package_discovery:discover_packages(ignore) discover
[0.198s] Level 1:colcon.colcon_core.package_discovery:discover_packages(ignore) using defaults
[0.198s] Level 1:colcon.colcon_core.package_discovery:discover_packages(path) discover
[0.198s] Level 1:colcon.colcon_core.package_discovery:discover_packages(path) using defaults
[0.210s] Level 1:colcon.colcon_core.package_discovery:discover_packages(prefix_path) check parameters
[0.210s] Level 1:colcon.colcon_core.package_discovery:discover_packages(prefix_path) discover
[0.211s] DEBUG:colcon.colcon_installed_package_information.package_discovery:Found 3 installed packages in /home/shawn/Work/iitb/mrt/ros/mrt_ws/install
[0.212s] DEBUG:colcon.colcon_installed_package_information.package_discovery:Found 293 installed packages in /opt/ros/humble
[0.213s] Level 1:colcon.colcon_core.package_discovery:discover_packages(prefix_path) using defaults
[0.236s] Level 5:colcon.colcon_core.verb:set package 'qr_stuff' build argument 'cmake_args' from command line to 'None'
[0.236s] Level 5:colcon.colcon_core.verb:set package 'qr_stuff' build argument 'cmake_target' from command line to 'None'
[0.236s] Level 5:colcon.colcon_core.verb:set package 'qr_stuff' build argument 'cmake_target_skip_unavailable' from command line to 'False'
[0.236s] Level 5:colcon.colcon_core.verb:set package 'qr_stuff' build argument 'cmake_clean_cache' from command line to 'False'
[0.236s] Level 5:colcon.colcon_core.verb:set package 'qr_stuff' build argument 'cmake_clean_first' from command line to 'False'
[0.236s] Level 5:colcon.colcon_core.verb:set package 'qr_stuff' build argument 'cmake_force_configure' from command line to 'False'
[0.236s] Level 5:colcon.colcon_core.verb:set package 'qr_stuff' build argument 'ament_cmake_args' from command line to 'None'
[0.236s] Level 5:colcon.colcon_core.verb:set package 'qr_stuff' build argument 'catkin_cmake_args' from command line to 'None'
[0.236s] Level 5:colcon.colcon_core.verb:set package 'qr_stuff' build argument 'catkin_skip_building_tests' from command line to 'False'
[0.236s] DEBUG:colcon.colcon_core.verb:Building package 'qr_stuff' with the following arguments: {'ament_cmake_args': None, 'build_base': '/home/shawn/Work/iitb/mrt/ros/mrt_ws/src/qr_stuff/build/qr_stuff', 'catkin_cmake_args': None, 'catkin_skip_building_tests': False, 'cmake_args': None, 'cmake_clean_cache': False, 'cmake_clean_first': False, 'cmake_force_configure': False, 'cmake_target': None, 'cmake_target_skip_unavailable': False, 'install_base': '/home/shawn/Work/iitb/mrt/ros/mrt_ws/src/qr_stuff/install/qr_stuff', 'merge_install': False, 'path': '/home/shawn/Work/iitb/mrt/ros/mrt_ws/src/qr_stuff', 'symlink_install': False, 'test_result_base': None}
[0.236s] INFO:colcon.colcon_core.executor:Executing jobs using 'parallel' executor
[0.237s] DEBUG:colcon.colcon_parallel_executor.executor.parallel:run_until_complete
[0.237s] INFO:colcon.colcon_ros.task.ament_cmake.build:Building ROS package in '/home/shawn/Work/iitb/mrt/ros/mrt_ws/src/qr_stuff' with build type 'ament_cmake'
[0.237s] INFO:colcon.colcon_cmake.task.cmake.build:Building CMake package in '/home/shawn/Work/iitb/mrt/ros/mrt_ws/src/qr_stuff'
[0.238s] INFO:colcon.colcon_core.plugin_system:Skipping extension 'colcon_core.shell.bat': Not used on non-Windows systems
[0.238s] INFO:colcon.colcon_core.shell:Skip shell extension 'powershell' for command environment: Not usable outside of PowerShell
[0.238s] DEBUG:colcon.colcon_core.shell:Skip shell extension 'dsv' for command environment
[0.246s] DEBUG:colcon.colcon_core.event_handler.log_command:Invoking command in '/home/shawn/Work/iitb/mrt/ros/mrt_ws/src/qr_stuff/build/qr_stuff': CMAKE_PREFIX_PATH=/home/shawn/Work/iitb/mrt/ros/mrt_ws/install/week0_tutorials:/home/shawn/Work/iitb/mrt/ros/mrt_ws/install/sauron:/home/shawn/Work/iitb/mrt/ros/mrt_ws/install/qr_serve:/opt/ros/humble /usr/bin/cmake /home/shawn/Work/iitb/mrt/ros/mrt_ws/src/qr_stuff -DCMAKE_INSTALL_PREFIX=/home/shawn/Work/iitb/mrt/ros/mrt_ws/src/qr_stuff/install/qr_stuff
[1.018s] DEBUG:colcon.colcon_core.event_handler.log_command:Invoked command in '/home/shawn/Work/iitb/mrt/ros/mrt_ws/src/qr_stuff/build/qr_stuff' returned '1': CMAKE_PREFIX_PATH=/home/shawn/Work/iitb/mrt/ros/mrt_ws/install/week0_tutorials:/home/shawn/Work/iitb/mrt/ros/mrt_ws/install/sauron:/home/shawn/Work/iitb/mrt/ros/mrt_ws/install/qr_serve:/opt/ros/humble /usr/bin/cmake /home/shawn/Work/iitb/mrt/ros/mrt_ws/src/qr_stuff -DCMAKE_INSTALL_PREFIX=/home/shawn/Work/iitb/mrt/ros/mrt_ws/src/qr_stuff/install/qr_stuff
[1.028s] Level 1:colcon.colcon_core.environment:create_environment_scripts_only(qr_stuff)
[1.029s] Level 1:colcon.colcon_core.environment:checking '/home/shawn/Work/iitb/mrt/ros/mrt_ws/src/qr_stuff/install/qr_stuff' for CMake module files
[1.029s] Level 1:colcon.colcon_core.environment:checking '/home/shawn/Work/iitb/mrt/ros/mrt_ws/src/qr_stuff/install/qr_stuff' for CMake config files
[1.029s] Level 1:colcon.colcon_core.environment:checking '/home/shawn/Work/iitb/mrt/ros/mrt_ws/src/qr_stuff/install/qr_stuff/bin'
[1.029s] Level 1:colcon.colcon_core.environment:checking '/home/shawn/Work/iitb/mrt/ros/mrt_ws/src/qr_stuff/install/qr_stuff/lib/pkgconfig/qr_stuff.pc'
[1.029s] Level 1:colcon.colcon_core.environment:checking '/home/shawn/Work/iitb/mrt/ros/mrt_ws/src/qr_stuff/install/qr_stuff/lib/python3.10/site-packages'
[1.030s] Level 1:colcon.colcon_core.environment:checking '/home/shawn/Work/iitb/mrt/ros/mrt_ws/src/qr_stuff/install/qr_stuff/bin'
[1.030s] INFO:colcon.colcon_core.shell:Creating package script '/home/shawn/Work/iitb/mrt/ros/mrt_ws/src/qr_stuff/install/qr_stuff/share/qr_stuff/package.ps1'
[1.030s] INFO:colcon.colcon_core.shell:Creating package descriptor '/home/shawn/Work/iitb/mrt/ros/mrt_ws/src/qr_stuff/install/qr_stuff/share/qr_stuff/package.dsv'
[1.030s] INFO:colcon.colcon_core.shell:Creating package script '/home/shawn/Work/iitb/mrt/ros/mrt_ws/src/qr_stuff/install/qr_stuff/share/qr_stuff/package.sh'
[1.031s] INFO:colcon.colcon_core.shell:Creating package script '/home/shawn/Work/iitb/mrt/ros/mrt_ws/src/qr_stuff/install/qr_stuff/share/qr_stuff/package.bash'
[1.031s] INFO:colcon.colcon_core.shell:Creating package script '/home/shawn/Work/iitb/mrt/ros/mrt_ws/src/qr_stuff/install/qr_stuff/share/qr_stuff/package.zsh'
[1.032s] Level 1:colcon.colcon_core.environment:create_file_with_runtime_dependencies(/home/shawn/Work/iitb/mrt/ros/mrt_ws/src/qr_stuff/install/qr_stuff/share/colcon-core/packages/qr_stuff)
[1.042s] DEBUG:colcon.colcon_parallel_executor.executor.parallel:closing loop
[1.042s] DEBUG:colcon.colcon_parallel_executor.executor.parallel:loop closed
[1.042s] DEBUG:colcon.colcon_parallel_executor.executor.parallel:run_until_complete finished with '1'
[1.042s] DEBUG:colcon.colcon_core.event_reactor:joining thread
[1.051s] INFO:colcon.colcon_core.plugin_system:Skipping extension 'colcon_notification.desktop_notification.terminal_notifier': Not used on non-Darwin systems
[1.051s] INFO:colcon.colcon_core.plugin_system:Skipping extension 'colcon_notification.desktop_notification.win32': Not used on non-Windows systems
[1.051s] INFO:colcon.colcon_notification.desktop_notification:Sending desktop notification using 'notify2'
[1.066s] DEBUG:colcon.colcon_core.event_reactor:joined thread
[1.067s] INFO:colcon.colcon_core.shell:Creating prefix script '/home/shawn/Work/iitb/mrt/ros/mrt_ws/src/qr_stuff/install/local_setup.ps1'
[1.068s] INFO:colcon.colcon_core.shell:Creating prefix util module '/home/shawn/Work/iitb/mrt/ros/mrt_ws/src/qr_stuff/install/_local_setup_util_ps1.py'
[1.069s] INFO:colcon.colcon_core.shell:Creating prefix chain script '/home/shawn/Work/iitb/mrt/ros/mrt_ws/src/qr_stuff/install/setup.ps1'
[1.071s] INFO:colcon.colcon_core.shell:Creating prefix script '/home/shawn/Work/iitb/mrt/ros/mrt_ws/src/qr_stuff/install/local_setup.sh'
[1.071s] INFO:colcon.colcon_core.shell:Creating prefix util module '/home/shawn/Work/iitb/mrt/ros/mrt_ws/src/qr_stuff/install/_local_setup_util_sh.py'
[1.071s] INFO:colcon.colcon_core.shell:Creating prefix chain script '/home/shawn/Work/iitb/mrt/ros/mrt_ws/src/qr_stuff/install/setup.sh'
[1.073s] INFO:colcon.colcon_core.shell:Creating prefix script '/home/shawn/Work/iitb/mrt/ros/mrt_ws/src/qr_stuff/install/local_setup.bash'
[1.073s] INFO:colcon.colcon_core.shell:Creating prefix chain script '/home/shawn/Work/iitb/mrt/ros/mrt_ws/src/qr_stuff/install/setup.bash'
[1.074s] INFO:colcon.colcon_core.shell:Creating prefix script '/home/shawn/Work/iitb/mrt/ros/mrt_ws/src/qr_stuff/install/local_setup.zsh'
[1.075s] INFO:colcon.colcon_core.shell:Creating prefix chain script '/home/shawn/Work/iitb/mrt/ros/mrt_ws/src/qr_stuff/install/setup.zsh'
