[0.514s] Invoking command in '/home/shawn/Work/iitb/mrt/ros/mrt_ws/src/sauron': PYTHONPATH=/home/shawn/Work/iitb/mrt/ros/mrt_ws/build/sauron/prefix_override:/usr/lib/python3/dist-packages/colcon_core/task/python/colcon_distutils_commands:/home/shawn/Work/iitb/mrt/ros/mrt_ws/install/sauron/lib/python3.10/site-packages:${PYTHONPATH} /usr/bin/python3 -W ignore:setup.py install is deprecated setup.py egg_info --egg-base ../../build/sauron build --build-base /home/shawn/Work/iitb/mrt/ros/mrt_ws/build/sauron/build install --record /home/shawn/Work/iitb/mrt/ros/mrt_ws/build/sauron/install.log --single-version-externally-managed install_data
[0.650s] running egg_info
[0.650s] writing ../../build/sauron/sauron.egg-info/PKG-INFO
[0.650s] writing dependency_links to ../../build/sauron/sauron.egg-info/dependency_links.txt
[0.651s] writing entry points to ../../build/sauron/sauron.egg-info/entry_points.txt
[0.651s] writing requirements to ../../build/sauron/sauron.egg-info/requires.txt
[0.651s] writing top-level names to ../../build/sauron/sauron.egg-info/top_level.txt
[0.652s] reading manifest file '../../build/sauron/sauron.egg-info/SOURCES.txt'
[0.652s] writing manifest file '../../build/sauron/sauron.egg-info/SOURCES.txt'
[0.652s] running build
[0.652s] running build_py
[0.653s] copying sauron/listener.py -> /home/shawn/Work/iitb/mrt/ros/mrt_ws/build/sauron/build/lib/sauron
[0.653s] running install
[0.653s] running install_lib
[0.653s] copying /home/shawn/Work/iitb/mrt/ros/mrt_ws/build/sauron/build/lib/sauron/listener.py -> /home/shawn/Work/iitb/mrt/ros/mrt_ws/install/sauron/lib/python3.10/site-packages/sauron
[0.654s] byte-compiling /home/shawn/Work/iitb/mrt/ros/mrt_ws/install/sauron/lib/python3.10/site-packages/sauron/listener.py to listener.cpython-310.pyc
[0.654s] running install_data
[0.654s] creating /home/shawn/Work/iitb/mrt/ros/mrt_ws/install/sauron/share/sauron/launch
[0.654s] copying launch/gandalf.launch.py -> /home/shawn/Work/iitb/mrt/ros/mrt_ws/install/sauron/share/sauron/launch
[0.654s] running install_egg_info
[0.655s] removing '/home/shawn/Work/iitb/mrt/ros/mrt_ws/install/sauron/lib/python3.10/site-packages/sauron-0.0.0-py3.10.egg-info' (and everything under it)
[0.656s] Copying ../../build/sauron/sauron.egg-info to /home/shawn/Work/iitb/mrt/ros/mrt_ws/install/sauron/lib/python3.10/site-packages/sauron-0.0.0-py3.10.egg-info
[0.656s] running install_scripts
[0.669s] Installing pub1 script to /home/shawn/Work/iitb/mrt/ros/mrt_ws/install/sauron/lib/sauron
[0.669s] Installing pub2 script to /home/shawn/Work/iitb/mrt/ros/mrt_ws/install/sauron/lib/sauron
[0.669s] Installing sub script to /home/shawn/Work/iitb/mrt/ros/mrt_ws/install/sauron/lib/sauron
[0.669s] writing list of installed files to '/home/shawn/Work/iitb/mrt/ros/mrt_ws/build/sauron/install.log'
[0.684s] Invoked command in '/home/shawn/Work/iitb/mrt/ros/mrt_ws/src/sauron' returned '0': PYTHONPATH=/home/shawn/Work/iitb/mrt/ros/mrt_ws/build/sauron/prefix_override:/usr/lib/python3/dist-packages/colcon_core/task/python/colcon_distutils_commands:/home/shawn/Work/iitb/mrt/ros/mrt_ws/install/sauron/lib/python3.10/site-packages:${PYTHONPATH} /usr/bin/python3 -W ignore:setup.py install is deprecated setup.py egg_info --egg-base ../../build/sauron build --build-base /home/shawn/Work/iitb/mrt/ros/mrt_ws/build/sauron/build install --record /home/shawn/Work/iitb/mrt/ros/mrt_ws/build/sauron/install.log --single-version-externally-managed install_data
